#
# There is insufficient memory for the Java Runtime Environment to continue.
# Native memory allocation (mmap) failed to map 65536 bytes for Failed to commit metaspace.
# Possible reasons:
#   The system is out of physical RAM or swap space
#   The process is running with CompressedOops enabled, and the Java Heap may be blocking the growth of the native heap
# Possible solutions:
#   Reduce memory load on the system
#   Increase physical memory or swap space
#   Check if swap backing store is full
#   Decrease Java heap size (-Xmx/-Xms)
#   Decrease number of Java threads
#   Decrease Java thread stack sizes (-Xss)
#   Set larger code cache with -XX:ReservedCodeCacheSize=
#   JVM is running with Unscaled Compressed Oops mode in which the Java heap is
#     placed in the first 4GB address space. The Java Heap base address is the
#     maximum limit for the native heap growth. Please use -XX:HeapBaseMinAddress
#     to set the Java Heap base and to place the Java Heap above 4GB virtual address.
# This output file may be truncated or incomplete.
#
#  Out of Memory Error (virtualSpaceNode.cpp:112), pid=12404, tid=41464
#
# JRE version: Java(TM) SE Runtime Environment (21.0.5+9) (build 21.0.5+9-LTS-239)
# Java VM: Java HotSpot(TM) 64-Bit Server VM (21.0.5+9-LTS-239, mixed mode, tiered, compressed oops, compressed class ptrs, g1 gc, windows-amd64)
# No core dump will be written. Minidumps are not enabled by default on client versions of Windows
#

---------------  S U M M A R Y ------------

Command Line: -Dclassworlds.conf=C:\Program Files\Apache\Maven\apache-maven-3.9.9-bin\apache-maven-3.9.9\bin\m2.conf -Dmaven.home=C:\Program Files\Apache\Maven\apache-maven-3.9.9-bin\apache-maven-3.9.9 -Dlibrary.jansi.path=C:\Program Files\Apache\Maven\apache-maven-3.9.9-bin\apache-maven-3.9.9\lib\jansi-native -Dmaven.multiModuleProjectDirectory=C:\Users\user\Downloads\deleteplz-master\deleteplz-master\Log org.codehaus.plexus.classworlds.launcher.Launcher clean

Host: Intel(R) Core(TM) i5-8265U CPU @ 1.60GHz, 8 cores, 3G,  Windows 11 , 64 bit Build 22000 (10.0.22000.2538)
Time: Mon Mar  3 14:22:35 2025  Windows 11 , 64 bit Build 22000 (10.0.22000.2538) elapsed time: 0.294558 seconds (0d 0h 0m 0s)

---------------  T H R E A D  ---------------

Current thread (0x000002064ae9e200):  JavaThread "main"             [_thread_in_vm, id=41464, stack(0x000000bb13f00000,0x000000bb14000000) (1024K)]

Stack: [0x000000bb13f00000,0x000000bb14000000]
Native frames: (J=compiled Java code, j=interpreted, Vv=VM code, C=native code)
V  [jvm.dll+0x6ca289]
V  [jvm.dll+0x854a51]
V  [jvm.dll+0x856f7e]
V  [jvm.dll+0x857653]
V  [jvm.dll+0x27dd26]
V  [jvm.dll+0x85066e]
V  [jvm.dll+0x66dfd5]
V  [jvm.dll+0x1e3efc]
V  [jvm.dll+0x1e3cce]
V  [jvm.dll+0x670903]
V  [jvm.dll+0x670722]
V  [jvm.dll+0x66e9ae]
V  [jvm.dll+0x2694a6]
V  [jvm.dll+0x215687]
V  [jvm.dll+0x20afde]
V  [jvm.dll+0x5aceac]
V  [jvm.dll+0x7cee4d]
V  [jvm.dll+0x470f82]
V  [jvm.dll+0x484316]
C  [java.dll+0x1657]

Java frames: (J=compiled Java code, j=interpreted, Vv=VM code)
j  java.lang.ClassLoader.defineClass0(Ljava/lang/ClassLoader;Ljava/lang/Class;Ljava/lang/String;[BIILjava/security/ProtectionDomain;ZILjava/lang/Object;)Ljava/lang/Class;+0 java.base@21.0.5
j  java.lang.System$2.defineClass(Ljava/lang/ClassLoader;Ljava/lang/Class;Ljava/lang/String;[BLjava/security/ProtectionDomain;ZILjava/lang/Object;)Ljava/lang/Class;+17 java.base@21.0.5
j  java.lang.invoke.MethodHandles$Lookup$ClassDefiner.defineClass(ZLjava/lang/Object;)Ljava/lang/Class;+57 java.base@21.0.5
j  java.lang.invoke.InvokerBytecodeGenerator.loadMethod([B)Ljava/lang/invoke/MemberName;+22 java.base@21.0.5
j  java.lang.invoke.InvokerBytecodeGenerator.generateCustomizedCode(Ljava/lang/invoke/LambdaForm;Ljava/lang/invoke/MethodType;)Ljava/lang/invoke/MemberName;+30 java.base@21.0.5
j  java.lang.invoke.LambdaForm.compileToBytecode()V+69 java.base@21.0.5
j  java.lang.invoke.DirectMethodHandle.makePreparedLambdaForm(Ljava/lang/invoke/MethodType;I)Ljava/lang/invoke/LambdaForm;+750 java.base@21.0.5
j  java.lang.invoke.DirectMethodHandle.preparedLambdaForm(Ljava/lang/invoke/MethodType;I)Ljava/lang/invoke/LambdaForm;+17 java.base@21.0.5
j  java.lang.invoke.DirectMethodHandle.preparedLambdaForm(Ljava/lang/invoke/MemberName;Z)Ljava/lang/invoke/LambdaForm;+159 java.base@21.0.5
j  java.lang.invoke.DirectMethodHandle.preparedLambdaForm(Ljava/lang/invoke/MemberName;)Ljava/lang/invoke/LambdaForm;+2 java.base@21.0.5
j  java.lang.invoke.DirectMethodHandle.make(BLjava/lang/Class;Ljava/lang/invoke/MemberName;Ljava/lang/Class;)Ljava/lang/invoke/DirectMethodHandle;+163 java.base@21.0.5
j  java.lang.invoke.MethodHandles$Lookup.getDirectMethodCommon(BLjava/lang/Class;Ljava/lang/invoke/MemberName;ZZLjava/lang/invoke/MethodHandles$Lookup;)Ljava/lang/invoke/MethodHandle;+220 java.base@21.0.5
j  java.lang.invoke.MethodHandles$Lookup.getDirectMethodNoSecurityManager(BLjava/lang/Class;Ljava/lang/invoke/MemberName;Ljava/lang/invoke/MethodHandles$Lookup;)Ljava/lang/invoke/MethodHandle;+14 java.base@21.0.5
j  java.lang.invoke.MethodHandles$Lookup.getDirectMethodForConstant(BLjava/lang/Class;Ljava/lang/invoke/MemberName;)Ljava/lang/invoke/MethodHandle;+31 java.base@21.0.5
j  java.lang.invoke.MethodHandles$Lookup.linkMethodHandleConstant(BLjava/lang/Class;Ljava/lang/String;Ljava/lang/Object;)Ljava/lang/invoke/MethodHandle;+153 java.base@21.0.5
j  java.lang.invoke.MethodHandleNatives.linkMethodHandleConstant(Ljava/lang/Class;ILjava/lang/Class;Ljava/lang/String;Ljava/lang/Object;)Ljava/lang/invoke/MethodHandle;+38 java.base@21.0.5
v  ~StubRoutines::call_stub 0x000002065c96100d
j  org.codehaus.plexus.classworlds.launcher.ConfigurationParser.loadGlob(Ljava/lang/String;Z)V+83
j  org.codehaus.plexus.classworlds.launcher.ConfigurationParser.parse(Ljava/io/InputStream;)V+800
j  org.codehaus.plexus.classworlds.launcher.Configurator.configure(Ljava/io/InputStream;)V+60
j  org.codehaus.plexus.classworlds.launcher.Launcher.configure(Ljava/io/InputStream;)V+11
j  org.codehaus.plexus.classworlds.launcher.Launcher.mainWithExitCode([Ljava/lang/String;)I+99
j  org.codehaus.plexus.classworlds.launcher.Launcher.main([Ljava/lang/String;)V+1
v  ~StubRoutines::call_stub 0x000002065c96100d

---------------  P R O C E S S  ---------------

Threads class SMR info:
_java_thread_list=0x0000020600472b90, length=11, elements={
0x000002064ae9e200, 0x00000206002e1110, 0x00000206001c3810, 0x00000206001dd880,
0x00000206001de2d0, 0x00000206002c8050, 0x00000206002cb9f0, 0x00000206002d38a0,
0x00000206002d46e0, 0x000002060046da00, 0x0000020600477660
}

Java Threads: ( => current thread )
=>0x000002064ae9e200 JavaThread "main"                              [_thread_in_vm, id=41464, stack(0x000000bb13f00000,0x000000bb14000000) (1024K)]
  0x00000206002e1110 JavaThread "Reference Handler"          daemon [_thread_blocked, id=18176, stack(0x000000bb14700000,0x000000bb14800000) (1024K)]
  0x00000206001c3810 JavaThread "Finalizer"                  daemon [_thread_blocked, id=34280, stack(0x000000bb14800000,0x000000bb14900000) (1024K)]
  0x00000206001dd880 JavaThread "Signal Dispatcher"          daemon [_thread_blocked, id=4804, stack(0x000000bb14900000,0x000000bb14a00000) (1024K)]
  0x00000206001de2d0 JavaThread "Attach Listener"            daemon [_thread_blocked, id=19540, stack(0x000000bb14a00000,0x000000bb14b00000) (1024K)]
  0x00000206002c8050 JavaThread "Service Thread"             daemon [_thread_blocked, id=35316, stack(0x000000bb14b00000,0x000000bb14c00000) (1024K)]
  0x00000206002cb9f0 JavaThread "Monitor Deflation Thread"   daemon [_thread_blocked, id=1924, stack(0x000000bb14c00000,0x000000bb14d00000) (1024K)]
  0x00000206002d38a0 JavaThread "C2 CompilerThread0"         daemon [_thread_blocked, id=42412, stack(0x000000bb14d00000,0x000000bb14e00000) (1024K)]
  0x00000206002d46e0 JavaThread "C1 CompilerThread0"         daemon [_thread_blocked, id=21084, stack(0x000000bb14e00000,0x000000bb14f00000) (1024K)]
  0x000002060046da00 JavaThread "Notification Thread"        daemon [_thread_blocked, id=4320, stack(0x000000bb14f00000,0x000000bb15000000) (1024K)]
  0x0000020600477660 JavaThread "Common-Cleaner"             daemon [_thread_blocked, id=25748, stack(0x000000bb15000000,0x000000bb15100000) (1024K)]
Total: 11

Other Threads:
  0x000002060012b940 VMThread "VM Thread"                           [id=42288, stack(0x000000bb14600000,0x000000bb14700000) (1024K)]
  0x000002060011cd10 WatcherThread "VM Periodic Task Thread"        [id=4620, stack(0x000000bb14500000,0x000000bb14600000) (1024K)]
  0x000002064cfce140 WorkerThread "GC Thread#0"                     [id=22980, stack(0x000000bb14000000,0x000000bb14100000) (1024K)]
  0x000002064cfd75f0 ConcurrentGCThread "G1 Main Marker"            [id=39964, stack(0x000000bb14100000,0x000000bb14200000) (1024K)]
  0x000002064cfd82a0 WorkerThread "G1 Conc#0"                       [id=24960, stack(0x000000bb14200000,0x000000bb14300000) (1024K)]
  0x000002064d046170 ConcurrentGCThread "G1 Refine#0"               [id=30620, stack(0x000000bb14300000,0x000000bb14400000) (1024K)]
  0x000002064d046ce0 ConcurrentGCThread "G1 Service"                [id=31936, stack(0x000000bb14400000,0x000000bb14500000) (1024K)]
Total: 7

Threads with active compile tasks:
Total: 0

VM state: not at safepoint (normal execution)

VM Mutex/Monitor currently owned by a thread:  ([mutex/lock_event])
[0x00007ffb7eeb9e18] Metaspace_lock - owner thread: 0x000002064ae9e200

Heap address: 0x00000000c1a00000, size: 998 MB, Compressed Oops mode: 32-bit

CDS archive(s) not mapped
Compressed class space mapped at: 0x0000000100000000-0x0000000140000000, reserved size: 1073741824
Narrow klass base: 0x0000000000000000, Narrow klass shift: 3, Narrow klass range: 0x140000000

GC Precious Log:
 CardTable entry size: 512
 Card Set container configuration: InlinePtr #cards 5 size 8 Array Of Cards #cards 12 size 40 Howl #buckets 4 coarsen threshold 1843 Howl Bitmap #cards 512 size 80 coarsen threshold 460 Card regions per heap region 1 cards per card region 2048
 CPUs: 8 total, 8 available
 Memory: 3987M
 Large Page Support: Disabled
 NUMA Support: Disabled
 Compressed Oops: Enabled (32-bit)
 Heap Region Size: 1M
 Heap Min Capacity: 8M
 Heap Initial Capacity: 64M
 Heap Max Capacity: 998M
 Pre-touch: Disabled
 Parallel Workers: 8
 Concurrent Workers: 2
 Concurrent Refinement Workers: 8
 Periodic GC: Disabled

Heap:
 garbage-first heap   total 65536K, used 2048K [0x00000000c1a00000, 0x0000000100000000)
  region size 1024K, 3 young (3072K), 0 survivors (0K)
 Metaspace       used 6447K, committed 6528K, reserved 1114112K
  class space    used 511K, committed 576K, reserved 1048576K

Heap Regions: E=young(eden), S=young(survivor), O=old, HS=humongous(starts), HC=humongous(continues), CS=collection set, F=free, TAMS=top-at-mark-start, PB=parsable bottom
|   0|0x00000000c1a00000, 0x00000000c1a00000, 0x00000000c1b00000|  0%| F|  |TAMS 0x00000000c1a00000| PB 0x00000000c1a00000| Untracked 
|   1|0x00000000c1b00000, 0x00000000c1b00000, 0x00000000c1c00000|  0%| F|  |TAMS 0x00000000c1b00000| PB 0x00000000c1b00000| Untracked 
|   2|0x00000000c1c00000, 0x00000000c1c00000, 0x00000000c1d00000|  0%| F|  |TAMS 0x00000000c1c00000| PB 0x00000000c1c00000| Untracked 
|   3|0x00000000c1d00000, 0x00000000c1d00000, 0x00000000c1e00000|  0%| F|  |TAMS 0x00000000c1d00000| PB 0x00000000c1d00000| Untracked 
|   4|0x00000000c1e00000, 0x00000000c1e00000, 0x00000000c1f00000|  0%| F|  |TAMS 0x00000000c1e00000| PB 0x00000000c1e00000| Untracked 
|   5|0x00000000c1f00000, 0x00000000c1f00000, 0x00000000c2000000|  0%| F|  |TAMS 0x00000000c1f00000| PB 0x00000000c1f00000| Untracked 
|   6|0x00000000c2000000, 0x00000000c2000000, 0x00000000c2100000|  0%| F|  |TAMS 0x00000000c2000000| PB 0x00000000c2000000| Untracked 
|   7|0x00000000c2100000, 0x00000000c2100000, 0x00000000c2200000|  0%| F|  |TAMS 0x00000000c2100000| PB 0x00000000c2100000| Untracked 
|   8|0x00000000c2200000, 0x00000000c2200000, 0x00000000c2300000|  0%| F|  |TAMS 0x00000000c2200000| PB 0x00000000c2200000| Untracked 
|   9|0x00000000c2300000, 0x00000000c2300000, 0x00000000c2400000|  0%| F|  |TAMS 0x00000000c2300000| PB 0x00000000c2300000| Untracked 
|  10|0x00000000c2400000, 0x00000000c2400000, 0x00000000c2500000|  0%| F|  |TAMS 0x00000000c2400000| PB 0x00000000c2400000| Untracked 
|  11|0x00000000c2500000, 0x00000000c2500000, 0x00000000c2600000|  0%| F|  |TAMS 0x00000000c2500000| PB 0x00000000c2500000| Untracked 
|  12|0x00000000c2600000, 0x00000000c2600000, 0x00000000c2700000|  0%| F|  |TAMS 0x00000000c2600000| PB 0x00000000c2600000| Untracked 
|  13|0x00000000c2700000, 0x00000000c2700000, 0x00000000c2800000|  0%| F|  |TAMS 0x00000000c2700000| PB 0x00000000c2700000| Untracked 
|  14|0x00000000c2800000, 0x00000000c2800000, 0x00000000c2900000|  0%| F|  |TAMS 0x00000000c2800000| PB 0x00000000c2800000| Untracked 
|  15|0x00000000c2900000, 0x00000000c2900000, 0x00000000c2a00000|  0%| F|  |TAMS 0x00000000c2900000| PB 0x00000000c2900000| Untracked 
|  16|0x00000000c2a00000, 0x00000000c2a00000, 0x00000000c2b00000|  0%| F|  |TAMS 0x00000000c2a00000| PB 0x00000000c2a00000| Untracked 
|  17|0x00000000c2b00000, 0x00000000c2b00000, 0x00000000c2c00000|  0%| F|  |TAMS 0x00000000c2b00000| PB 0x00000000c2b00000| Untracked 
|  18|0x00000000c2c00000, 0x00000000c2c00000, 0x00000000c2d00000|  0%| F|  |TAMS 0x00000000c2c00000| PB 0x00000000c2c00000| Untracked 
|  19|0x00000000c2d00000, 0x00000000c2d00000, 0x00000000c2e00000|  0%| F|  |TAMS 0x00000000c2d00000| PB 0x00000000c2d00000| Untracked 
|  20|0x00000000c2e00000, 0x00000000c2e00000, 0x00000000c2f00000|  0%| F|  |TAMS 0x00000000c2e00000| PB 0x00000000c2e00000| Untracked 
|  21|0x00000000c2f00000, 0x00000000c2f00000, 0x00000000c3000000|  0%| F|  |TAMS 0x00000000c2f00000| PB 0x00000000c2f00000| Untracked 
|  22|0x00000000c3000000, 0x00000000c3000000, 0x00000000c3100000|  0%| F|  |TAMS 0x00000000c3000000| PB 0x00000000c3000000| Untracked 
|  23|0x00000000c3100000, 0x00000000c3100000, 0x00000000c3200000|  0%| F|  |TAMS 0x00000000c3100000| PB 0x00000000c3100000| Untracked 
|  24|0x00000000c3200000, 0x00000000c3200000, 0x00000000c3300000|  0%| F|  |TAMS 0x00000000c3200000| PB 0x00000000c3200000| Untracked 
|  25|0x00000000c3300000, 0x00000000c3300000, 0x00000000c3400000|  0%| F|  |TAMS 0x00000000c3300000| PB 0x00000000c3300000| Untracked 
|  26|0x00000000c3400000, 0x00000000c3400000, 0x00000000c3500000|  0%| F|  |TAMS 0x00000000c3400000| PB 0x00000000c3400000| Untracked 
|  27|0x00000000c3500000, 0x00000000c3500000, 0x00000000c3600000|  0%| F|  |TAMS 0x00000000c3500000| PB 0x00000000c3500000| Untracked 
|  28|0x00000000c3600000, 0x00000000c3600000, 0x00000000c3700000|  0%| F|  |TAMS 0x00000000c3600000| PB 0x00000000c3600000| Untracked 
|  29|0x00000000c3700000, 0x00000000c3700000, 0x00000000c3800000|  0%| F|  |TAMS 0x00000000c3700000| PB 0x00000000c3700000| Untracked 
|  30|0x00000000c3800000, 0x00000000c3800000, 0x00000000c3900000|  0%| F|  |TAMS 0x00000000c3800000| PB 0x00000000c3800000| Untracked 
|  31|0x00000000c3900000, 0x00000000c3900000, 0x00000000c3a00000|  0%| F|  |TAMS 0x00000000c3900000| PB 0x00000000c3900000| Untracked 
|  32|0x00000000c3a00000, 0x00000000c3a00000, 0x00000000c3b00000|  0%| F|  |TAMS 0x00000000c3a00000| PB 0x00000000c3a00000| Untracked 
|  33|0x00000000c3b00000, 0x00000000c3b00000, 0x00000000c3c00000|  0%| F|  |TAMS 0x00000000c3b00000| PB 0x00000000c3b00000| Untracked 
|  34|0x00000000c3c00000, 0x00000000c3c00000, 0x00000000c3d00000|  0%| F|  |TAMS 0x00000000c3c00000| PB 0x00000000c3c00000| Untracked 
|  35|0x00000000c3d00000, 0x00000000c3d00000, 0x00000000c3e00000|  0%| F|  |TAMS 0x00000000c3d00000| PB 0x00000000c3d00000| Untracked 
|  36|0x00000000c3e00000, 0x00000000c3e00000, 0x00000000c3f00000|  0%| F|  |TAMS 0x00000000c3e00000| PB 0x00000000c3e00000| Untracked 
|  37|0x00000000c3f00000, 0x00000000c3f00000, 0x00000000c4000000|  0%| F|  |TAMS 0x00000000c3f00000| PB 0x00000000c3f00000| Untracked 
|  38|0x00000000c4000000, 0x00000000c4000000, 0x00000000c4100000|  0%| F|  |TAMS 0x00000000c4000000| PB 0x00000000c4000000| Untracked 
|  39|0x00000000c4100000, 0x00000000c4100000, 0x00000000c4200000|  0%| F|  |TAMS 0x00000000c4100000| PB 0x00000000c4100000| Untracked 
|  40|0x00000000c4200000, 0x00000000c4200000, 0x00000000c4300000|  0%| F|  |TAMS 0x00000000c4200000| PB 0x00000000c4200000| Untracked 
|  41|0x00000000c4300000, 0x00000000c4300000, 0x00000000c4400000|  0%| F|  |TAMS 0x00000000c4300000| PB 0x00000000c4300000| Untracked 
|  42|0x00000000c4400000, 0x00000000c4400000, 0x00000000c4500000|  0%| F|  |TAMS 0x00000000c4400000| PB 0x00000000c4400000| Untracked 
|  43|0x00000000c4500000, 0x00000000c4500000, 0x00000000c4600000|  0%| F|  |TAMS 0x00000000c4500000| PB 0x00000000c4500000| Untracked 
|  44|0x00000000c4600000, 0x00000000c4600000, 0x00000000c4700000|  0%| F|  |TAMS 0x00000000c4600000| PB 0x00000000c4600000| Untracked 
|  45|0x00000000c4700000, 0x00000000c4700000, 0x00000000c4800000|  0%| F|  |TAMS 0x00000000c4700000| PB 0x00000000c4700000| Untracked 
|  46|0x00000000c4800000, 0x00000000c4800000, 0x00000000c4900000|  0%| F|  |TAMS 0x00000000c4800000| PB 0x00000000c4800000| Untracked 
|  47|0x00000000c4900000, 0x00000000c4900000, 0x00000000c4a00000|  0%| F|  |TAMS 0x00000000c4900000| PB 0x00000000c4900000| Untracked 
|  48|0x00000000c4a00000, 0x00000000c4a00000, 0x00000000c4b00000|  0%| F|  |TAMS 0x00000000c4a00000| PB 0x00000000c4a00000| Untracked 
|  49|0x00000000c4b00000, 0x00000000c4b00000, 0x00000000c4c00000|  0%| F|  |TAMS 0x00000000c4b00000| PB 0x00000000c4b00000| Untracked 
|  50|0x00000000c4c00000, 0x00000000c4c00000, 0x00000000c4d00000|  0%| F|  |TAMS 0x00000000c4c00000| PB 0x00000000c4c00000| Untracked 
|  51|0x00000000c4d00000, 0x00000000c4d00000, 0x00000000c4e00000|  0%| F|  |TAMS 0x00000000c4d00000| PB 0x00000000c4d00000| Untracked 
|  52|0x00000000c4e00000, 0x00000000c4e00000, 0x00000000c4f00000|  0%| F|  |TAMS 0x00000000c4e00000| PB 0x00000000c4e00000| Untracked 
|  53|0x00000000c4f00000, 0x00000000c4f00000, 0x00000000c5000000|  0%| F|  |TAMS 0x00000000c4f00000| PB 0x00000000c4f00000| Untracked 
|  54|0x00000000c5000000, 0x00000000c5000000, 0x00000000c5100000|  0%| F|  |TAMS 0x00000000c5000000| PB 0x00000000c5000000| Untracked 
|  55|0x00000000c5100000, 0x00000000c5100000, 0x00000000c5200000|  0%| F|  |TAMS 0x00000000c5100000| PB 0x00000000c5100000| Untracked 
|  56|0x00000000c5200000, 0x00000000c5200000, 0x00000000c5300000|  0%| F|  |TAMS 0x00000000c5200000| PB 0x00000000c5200000| Untracked 
|  57|0x00000000c5300000, 0x00000000c5300000, 0x00000000c5400000|  0%| F|  |TAMS 0x00000000c5300000| PB 0x00000000c5300000| Untracked 
|  58|0x00000000c5400000, 0x00000000c5400000, 0x00000000c5500000|  0%| F|  |TAMS 0x00000000c5400000| PB 0x00000000c5400000| Untracked 
|  59|0x00000000c5500000, 0x00000000c5500000, 0x00000000c5600000|  0%| F|  |TAMS 0x00000000c5500000| PB 0x00000000c5500000| Untracked 
|  60|0x00000000c5600000, 0x00000000c5600000, 0x00000000c5700000|  0%| F|  |TAMS 0x00000000c5600000| PB 0x00000000c5600000| Untracked 
|  61|0x00000000c5700000, 0x00000000c5777130, 0x00000000c5800000| 46%| E|  |TAMS 0x00000000c5700000| PB 0x00000000c5700000| Complete 
|  62|0x00000000c5800000, 0x00000000c5900000, 0x00000000c5900000|100%| E|CS|TAMS 0x00000000c5800000| PB 0x00000000c5800000| Complete 
|  63|0x00000000c5900000, 0x00000000c5a00000, 0x00000000c5a00000|100%| E|CS|TAMS 0x00000000c5900000| PB 0x00000000c5900000| Complete 

Card table byte_map: [0x0000020664970000,0x0000020664b70000] _byte_map_base: 0x0000020664363000

Marking Bits: (CMBitMap*) 0x000002064cfcf050
 Bits: [0x0000020664b70000, 0x0000020665b08000)

Polling page: 0x000002064c770000

Metaspace:

Usage:
  Non-class:      5.80 MB used.
      Class:    511.85 KB used.
       Both:      6.30 MB used.

Virtual space:
  Non-class space:       64.00 MB reserved,       5.81 MB (  9%) committed,  1 nodes.
      Class space:        1.00 GB reserved,     576.00 KB ( <1%) committed,  1 nodes.
             Both:        1.06 GB reserved,       6.38 MB ( <1%) committed. 

Chunk freelists:
   Non-Class:  10.19 MB
       Class:  15.25 MB
        Both:  25.44 MB

MaxMetaspaceSize: unlimited
CompressedClassSpaceSize: 1.00 GB
Initial GC threshold: 21.00 MB
Current GC threshold: 21.00 MB
CDS: off
 - commit_granule_bytes: 65536.
 - commit_granule_words: 8192.
 - virtual_space_node_default_size: 8388608.
 - enlarge_chunks_in_place: 1.
 - use_allocation_guard: 0.


Internal statistics:

num_allocs_failed_limit: 0.
num_arena_births: 6.
num_arena_deaths: 0.
num_vsnodes_births: 2.
num_vsnodes_deaths: 0.
num_space_committed: 102.
num_space_uncommitted: 0.
num_chunks_returned_to_freelist: 0.
num_chunks_taken_from_freelist: 19.
num_chunk_merges: 0.
num_chunk_splits: 9.
num_chunks_enlarged: 6.
num_inconsistent_stats: 0.

CodeHeap 'non-profiled nmethods': size=120000Kb used=30Kb max_used=30Kb free=119969Kb
 bounds [0x000002065cf00000, 0x000002065d170000, 0x0000020664430000]
CodeHeap 'profiled nmethods': size=120000Kb used=131Kb max_used=131Kb free=119868Kb
 bounds [0x0000020655430000, 0x00000206556a0000, 0x000002065c960000]
CodeHeap 'non-nmethods': size=5760Kb used=1282Kb max_used=1282Kb free=4477Kb
 bounds [0x000002065c960000, 0x000002065cbd0000, 0x000002065cf00000]
 total_blobs=512 nmethods=113 adapters=304
 compilation: enabled
              stopped_count=0, restarted_count=0
 full_count=0

Compilation events (20 events):
Event: 0.262 Thread 0x00000206002d46e0  100       3       java.lang.String::<init> (15 bytes)
Event: 0.262 Thread 0x00000206002d46e0 nmethod 100 0x000002065544ea90 code [0x000002065544ec20, 0x000002065544ede0]
Event: 0.264 Thread 0x00000206002d46e0  102       1       java.lang.AbstractStringBuilder::getValue (5 bytes)
Event: 0.264 Thread 0x00000206002d46e0 nmethod 102 0x000002065cf05b10 code [0x000002065cf05ca0, 0x000002065cf05d68]
Event: 0.264 Thread 0x00000206002d46e0  103       1       java.lang.AbstractStringBuilder::length (5 bytes)
Event: 0.264 Thread 0x00000206002d46e0 nmethod 103 0x000002065cf05e10 code [0x000002065cf05fa0, 0x000002065cf06068]
Event: 0.264 Thread 0x00000206002d46e0  104       3       jdk.internal.misc.Unsafe::getLongUnaligned (173 bytes)
Event: 0.264 Thread 0x00000206002d38a0  105       4       java.lang.String::hashCode (60 bytes)
Event: 0.265 Thread 0x00000206002d46e0 nmethod 104 0x000002065544ee90 code [0x000002065544f080, 0x000002065544f4a8]
Event: 0.265 Thread 0x00000206002d46e0  106       3       java.util.concurrent.ConcurrentHashMap::get (162 bytes)
Event: 0.265 Thread 0x00000206002d46e0 nmethod 106 0x000002065544f590 code [0x000002065544f7e0, 0x0000020655450258]
Event: 0.267 Thread 0x00000206002d46e0  108       3       jdk.internal.util.Preconditions::checkFromToIndex (24 bytes)
Event: 0.268 Thread 0x00000206002d46e0 nmethod 108 0x0000020655450590 code [0x0000020655450740, 0x0000020655450918]
Event: 0.268 Thread 0x00000206002d46e0  109       3       java.io.WinNTFileSystem::isSlash (18 bytes)
Event: 0.268 Thread 0x00000206002d46e0 nmethod 109 0x0000020655450a10 code [0x0000020655450ba0, 0x0000020655450d40]
Event: 0.271 Thread 0x00000206002d46e0  110       1       java.lang.module.ModuleDescriptor::isOpen (5 bytes)
Event: 0.271 Thread 0x00000206002d46e0 nmethod 110 0x000002065cf06710 code [0x000002065cf068a0, 0x000002065cf06970]
Event: 0.273 Thread 0x00000206002d38a0 nmethod 105 0x000002065cf06a10 code [0x000002065cf06bc0, 0x000002065cf06ed0]
Event: 0.282 Thread 0x00000206002d46e0  113       1       java.lang.Enum::ordinal (5 bytes)
Event: 0.282 Thread 0x00000206002d46e0 nmethod 113 0x000002065cf07610 code [0x000002065cf077a0, 0x000002065cf07868]

GC Heap History (0 events):
No events

Dll operation events (5 events):
Event: 0.033 Loaded shared library C:\Program Files\Java\jdk-21\bin\java.dll
Event: 0.160 Loaded shared library C:\Program Files\Java\jdk-21\bin\jsvml.dll
Event: 0.224 Loaded shared library C:\Program Files\Java\jdk-21\bin\net.dll
Event: 0.227 Loaded shared library C:\Program Files\Java\jdk-21\bin\nio.dll
Event: 0.240 Loaded shared library C:\Program Files\Java\jdk-21\bin\zip.dll

Deoptimization events (0 events):
No events

Classes loaded (20 events):
Event: 0.281 Loading class java/lang/invoke/InvokerBytecodeGenerator$ClassData
Event: 0.281 Loading class java/lang/invoke/InvokerBytecodeGenerator$ClassData done
Event: 0.281 Loading class sun/invoke/util/VerifyType
Event: 0.282 Loading class sun/invoke/util/VerifyType done
Event: 0.282 Loading class sun/invoke/empty/Empty
Event: 0.282 Loading class sun/invoke/empty/Empty done
Event: 0.282 Loading class jdk/internal/org/objectweb/asm/FieldWriter
Event: 0.282 Loading class jdk/internal/org/objectweb/asm/FieldVisitor
Event: 0.282 Loading class jdk/internal/org/objectweb/asm/FieldVisitor done
Event: 0.282 Loading class jdk/internal/org/objectweb/asm/FieldWriter done
Event: 0.282 Loading class jdk/internal/org/objectweb/asm/Attribute
Event: 0.282 Loading class jdk/internal/org/objectweb/asm/Attribute done
Event: 0.282 Loading class jdk/internal/org/objectweb/asm/Handler
Event: 0.282 Loading class jdk/internal/org/objectweb/asm/Handler done
Event: 0.282 Loading class java/lang/invoke/MethodHandles$Lookup$ClassFile
Event: 0.283 Loading class java/lang/invoke/MethodHandles$Lookup$ClassFile done
Event: 0.283 Loading class java/lang/invoke/MethodHandles$Lookup$ClassOption
Event: 0.283 Loading class java/lang/invoke/MethodHandles$Lookup$ClassOption done
Event: 0.283 Loading class java/lang/invoke/MethodHandles$Lookup$ClassDefiner
Event: 0.283 Loading class java/lang/invoke/MethodHandles$Lookup$ClassDefiner done

Classes unloaded (0 events):
No events

Classes redefined (0 events):
No events

Internal exceptions (0 events):
No events

ZGC Phase Switch (0 events):
No events

VM Operations (2 events):
Event: 0.243 Executing VM operation: HandshakeAllThreads (Deoptimize)
Event: 0.243 Executing VM operation: HandshakeAllThreads (Deoptimize) done

Events (11 events):
Event: 0.046 Thread 0x000002064ae9e200 Thread added: 0x000002064ae9e200
Event: 0.153 Thread 0x00000206002e1110 Thread added: 0x00000206002e1110
Event: 0.153 Thread 0x00000206001c3810 Thread added: 0x00000206001c3810
Event: 0.155 Thread 0x00000206001dd880 Thread added: 0x00000206001dd880
Event: 0.155 Thread 0x00000206001de2d0 Thread added: 0x00000206001de2d0
Event: 0.155 Thread 0x00000206002c8050 Thread added: 0x00000206002c8050
Event: 0.155 Thread 0x00000206002cb9f0 Thread added: 0x00000206002cb9f0
Event: 0.155 Thread 0x00000206002d38a0 Thread added: 0x00000206002d38a0
Event: 0.155 Thread 0x00000206002d46e0 Thread added: 0x00000206002d46e0
Event: 0.200 Thread 0x000002060046da00 Thread added: 0x000002060046da00
Event: 0.211 Thread 0x0000020600477660 Thread added: 0x0000020600477660


Dynamic libraries:
0x00007ff751d10000 - 0x00007ff751d20000 	C:\Program Files\Java\jdk-21\bin\java.exe
0x00007ffc03a40000 - 0x00007ffc03c49000 	C:\WINDOWS\SYSTEM32\ntdll.dll
0x00007ffc03850000 - 0x00007ffc0390d000 	C:\WINDOWS\System32\KERNEL32.DLL
0x00007ffc00ed0000 - 0x00007ffc01254000 	C:\WINDOWS\System32\KERNELBASE.dll
0x00007ffc01770000 - 0x00007ffc01881000 	C:\WINDOWS\System32\ucrtbase.dll
0x00007ffbf8530000 - 0x00007ffbf854b000 	C:\Program Files\Java\jdk-21\bin\VCRUNTIME140.dll
0x00007ffbf8480000 - 0x00007ffbf8499000 	C:\Program Files\Java\jdk-21\bin\jli.dll
0x00007ffc02ed0000 - 0x00007ffc02f7e000 	C:\WINDOWS\System32\ADVAPI32.dll
0x00007ffc01c10000 - 0x00007ffc01cb3000 	C:\WINDOWS\System32\msvcrt.dll
0x00007ffc018c0000 - 0x00007ffc0195e000 	C:\WINDOWS\System32\sechost.dll
0x00007ffc01ae0000 - 0x00007ffc01c01000 	C:\WINDOWS\System32\RPCRT4.dll
0x00007ffc03350000 - 0x00007ffc034fd000 	C:\WINDOWS\System32\USER32.dll
0x00007ffc01390000 - 0x00007ffc013b6000 	C:\WINDOWS\System32\win32u.dll
0x00007ffc01a70000 - 0x00007ffc01a9a000 	C:\WINDOWS\System32\GDI32.dll
0x00007ffc014e0000 - 0x00007ffc015fe000 	C:\WINDOWS\System32\gdi32full.dll
0x00007ffc01440000 - 0x00007ffc014dd000 	C:\WINDOWS\System32\msvcp_win.dll
0x00007ffbf9e50000 - 0x00007ffbf9e5a000 	C:\WINDOWS\SYSTEM32\VERSION.dll
0x00007ffbe9320000 - 0x00007ffbe95c5000 	C:\WINDOWS\WinSxS\amd64_microsoft.windows.common-controls_6595b64144ccf1df_6.0.22000.120_none_9d947278b86cc467\COMCTL32.dll
0x00007ffc01aa0000 - 0x00007ffc01ad1000 	C:\WINDOWS\System32\IMM32.DLL
0x00007ffbfde40000 - 0x00007ffbfde4c000 	C:\Program Files\Java\jdk-21\bin\vcruntime140_1.dll
0x00007ffbe8900000 - 0x00007ffbe898e000 	C:\Program Files\Java\jdk-21\bin\msvcp140.dll
0x00007ffb7e280000 - 0x00007ffb7ef98000 	C:\Program Files\Java\jdk-21\bin\server\jvm.dll
0x00007ffc02e60000 - 0x00007ffc02ecf000 	C:\WINDOWS\System32\WS2_32.dll
0x00007ffc00da0000 - 0x00007ffc00ded000 	C:\WINDOWS\SYSTEM32\POWRPROF.dll
0x00007ffbf9df0000 - 0x00007ffbf9e23000 	C:\WINDOWS\SYSTEM32\WINMM.dll
0x00007ffc00d80000 - 0x00007ffc00d93000 	C:\WINDOWS\SYSTEM32\UMPDC.dll
0x00007ffbfff40000 - 0x00007ffbfff58000 	C:\WINDOWS\SYSTEM32\kernel.appcore.dll
0x00007ffbfad40000 - 0x00007ffbfad4a000 	C:\Program Files\Java\jdk-21\bin\jimage.dll
0x00007ffbeb620000 - 0x00007ffbeb841000 	C:\WINDOWS\SYSTEM32\DBGHELP.DLL
0x00007ffbeb560000 - 0x00007ffbeb591000 	C:\WINDOWS\SYSTEM32\dbgcore.DLL
0x00007ffc013c0000 - 0x00007ffc0143f000 	C:\WINDOWS\System32\bcryptPrimitives.dll
0x00007ffbf8340000 - 0x00007ffbf835f000 	C:\Program Files\Java\jdk-21\bin\java.dll
0x00007ffc02590000 - 0x00007ffc02d55000 	C:\WINDOWS\System32\SHELL32.dll
0x00007ffbfefa0000 - 0x00007ffbff802000 	C:\WINDOWS\SYSTEM32\windows.storage.dll
0x00007ffc01d90000 - 0x00007ffc02106000 	C:\WINDOWS\System32\combase.dll
0x00007ffbfee30000 - 0x00007ffbfef97000 	C:\WINDOWS\SYSTEM32\wintypes.dll
0x00007ffc02d60000 - 0x00007ffc02e4a000 	C:\WINDOWS\System32\SHCORE.dll
0x00007ffc03210000 - 0x00007ffc0326d000 	C:\WINDOWS\System32\shlwapi.dll
0x00007ffc00e00000 - 0x00007ffc00e25000 	C:\WINDOWS\SYSTEM32\profapi.dll
0x00007ffbd55a0000 - 0x00007ffbd5677000 	C:\Program Files\Java\jdk-21\bin\jsvml.dll
0x00007ffbf84f0000 - 0x00007ffbf8500000 	C:\Program Files\Java\jdk-21\bin\net.dll
0x00007ffbfad50000 - 0x00007ffbfae64000 	C:\WINDOWS\SYSTEM32\WINHTTP.dll
0x00007ffc003f0000 - 0x00007ffc00457000 	C:\WINDOWS\system32\mswsock.dll
0x00007ffbf7d00000 - 0x00007ffbf7d16000 	C:\Program Files\Java\jdk-21\bin\nio.dll
0x00007ffbf7ce0000 - 0x00007ffbf7cf8000 	C:\Program Files\Java\jdk-21\bin\zip.dll

dbghelp: loaded successfully - version: 4.0.5 - missing functions: none
symbol engine: initialized successfully - sym options: 0x614 - pdb path: .;C:\Program Files\Java\jdk-21\bin;C:\WINDOWS\SYSTEM32;C:\WINDOWS\WinSxS\amd64_microsoft.windows.common-controls_6595b64144ccf1df_6.0.22000.120_none_9d947278b86cc467;C:\Program Files\Java\jdk-21\bin\server

VM Arguments:
jvm_args: -Dclassworlds.conf=C:\Program Files\Apache\Maven\apache-maven-3.9.9-bin\apache-maven-3.9.9\bin\m2.conf -Dmaven.home=C:\Program Files\Apache\Maven\apache-maven-3.9.9-bin\apache-maven-3.9.9 -Dlibrary.jansi.path=C:\Program Files\Apache\Maven\apache-maven-3.9.9-bin\apache-maven-3.9.9\lib\jansi-native -Dmaven.multiModuleProjectDirectory=C:\Users\user\Downloads\deleteplz-master\deleteplz-master\Log 
java_command: org.codehaus.plexus.classworlds.launcher.Launcher clean
java_class_path (initial): C:\Program Files\Apache\Maven\apache-maven-3.9.9-bin\apache-maven-3.9.9\boot\plexus-classworlds-2.8.0.jar
Launcher Type: SUN_STANDARD

[Global flags]
     intx CICompilerCount                          = 4                                         {product} {ergonomic}
     uint ConcGCThreads                            = 2                                         {product} {ergonomic}
     uint G1ConcRefinementThreads                  = 8                                         {product} {ergonomic}
   size_t G1HeapRegionSize                         = 1048576                                   {product} {ergonomic}
    uintx GCDrainStackTargetSize                   = 64                                        {product} {ergonomic}
   size_t InitialHeapSize                          = 67108864                                  {product} {ergonomic}
   size_t MarkStackSize                            = 4194304                                   {product} {ergonomic}
   size_t MaxHeapSize                              = 1046478848                                {product} {ergonomic}
   size_t MaxNewSize                               = 627048448                                 {product} {ergonomic}
   size_t MinHeapDeltaBytes                        = 1048576                                   {product} {ergonomic}
   size_t MinHeapSize                              = 8388608                                   {product} {ergonomic}
    uintx NonNMethodCodeHeapSize                   = 5839372                                {pd product} {ergonomic}
    uintx NonProfiledCodeHeapSize                  = 122909434                              {pd product} {ergonomic}
    uintx ProfiledCodeHeapSize                     = 122909434                              {pd product} {ergonomic}
    uintx ReservedCodeCacheSize                    = 251658240                              {pd product} {ergonomic}
     bool SegmentedCodeCache                       = true                                      {product} {ergonomic}
   size_t SoftMaxHeapSize                          = 1046478848                             {manageable} {ergonomic}
     bool UseCompressedOops                        = true                           {product lp64_product} {ergonomic}
     bool UseG1GC                                  = true                                      {product} {ergonomic}
     bool UseLargePagesIndividualAllocation        = false                                  {pd product} {ergonomic}

Logging:
Log output configuration:
 #0: stdout all=warning uptime,level,tags foldmultilines=false
 #1: stderr all=off uptime,level,tags foldmultilines=false

Environment Variables:
JAVA_HOME=C:\Program Files\Java\jdk-21
PATH=C:\Users\user\AppData\Local\Microsoft\WindowsApps;C:\Users\user\OneDrive\πŸ≈¡ »≠∏È\PyCharm Community Edition 2023.1\bin;;C:\Users\user\AppData\Local\Programs\Microsoft VS Code\bin;C:\Users\user\.dotnet\tools;C:\Users\user\AppData\Roaming\npm;C:\Program Files\Apache\Maven\apache-maven-3.9.9-bin\apache-maven-3.9.9\bin;C:\Program Files\Java\jdk-21\bin;C:\Program Files\nodejs\;
USERNAME=user
TMPDIR=C:\Users\Public\Documents\ESTsoft\CreatorTemp
OS=Windows_NT
PROCESSOR_IDENTIFIER=Intel64 Family 6 Model 142 Stepping 12, GenuineIntel
TMP=C:\Users\user\AppData\Local\Temp
TEMP=C:\Users\user\AppData\Local\Temp




Periodic native trim disabled

---------------  S Y S T E M  ---------------

OS:
 Windows 11 , 64 bit Build 22000 (10.0.22000.2538)
OS uptime: 122 days 20:42 hours

CPU: total 8 (initial active 8) (4 cores per cpu, 2 threads per core) family 6 model 142 stepping 12 microcode 0xde, cx8, cmov, fxsr, ht, mmx, 3dnowpref, sse, sse2, sse3, ssse3, sse4.1, sse4.2, popcnt, lzcnt, tsc, tscinvbit, avx, avx2, aes, erms, clmul, bmi1, bmi2, adx, fma, vzeroupper, clflush, clflushopt, rdtscp, f16c
Processor Information for all 8 processors :
  Max Mhz: 1800, Current Mhz: 1600, Mhz Limit: 1584

Memory: 4k page, system-wide physical 3987M (121M free)
TotalPageFile size 16275M (AvailPageFile size 0M)
current process WorkingSet (physical memory assigned to process): 31M, peak: 31M
current process commit charge ("private bytes"): 137M, peak: 138M

vm_info: Java HotSpot(TM) 64-Bit Server VM (21.0.5+9-LTS-239) for windows-amd64 JRE (21.0.5+9-LTS-239), built on 2024-09-30T05:17:38Z by "mach5one" with MS VC++ 17.6 (VS2022)

END.
