#
# There is insufficient memory for the Java Runtime Environment to continue.
# Native memory allocation (mmap) failed to map 10485760 bytes for G1 virtual space
# Possible reasons:
#   The system is out of physical RAM or swap space
#   The process is running with CompressedOops enabled, and the Java Heap may be blocking the growth of the native heap
# Possible solutions:
#   Reduce memory load on the system
#   Increase physical memory or swap space
#   Check if swap backing store is full
#   Decrease Java heap size (-Xmx/-Xms)
#   Decrease number of Java threads
#   Decrease Java thread stack sizes (-Xss)
#   Set larger code cache with -XX:ReservedCodeCacheSize=
#   JVM is running with Unscaled Compressed Oops mode in which the Java heap is
#     placed in the first 4GB address space. The Java Heap base address is the
#     maximum limit for the native heap growth. Please use -XX:HeapBaseMinAddress
#     to set the Java Heap base and to place the Java Heap above 4GB virtual address.
# This output file may be truncated or incomplete.
#
#  Out of Memory Error (os_windows.cpp:3600), pid=34204, tid=19892
#
# JRE version: Java(TM) SE Runtime Environment (21.0.5+9) (build 21.0.5+9-LTS-239)
# Java VM: Java HotSpot(TM) 64-Bit Server VM (21.0.5+9-LTS-239, mixed mode, sharing, tiered, compressed oops, compressed class ptrs, g1 gc, windows-amd64)
# No core dump will be written. Minidumps are not enabled by default on client versions of Windows
#

---------------  S U M M A R Y ------------

Command Line: C:\Users\user\AppData\Local\Temp\surefire1034357123999694485\surefirebooter-20250224151618656_3.jar C:\Users\user\AppData\Local\Temp\surefire1034357123999694485 2025-02-24T15-16-17_615-jvmRun1 surefire-20250224151618656_1tmp surefire_0-20250224151618656_2tmp

Host: Intel(R) Core(TM) i5-8265U CPU @ 1.60GHz, 8 cores, 3G,  Windows 11 , 64 bit Build 22000 (10.0.22000.2538)
Time: Mon Feb 24 15:16:25 2025  Windows 11 , 64 bit Build 22000 (10.0.22000.2538) elapsed time: 5.828006 seconds (0d 0h 0m 5s)

---------------  T H R E A D  ---------------

Current thread (0x000001b8ff674920):  VMThread "VM Thread"          [id=19892, stack(0x00000037d7500000,0x00000037d7600000) (1024K)]

Stack: [0x00000037d7500000,0x00000037d7600000]
Native frames: (J=compiled Java code, j=interpreted, Vv=VM code, C=native code)
V  [jvm.dll+0x6ca289]
V  [jvm.dll+0x854a51]
V  [jvm.dll+0x856f7e]
V  [jvm.dll+0x857653]
V  [jvm.dll+0x27dd26]
V  [jvm.dll+0x6c6a25]
V  [jvm.dll+0x6bb5aa]
V  [jvm.dll+0x35359a]
V  [jvm.dll+0x35b1f6]
V  [jvm.dll+0x3adade]
V  [jvm.dll+0x3add88]
V  [jvm.dll+0x3278fc]
V  [jvm.dll+0x327987]
V  [jvm.dll+0x36c26c]
V  [jvm.dll+0x36aabe]
V  [jvm.dll+0x3270c1]
V  [jvm.dll+0x36a1da]
V  [jvm.dll+0x85d420]
V  [jvm.dll+0x85e7a4]
V  [jvm.dll+0x85ece0]
V  [jvm.dll+0x85ef83]
V  [jvm.dll+0x7fee9b]
V  [jvm.dll+0x6c896d]
C  [ucrtbase.dll+0x26c0c]
C  [KERNEL32.DLL+0x153e0]
C  [ntdll.dll+0x485b]

VM_Operation (0x00000037d6ef2d80): G1CollectForAllocation, mode: safepoint, requested by thread 0x000001b8f945cbb0


---------------  P R O C E S S  ---------------

Threads class SMR info:
_java_thread_list=0x000001b8de5af890, length=13, elements={
0x000001b8f945cbb0, 0x000001b8ff6937d0, 0x000001b8ff6944e0, 0x000001b8ff696690,
0x000001b8ff697570, 0x000001b8ff69a100, 0x000001b8ff69f190, 0x000001b8ff6ca470,
0x000001b8ff6cb030, 0x000001b89757ff70, 0x000001b897586a00, 0x000001b8976da350,
0x000001b8dd0c0f60
}

Java Threads: ( => current thread )
  0x000001b8f945cbb0 JavaThread "main"                              [_thread_blocked, id=8136, stack(0x00000037d6e00000,0x00000037d6f00000) (1024K)]
  0x000001b8ff6937d0 JavaThread "Reference Handler"          daemon [_thread_blocked, id=19372, stack(0x00000037d7600000,0x00000037d7700000) (1024K)]
  0x000001b8ff6944e0 JavaThread "Finalizer"                  daemon [_thread_blocked, id=28184, stack(0x00000037d7700000,0x00000037d7800000) (1024K)]
  0x000001b8ff696690 JavaThread "Signal Dispatcher"          daemon [_thread_blocked, id=33648, stack(0x00000037d7800000,0x00000037d7900000) (1024K)]
  0x000001b8ff697570 JavaThread "Attach Listener"            daemon [_thread_blocked, id=26092, stack(0x00000037d7900000,0x00000037d7a00000) (1024K)]
  0x000001b8ff69a100 JavaThread "Service Thread"             daemon [_thread_blocked, id=1904, stack(0x00000037d7a00000,0x00000037d7b00000) (1024K)]
  0x000001b8ff69f190 JavaThread "Monitor Deflation Thread"   daemon [_thread_blocked, id=27224, stack(0x00000037d7b00000,0x00000037d7c00000) (1024K)]
  0x000001b8ff6ca470 JavaThread "C2 CompilerThread0"         daemon [_thread_blocked, id=14084, stack(0x00000037d7c00000,0x00000037d7d00000) (1024K)]
  0x000001b8ff6cb030 JavaThread "C1 CompilerThread0"         daemon [_thread_blocked, id=13864, stack(0x00000037d7d00000,0x00000037d7e00000) (1024K)]
  0x000001b89757ff70 JavaThread "Notification Thread"        daemon [_thread_blocked, id=26296, stack(0x00000037d7e00000,0x00000037d7f00000) (1024K)]
  0x000001b897586a00 JavaThread "Common-Cleaner"             daemon [_thread_blocked, id=17764, stack(0x00000037d7f00000,0x00000037d8000000) (1024K)]
  0x000001b8976da350 JavaThread "surefire-forkedjvm-stream-flusher" daemon [_thread_blocked, id=19220, stack(0x00000037d8000000,0x00000037d8100000) (1024K)]
  0x000001b8dd0c0f60 JavaThread "surefire-forkedjvm-command-thread" daemon [_thread_in_native, id=17912, stack(0x00000037d8100000,0x00000037d8200000) (1024K)]
Total: 13

Other Threads:
=>0x000001b8ff674920 VMThread "VM Thread"                           [id=19892, stack(0x00000037d7500000,0x00000037d7600000) (1024K)]
  0x000001b8ff665cd0 WatcherThread "VM Periodic Task Thread"        [id=12308, stack(0x00000037d7400000,0x00000037d7500000) (1024K)]
  0x000001b8fb54d8c0 WorkerThread "GC Thread#0"                     [id=4340, stack(0x00000037d6f00000,0x00000037d7000000) (1024K)]
  0x000001b8dd35d7e0 WorkerThread "GC Thread#1"                     [id=9352, stack(0x00000037d8200000,0x00000037d8300000) (1024K)]
  0x000001b8dda6fb60 WorkerThread "GC Thread#2"                     [id=39932, stack(0x00000037d8300000,0x00000037d8400000) (1024K)]
  0x000001b8dd977a80 WorkerThread "GC Thread#3"                     [id=27180, stack(0x00000037d8400000,0x00000037d8500000) (1024K)]
  0x000001b8dd93c340 WorkerThread "GC Thread#4"                     [id=30668, stack(0x00000037d8500000,0x00000037d8600000) (1024K)]
  0x000001b8dd93cef0 WorkerThread "GC Thread#5"                     [id=12380, stack(0x00000037d8600000,0x00000037d8700000) (1024K)]
  0x000001b8dd93d290 WorkerThread "GC Thread#6"                     [id=11700, stack(0x00000037d8700000,0x00000037d8800000) (1024K)]
  0x000001b8dd93da40 WorkerThread "GC Thread#7"                     [id=21688, stack(0x00000037d8800000,0x00000037d8900000) (1024K)]
  0x000001b8fb574ff0 ConcurrentGCThread "G1 Main Marker"            [id=3336, stack(0x00000037d7000000,0x00000037d7100000) (1024K)]
  0x000001b8fb5768a0 WorkerThread "G1 Conc#0"                       [id=30348, stack(0x00000037d7100000,0x00000037d7200000) (1024K)]
  0x000001b8dddbdd70 WorkerThread "G1 Conc#1"                       [id=12880, stack(0x00000037d8a00000,0x00000037d8b00000) (1024K)]
  0x000001b8fb5e10e0 ConcurrentGCThread "G1 Refine#0"               [id=15140, stack(0x00000037d7200000,0x00000037d7300000) (1024K)]
  0x000001b8fb5e1c50 ConcurrentGCThread "G1 Service"                [id=32292, stack(0x00000037d7300000,0x00000037d7400000) (1024K)]
Total: 15

Threads with active compile tasks:
C2 CompilerThread0     5891 4012       4       org.springframework.beans.factory.support.AbstractBeanFactory::isTypeMatch (745 bytes)
Total: 1

VM state: at safepoint (normal execution)

VM Mutex/Monitor currently owned by a thread:  ([mutex/lock_event])
[0x00007ffb8634be98] Threads_lock - owner thread: 0x000001b8ff674920
[0x00007ffb8634bf98] Heap_lock - owner thread: 0x000001b8f945cbb0

Heap address: 0x00000000c1a00000, size: 998 MB, Compressed Oops mode: 32-bit

CDS archive(s) mapped at: [0x000001b898000000-0x000001b898c90000-0x000001b898c90000), size 13172736, SharedBaseAddress: 0x000001b898000000, ArchiveRelocationMode: 1.
Compressed class space mapped at: 0x000001b899000000-0x000001b8d9000000, reserved size: 1073741824
Narrow klass base: 0x000001b898000000, Narrow klass shift: 0, Narrow klass range: 0x100000000

GC Precious Log:
 CardTable entry size: 512
 Card Set container configuration: InlinePtr #cards 5 size 8 Array Of Cards #cards 12 size 40 Howl #buckets 4 coarsen threshold 1843 Howl Bitmap #cards 512 size 80 coarsen threshold 460 Card regions per heap region 1 cards per card region 2048
 CPUs: 8 total, 8 available
 Memory: 3987M
 Large Page Support: Disabled
 NUMA Support: Disabled
 Compressed Oops: Enabled (32-bit)
 Heap Region Size: 1M
 Heap Min Capacity: 8M
 Heap Initial Capacity: 64M
 Heap Max Capacity: 998M
 Pre-touch: Disabled
 Parallel Workers: 8
 Concurrent Workers: 2
 Concurrent Refinement Workers: 8
 Periodic GC: Disabled

Heap:
 garbage-first heap   total 48128K, used 19667K [0x00000000c1a00000, 0x0000000100000000)
  region size 1024K, 3 young (3072K), 3 survivors (3072K)
 Metaspace       used 29270K, committed 29824K, reserved 1114112K
  class space    used 3720K, committed 3968K, reserved 1048576K

Heap Regions: E=young(eden), S=young(survivor), O=old, HS=humongous(starts), HC=humongous(continues), CS=collection set, F=free, TAMS=top-at-mark-start, PB=parsable bottom
|   0|0x00000000c1a00000, 0x00000000c1b00000, 0x00000000c1b00000|100%|HS|  |TAMS 0x00000000c1a00000| PB 0x00000000c1a00000| Complete 
|   1|0x00000000c1b00000, 0x00000000c1c00000, 0x00000000c1c00000|100%| O|  |TAMS 0x00000000c1b00000| PB 0x00000000c1b00000| Untracked 
|   2|0x00000000c1c00000, 0x00000000c1d00000, 0x00000000c1d00000|100%| O|  |TAMS 0x00000000c1c00000| PB 0x00000000c1c00000| Untracked 
|   3|0x00000000c1d00000, 0x00000000c1e00000, 0x00000000c1e00000|100%| O|  |TAMS 0x00000000c1d00000| PB 0x00000000c1d00000| Untracked 
|   4|0x00000000c1e00000, 0x00000000c1f00000, 0x00000000c1f00000|100%| O|  |TAMS 0x00000000c1e00000| PB 0x00000000c1e00000| Untracked 
|   5|0x00000000c1f00000, 0x00000000c2000000, 0x00000000c2000000|100%| O|  |TAMS 0x00000000c1f00000| PB 0x00000000c1f00000| Untracked 
|   6|0x00000000c2000000, 0x00000000c2100000, 0x00000000c2100000|100%| O|  |TAMS 0x00000000c2000000| PB 0x00000000c2000000| Untracked 
|   7|0x00000000c2100000, 0x00000000c2200000, 0x00000000c2200000|100%| O|  |TAMS 0x00000000c2100000| PB 0x00000000c2100000| Untracked 
|   8|0x00000000c2200000, 0x00000000c2300000, 0x00000000c2300000|100%| O|  |TAMS 0x00000000c2200000| PB 0x00000000c2200000| Untracked 
|   9|0x00000000c2300000, 0x00000000c2400000, 0x00000000c2400000|100%| O|  |TAMS 0x00000000c2300000| PB 0x00000000c2300000| Untracked 
|  10|0x00000000c2400000, 0x00000000c2500000, 0x00000000c2500000|100%| O|  |TAMS 0x00000000c2400000| PB 0x00000000c2400000| Untracked 
|  11|0x00000000c2500000, 0x00000000c2600000, 0x00000000c2600000|100%| O|  |TAMS 0x00000000c2500000| PB 0x00000000c2500000| Untracked 
|  12|0x00000000c2600000, 0x00000000c2700000, 0x00000000c2700000|100%| O|  |TAMS 0x00000000c2600000| PB 0x00000000c2600000| Untracked 
|  13|0x00000000c2700000, 0x00000000c2800000, 0x00000000c2800000|100%| O|  |TAMS 0x00000000c2700000| PB 0x00000000c2700000| Untracked 
|  14|0x00000000c2800000, 0x00000000c2900000, 0x00000000c2900000|100%| O|  |TAMS 0x00000000c2800000| PB 0x00000000c2800000| Untracked 
|  15|0x00000000c2900000, 0x00000000c2a00000, 0x00000000c2a00000|100%| O|  |TAMS 0x00000000c2900000| PB 0x00000000c2900000| Untracked 
|  16|0x00000000c2a00000, 0x00000000c2a00000, 0x00000000c2b00000|  0%| F|  |TAMS 0x00000000c2a00000| PB 0x00000000c2a00000| Untracked 
|  17|0x00000000c2b00000, 0x00000000c2b00000, 0x00000000c2c00000|  0%| F|  |TAMS 0x00000000c2b00000| PB 0x00000000c2b00000| Untracked 
|  18|0x00000000c2c00000, 0x00000000c2c00000, 0x00000000c2d00000|  0%| F|  |TAMS 0x00000000c2c00000| PB 0x00000000c2c00000| Untracked 
|  19|0x00000000c2d00000, 0x00000000c2e00000, 0x00000000c2e00000|100%| O|  |TAMS 0x00000000c2d00000| PB 0x00000000c2d00000| Untracked 
|  20|0x00000000c2e00000, 0x00000000c2e00000, 0x00000000c2f00000|  0%| F|  |TAMS 0x00000000c2e00000| PB 0x00000000c2e00000| Untracked 
|  21|0x00000000c2f00000, 0x00000000c2f34ee8, 0x00000000c3000000| 20%| S|CS|TAMS 0x00000000c2f00000| PB 0x00000000c2f00000| Complete 
|  22|0x00000000c3000000, 0x00000000c3100000, 0x00000000c3100000|100%| S|CS|TAMS 0x00000000c3000000| PB 0x00000000c3000000| Complete 
|  23|0x00000000c3100000, 0x00000000c3200000, 0x00000000c3200000|100%| S|CS|TAMS 0x00000000c3100000| PB 0x00000000c3100000| Complete 
|  24|0x00000000c3200000, 0x00000000c3200000, 0x00000000c3300000|  0%| F|  |TAMS 0x00000000c3200000| PB 0x00000000c3200000| Untracked 
|  25|0x00000000c3300000, 0x00000000c3300000, 0x00000000c3400000|  0%| F|  |TAMS 0x00000000c3300000| PB 0x00000000c3300000| Untracked 
|  26|0x00000000c3400000, 0x00000000c3400000, 0x00000000c3500000|  0%| F|  |TAMS 0x00000000c3400000| PB 0x00000000c3400000| Untracked 
|  27|0x00000000c3500000, 0x00000000c3500000, 0x00000000c3600000|  0%| F|  |TAMS 0x00000000c3500000| PB 0x00000000c3500000| Untracked 
|  28|0x00000000c3600000, 0x00000000c3600000, 0x00000000c3700000|  0%| F|  |TAMS 0x00000000c3600000| PB 0x00000000c3600000| Untracked 
|  29|0x00000000c3700000, 0x00000000c3700000, 0x00000000c3800000|  0%| F|  |TAMS 0x00000000c3700000| PB 0x00000000c3700000| Untracked 
|  30|0x00000000c3800000, 0x00000000c3800000, 0x00000000c3900000|  0%| F|  |TAMS 0x00000000c3800000| PB 0x00000000c3800000| Untracked 
|  31|0x00000000c3900000, 0x00000000c3900000, 0x00000000c3a00000|  0%| F|  |TAMS 0x00000000c3900000| PB 0x00000000c3900000| Untracked 
|  32|0x00000000c3a00000, 0x00000000c3a00000, 0x00000000c3b00000|  0%| F|  |TAMS 0x00000000c3a00000| PB 0x00000000c3a00000| Untracked 
|  33|0x00000000c3b00000, 0x00000000c3b00000, 0x00000000c3c00000|  0%| F|  |TAMS 0x00000000c3b00000| PB 0x00000000c3b00000| Untracked 
|  34|0x00000000c3c00000, 0x00000000c3c00000, 0x00000000c3d00000|  0%| F|  |TAMS 0x00000000c3c00000| PB 0x00000000c3c00000| Untracked 
|  35|0x00000000c3d00000, 0x00000000c3d00000, 0x00000000c3e00000|  0%| F|  |TAMS 0x00000000c3d00000| PB 0x00000000c3d00000| Untracked 
|  36|0x00000000c3e00000, 0x00000000c3e00000, 0x00000000c3f00000|  0%| F|  |TAMS 0x00000000c3e00000| PB 0x00000000c3e00000| Untracked 
|  37|0x00000000c3f00000, 0x00000000c3f00000, 0x00000000c4000000|  0%| F|  |TAMS 0x00000000c3f00000| PB 0x00000000c3f00000| Untracked 
|  38|0x00000000c4000000, 0x00000000c4000000, 0x00000000c4100000|  0%| F|  |TAMS 0x00000000c4000000| PB 0x00000000c4000000| Untracked 
|  39|0x00000000c4100000, 0x00000000c4100000, 0x00000000c4200000|  0%| F|  |TAMS 0x00000000c4100000| PB 0x00000000c4100000| Untracked 
|  40|0x00000000c4200000, 0x00000000c4200000, 0x00000000c4300000|  0%| F|  |TAMS 0x00000000c4200000| PB 0x00000000c4200000| Untracked 
|  41|0x00000000c4300000, 0x00000000c4300000, 0x00000000c4400000|  0%| F|  |TAMS 0x00000000c4300000| PB 0x00000000c4300000| Untracked 
|  42|0x00000000c4400000, 0x00000000c4400000, 0x00000000c4500000|  0%| F|  |TAMS 0x00000000c4400000| PB 0x00000000c4400000| Untracked 
|  54|0x00000000c5000000, 0x00000000c5000000, 0x00000000c5100000|  0%| F|  |TAMS 0x00000000c5000000| PB 0x00000000c5000000| Untracked 
|  55|0x00000000c5100000, 0x00000000c5100000, 0x00000000c5200000|  0%| F|  |TAMS 0x00000000c5100000| PB 0x00000000c5100000| Untracked 
|  56|0x00000000c5200000, 0x00000000c5200000, 0x00000000c5300000|  0%| F|  |TAMS 0x00000000c5200000| PB 0x00000000c5200000| Untracked 
|  63|0x00000000c5900000, 0x00000000c5900000, 0x00000000c5a00000|  0%| F|  |TAMS 0x00000000c5900000| PB 0x00000000c5900000| Untracked 

Card table byte_map: [0x000001b8fbb20000,0x000001b8fbd20000] _byte_map_base: 0x000001b8fb513000

Marking Bits: (CMBitMap*) 0x000001b8fb54dfc0
 Bits: [0x000001b8fbd20000, 0x000001b8fccb8000)

Polling page: 0x000001b8facf0000

Metaspace:

Usage:
  Non-class:     24.95 MB used.
      Class:      3.63 MB used.
       Both:     28.58 MB used.

Virtual space:
  Non-class space:       64.00 MB reserved,      25.25 MB ( 39%) committed,  1 nodes.
      Class space:        1.00 GB reserved,       3.88 MB ( <1%) committed,  1 nodes.
             Both:        1.06 GB reserved,      29.12 MB (  3%) committed. 

Chunk freelists:
   Non-Class:  6.80 MB
       Class:  12.16 MB
        Both:  18.96 MB

MaxMetaspaceSize: unlimited
CompressedClassSpaceSize: 1.00 GB
Initial GC threshold: 21.00 MB
Current GC threshold: 35.25 MB
CDS: on
 - commit_granule_bytes: 65536.
 - commit_granule_words: 8192.
 - virtual_space_node_default_size: 8388608.
 - enlarge_chunks_in_place: 1.
 - use_allocation_guard: 0.


Internal statistics:

num_allocs_failed_limit: 5.
num_arena_births: 604.
num_arena_deaths: 0.
num_vsnodes_births: 2.
num_vsnodes_deaths: 0.
num_space_committed: 466.
num_space_uncommitted: 0.
num_chunks_returned_to_freelist: 5.
num_chunks_taken_from_freelist: 1762.
num_chunk_merges: 5.
num_chunk_splits: 1122.
num_chunks_enlarged: 742.
num_inconsistent_stats: 0.

CodeHeap 'non-profiled nmethods': size=120000Kb used=1738Kb max_used=1738Kb free=118261Kb
 bounds [0x000001b88fe90000, 0x000001b890100000, 0x000001b8973c0000]
CodeHeap 'profiled nmethods': size=120000Kb used=8121Kb max_used=8121Kb free=111878Kb
 bounds [0x000001b8883c0000, 0x000001b888bb0000, 0x000001b88f8f0000]
CodeHeap 'non-nmethods': size=5760Kb used=1467Kb max_used=1532Kb free=4292Kb
 bounds [0x000001b88f8f0000, 0x000001b88fb60000, 0x000001b88fe90000]
 total_blobs=4570 nmethods=4022 adapters=452
 compilation: enabled
              stopped_count=0, restarted_count=0
 full_count=0

Compilation events (20 events):
Event: 5.793 Thread 0x000001b8ff6ca470 4012       4       org.springframework.beans.factory.support.AbstractBeanFactory::isTypeMatch (745 bytes)
Event: 5.793 Thread 0x000001b8ff6cb030 nmethod 4023 0x000001b890042090 code [0x000001b890042220, 0x000001b8900422e8]
Event: 5.800 Thread 0x000001b8ff6cb030 4027       3       org.springframework.core.annotation.AnnotationsScanner::getBaseTypeMethods (123 bytes)
Event: 5.801 Thread 0x000001b8ff6cb030 nmethod 4027 0x000001b888baaa90 code [0x000001b888baad20, 0x000001b888bab8e0]
Event: 5.801 Thread 0x000001b8ff6cb030 4028       3       org.springframework.util.ReflectionUtils$$Lambda/0x000001b89936d1f0::doWith (11 bytes)
Event: 5.801 Thread 0x000001b8ff6cb030 nmethod 4028 0x000001b888babc90 code [0x000001b888babe40, 0x000001b888bac018]
Event: 5.801 Thread 0x000001b8ff6cb030 4030       1       org.springframework.beans.factory.config.InstantiationAwareBeanPostProcessor::postProcessBeforeInstantiation (2 bytes)
Event: 5.801 Thread 0x000001b8ff6cb030 nmethod 4030 0x000001b890042390 code [0x000001b890042520, 0x000001b8900425f0]
Event: 5.801 Thread 0x000001b8ff6cb030 4031       1       org.springframework.beans.factory.config.InstantiationAwareBeanPostProcessor::postProcessAfterInstantiation (2 bytes)
Event: 5.801 Thread 0x000001b8ff6cb030 nmethod 4031 0x000001b890042690 code [0x000001b890042820, 0x000001b8900428e8]
Event: 5.801 Thread 0x000001b8ff6cb030 4032   !   3       jdk.proxy2.$Proxy21::annotationType (29 bytes)
Event: 5.802 Thread 0x000001b8ff6cb030 nmethod 4032 0x000001b888bac110 code [0x000001b888bac2e0, 0x000001b888bac6e0]
Event: 5.802 Thread 0x000001b8ff6cb030 4033       3       java.lang.ThreadLocal$ThreadLocalMap::nextIndex (15 bytes)
Event: 5.802 Thread 0x000001b8ff6cb030 nmethod 4033 0x000001b888bac890 code [0x000001b888baca20, 0x000001b888bacb60]
Event: 5.802 Thread 0x000001b8ff6cb030 4034       3       org.springframework.transaction.interceptor.TransactionAttributeSourcePointcut::matches (27 bytes)
Event: 5.802 Thread 0x000001b8ff6cb030 nmethod 4034 0x000001b888bacc10 code [0x000001b888bacdc0, 0x000001b888bad100]
Event: 5.802 Thread 0x000001b8ff6cb030 4035       3       org.springframework.transaction.annotation.AnnotationTransactionAttributeSource::determineTransactionAttribute (88 bytes)
Event: 5.803 Thread 0x000001b8ff6cb030 nmethod 4035 0x000001b888bad210 code [0x000001b888bad460, 0x000001b888bade78]
Event: 5.803 Thread 0x000001b8ff6cb030 4036       3       org.springframework.transaction.annotation.SpringTransactionAnnotationParser::parseTransactionAnnotation (21 bytes)
Event: 5.803 Thread 0x000001b8ff6cb030 nmethod 4036 0x000001b888bae110 code [0x000001b888bae2e0, 0x000001b888bae4f0]

GC Heap History (13 events):
Event: 1.014 GC heap before
{Heap before GC invocations=0 (full 0):
 garbage-first heap   total 65536K, used 23552K [0x00000000c1a00000, 0x0000000100000000)
  region size 1024K, 23 young (23552K), 0 survivors (0K)
 Metaspace       used 5485K, committed 5632K, reserved 1114112K
  class space    used 618K, committed 704K, reserved 1048576K
}
Event: 1.024 GC heap after
{Heap after GC invocations=1 (full 0):
 garbage-first heap   total 65536K, used 7832K [0x00000000c1a00000, 0x0000000100000000)
  region size 1024K, 3 young (3072K), 3 survivors (3072K)
 Metaspace       used 5485K, committed 5632K, reserved 1114112K
  class space    used 618K, committed 704K, reserved 1048576K
}
Event: 2.160 GC heap before
{Heap before GC invocations=1 (full 0):
 garbage-first heap   total 65536K, used 33432K [0x00000000c1a00000, 0x0000000100000000)
  region size 1024K, 28 young (28672K), 3 survivors (3072K)
 Metaspace       used 12245K, committed 12544K, reserved 1114112K
  class space    used 1508K, committed 1664K, reserved 1048576K
}
Event: 2.172 GC heap after
{Heap after GC invocations=2 (full 0):
 garbage-first heap   total 65536K, used 10336K [0x00000000c1a00000, 0x0000000100000000)
  region size 1024K, 3 young (3072K), 3 survivors (3072K)
 Metaspace       used 12245K, committed 12544K, reserved 1114112K
  class space    used 1508K, committed 1664K, reserved 1048576K
}
Event: 3.155 GC heap before
{Heap before GC invocations=2 (full 0):
 garbage-first heap   total 65536K, used 42080K [0x00000000c1a00000, 0x0000000100000000)
  region size 1024K, 35 young (35840K), 3 survivors (3072K)
 Metaspace       used 20147K, committed 20416K, reserved 1114112K
  class space    used 2511K, committed 2624K, reserved 1048576K
}
Event: 3.162 GC heap after
{Heap after GC invocations=3 (full 0):
 garbage-first heap   total 65536K, used 11878K [0x00000000c1a00000, 0x0000000100000000)
  region size 1024K, 4 young (4096K), 4 survivors (4096K)
 Metaspace       used 20147K, committed 20416K, reserved 1114112K
  class space    used 2511K, committed 2624K, reserved 1048576K
}
Event: 3.274 GC heap before
{Heap before GC invocations=3 (full 0):
 garbage-first heap   total 65536K, used 18022K [0x00000000c1a00000, 0x0000000100000000)
  region size 1024K, 11 young (11264K), 4 survivors (4096K)
 Metaspace       used 21244K, committed 21504K, reserved 1114112K
  class space    used 2681K, committed 2816K, reserved 1048576K
}
Event: 3.279 GC heap after
{Heap after GC invocations=4 (full 0):
 garbage-first heap   total 65536K, used 12173K [0x00000000c1a00000, 0x0000000100000000)
  region size 1024K, 3 young (3072K), 3 survivors (3072K)
 Metaspace       used 21244K, committed 21504K, reserved 1114112K
  class space    used 2681K, committed 2816K, reserved 1048576K
}
Event: 4.133 GC heap before
{Heap before GC invocations=5 (full 0):
 garbage-first heap   total 48128K, used 37773K [0x00000000c1a00000, 0x0000000100000000)
  region size 1024K, 28 young (28672K), 3 survivors (3072K)
 Metaspace       used 24171K, committed 24512K, reserved 1114112K
  class space    used 3010K, committed 3136K, reserved 1048576K
}
Event: 4.144 GC heap after
{Heap after GC invocations=6 (full 0):
 garbage-first heap   total 48128K, used 15398K [0x00000000c1a00000, 0x0000000100000000)
  region size 1024K, 4 young (4096K), 4 survivors (4096K)
 Metaspace       used 24171K, committed 24512K, reserved 1114112K
  class space    used 3010K, committed 3136K, reserved 1048576K
}
Event: 4.923 GC heap before
{Heap before GC invocations=6 (full 0):
 garbage-first heap   total 48128K, used 36902K [0x00000000c1a00000, 0x0000000100000000)
  region size 1024K, 25 young (25600K), 4 survivors (4096K)
 Metaspace       used 26287K, committed 26688K, reserved 1114112K
  class space    used 3291K, committed 3456K, reserved 1048576K
}
Event: 4.941 GC heap after
{Heap after GC invocations=7 (full 0):
 garbage-first heap   total 48128K, used 17109K [0x00000000c1a00000, 0x0000000100000000)
  region size 1024K, 2 young (2048K), 2 survivors (2048K)
 Metaspace       used 26287K, committed 26688K, reserved 1114112K
  class space    used 3291K, committed 3456K, reserved 1048576K
}
Event: 5.806 GC heap before
{Heap before GC invocations=7 (full 0):
 garbage-first heap   total 48128K, used 38613K [0x00000000c1a00000, 0x0000000100000000)
  region size 1024K, 23 young (23552K), 2 survivors (2048K)
 Metaspace       used 29270K, committed 29824K, reserved 1114112K
  class space    used 3720K, committed 3968K, reserved 1048576K
}

Dll operation events (9 events):
Event: 0.087 Loaded shared library C:\Program Files\Java\jdk-21\bin\java.dll
Event: 0.167 Loaded shared library C:\Program Files\Java\jdk-21\bin\jsvml.dll
Event: 0.203 Loaded shared library C:\Program Files\Java\jdk-21\bin\net.dll
Event: 0.210 Loaded shared library C:\Program Files\Java\jdk-21\bin\nio.dll
Event: 0.222 Loaded shared library C:\Program Files\Java\jdk-21\bin\zip.dll
Event: 0.335 Loaded shared library C:\Program Files\Java\jdk-21\bin\management.dll
Event: 0.363 Loaded shared library C:\Program Files\Java\jdk-21\bin\management_ext.dll
Event: 0.391 Loaded shared library C:\Program Files\Java\jdk-21\bin\jimage.dll
Event: 3.466 Loaded shared library C:\Program Files\Java\jdk-21\bin\sunmscapi.dll

Deoptimization events (20 events):
Event: 5.697 Thread 0x000001b8f945cbb0 Uncommon trap: trap_request=0xffffff45 fr.pc=0x000001b88ffdb0d0 relative=0x0000000000000590
Event: 5.697 Thread 0x000001b8f945cbb0 Uncommon trap: reason=unstable_if action=reinterpret pc=0x000001b88ffdb0d0 method=org.springframework.util.ConcurrentReferenceHashMap$Segment.findInChain(Lorg/springframework/util/ConcurrentReferenceHashMap$Reference;Ljava/lang/Object;I)Lorg/springframewo
Event: 5.697 Thread 0x000001b8f945cbb0 DEOPT PACKING pc=0x000001b88ffdb0d0 sp=0x00000037d6efa040
Event: 5.697 Thread 0x000001b8f945cbb0 DEOPT UNPACKING pc=0x000001b88f9446a2 sp=0x00000037d6ef9ee0 mode 2
Event: 5.697 Thread 0x000001b8f945cbb0 Uncommon trap: trap_request=0xffffff45 fr.pc=0x000001b88ffd6290 relative=0x0000000000000250
Event: 5.697 Thread 0x000001b8f945cbb0 Uncommon trap: reason=unstable_if action=reinterpret pc=0x000001b88ffd6290 method=org.springframework.util.ConcurrentReferenceHashMap$Segment.findInChain(Lorg/springframework/util/ConcurrentReferenceHashMap$Reference;Ljava/lang/Object;I)Lorg/springframewo
Event: 5.697 Thread 0x000001b8f945cbb0 DEOPT PACKING pc=0x000001b88ffd6290 sp=0x00000037d6ef9e20
Event: 5.697 Thread 0x000001b8f945cbb0 DEOPT UNPACKING pc=0x000001b88f9446a2 sp=0x00000037d6ef9dc8 mode 2
Event: 5.697 Thread 0x000001b8f945cbb0 Uncommon trap: trap_request=0xffffff45 fr.pc=0x000001b88ffdc718 relative=0x0000000000000458
Event: 5.697 Thread 0x000001b8f945cbb0 Uncommon trap: reason=unstable_if action=reinterpret pc=0x000001b88ffdc718 method=org.springframework.util.ConcurrentReferenceHashMap$Segment.findInChain(Lorg/springframework/util/ConcurrentReferenceHashMap$Reference;Ljava/lang/Object;I)Lorg/springframewo
Event: 5.697 Thread 0x000001b8f945cbb0 DEOPT PACKING pc=0x000001b88ffdc718 sp=0x00000037d6ef9fa0
Event: 5.697 Thread 0x000001b8f945cbb0 DEOPT UNPACKING pc=0x000001b88f9446a2 sp=0x00000037d6ef9ed8 mode 2
Event: 5.734 Thread 0x000001b8f945cbb0 Uncommon trap: trap_request=0xffffffcc fr.pc=0x000001b890037dc4 relative=0x0000000000000384
Event: 5.734 Thread 0x000001b8f945cbb0 Uncommon trap: reason=intrinsic_or_type_checked_inlining action=make_not_entrant pc=0x000001b890037dc4 method=java.util.Arrays.copyOf([Ljava/lang/Object;ILjava/lang/Class;)[Ljava/lang/Object; @ 35 c2
Event: 5.734 Thread 0x000001b8f945cbb0 DEOPT PACKING pc=0x000001b890037dc4 sp=0x00000037d6efb880
Event: 5.734 Thread 0x000001b8f945cbb0 DEOPT UNPACKING pc=0x000001b88f9446a2 sp=0x00000037d6efb810 mode 2
Event: 5.771 Thread 0x000001b8f945cbb0 Uncommon trap: trap_request=0xffffffde fr.pc=0x000001b88ff5d850 relative=0x0000000000000190
Event: 5.771 Thread 0x000001b8f945cbb0 Uncommon trap: reason=class_check action=maybe_recompile pc=0x000001b88ff5d850 method=org.springframework.boot.context.properties.source.ConfigurationPropertyName$Elements.charAt(II)C @ 43 c2
Event: 5.771 Thread 0x000001b8f945cbb0 DEOPT PACKING pc=0x000001b88ff5d850 sp=0x00000037d6ef74c0
Event: 5.771 Thread 0x000001b8f945cbb0 DEOPT UNPACKING pc=0x000001b88f9446a2 sp=0x00000037d6ef7438 mode 2

Classes loaded (20 events):
Event: 5.460 Loading class java/lang/runtime/ObjectMethods$1
Event: 5.460 Loading class java/lang/runtime/ObjectMethods$1 done
Event: 5.463 Loading class java/lang/invoke/DirectMethodHandle$1
Event: 5.463 Loading class java/lang/invoke/DirectMethodHandle$1 done
Event: 5.491 Loading class java/lang/invoke/MethodHandleImpl$CountingWrapper
Event: 5.492 Loading class java/lang/invoke/MethodHandleImpl$CountingWrapper done
Event: 5.514 Loading class java/util/DualPivotQuicksort
Event: 5.514 Loading class java/util/DualPivotQuicksort done
Event: 5.519 Loading class jdk/internal/org/objectweb/asm/ClassReader
Event: 5.519 Loading class jdk/internal/org/objectweb/asm/ClassReader done
Event: 5.648 Loading class javax/naming/NameNotFoundException
Event: 5.648 Loading class javax/naming/NameNotFoundException done
Event: 5.728 Loading class java/text/MessageFormat
Event: 5.728 Loading class java/text/MessageFormat done
Event: 5.749 Loading class java/lang/Class$EnclosingMethodInfo
Event: 5.749 Loading class java/lang/Class$EnclosingMethodInfo done
Event: 5.749 Loading class java/lang/reflect/AnnotatedType
Event: 5.750 Loading class java/lang/reflect/AnnotatedType done
Event: 5.751 Loading class sun/reflect/misc/ReflectUtil
Event: 5.751 Loading class sun/reflect/misc/ReflectUtil done

Classes unloaded (0 events):
No events

Classes redefined (0 events):
No events

Internal exceptions (20 events):
Event: 5.461 Thread 0x000001b8f945cbb0 Exception <a 'java/lang/NoSuchMethodError'{0x00000000c3f140d0}: 'int java.lang.invoke.DirectMethodHandle$Holder.invokeStaticInit(java.lang.Object, long, long)'> (0x00000000c3f140d0) 
thrown [s\open\src\hotspot\share\interpreter\linkResolver.cpp, line 773]
Event: 5.462 Thread 0x000001b8f945cbb0 Exception <a 'java/lang/NoSuchMethodError'{0x00000000c3f1af68}: 'int java.lang.invoke.DirectMethodHandle$Holder.invokeStaticInit(java.lang.Object, float, float)'> (0x00000000c3f1af68) 
thrown [s\open\src\hotspot\share\interpreter\linkResolver.cpp, line 773]
Event: 5.462 Thread 0x000001b8f945cbb0 Exception <a 'java/lang/NoSuchMethodError'{0x00000000c3f21df8}: 'int java.lang.invoke.DirectMethodHandle$Holder.invokeStaticInit(java.lang.Object, double, double)'> (0x00000000c3f21df8) 
thrown [s\open\src\hotspot\share\interpreter\linkResolver.cpp, line 773]
Event: 5.462 Thread 0x000001b8f945cbb0 Exception <a 'java/lang/NoSuchMethodError'{0x00000000c3f266d0}: 'int java.lang.invoke.DirectMethodHandle$Holder.invokeStatic(java.lang.Object, long)'> (0x00000000c3f266d0) 
thrown [s\open\src\hotspot\share\interpreter\linkResolver.cpp, line 773]
Event: 5.465 Thread 0x000001b8f945cbb0 Exception <a 'java/lang/NoSuchMethodError'{0x00000000c3f48840}: 'int java.lang.invoke.DirectMethodHandle$Holder.invokeSpecial(java.lang.Object, java.lang.Object, int)'> (0x00000000c3f48840) 
thrown [s\open\src\hotspot\share\interpreter\linkResolver.cpp, line 773]
Event: 5.466 Thread 0x000001b8f945cbb0 Exception <a 'java/lang/NoSuchMethodError'{0x00000000c3f504c0}: 'int java.lang.invoke.Invokers$Holder.linkToTargetMethod(java.lang.Object, java.lang.Object)'> (0x00000000c3f504c0) 
thrown [s\open\src\hotspot\share\interpreter\linkResolver.cpp, line 773]
Event: 5.485 Thread 0x000001b8f945cbb0 Exception <a 'java/lang/NoSuchMethodError'{0x00000000c3fe0bc0}: 'java.lang.Object java.lang.invoke.Invokers$Holder.invoke_MT(java.lang.Object, java.lang.Object, java.lang.Object, java.lang.Object, java.lang.Object, java.lang.Object, java.lang.Object, java.lang.Object, java.lang.Object, java.lang.Object)'> (0x00000000c3fe0bc0) 
thrown [s\open\src\hotspot\share\interpreter\linkResolver.cpp, line 773]
Event: 5.490 Thread 0x000001b8f945cbb0 Exception <a 'java/lang/NoSuchMethodError'{0x00000000c3e1d0f0}: 'java.lang.Object java.lang.invoke.DirectMethodHandle$Holder.invokeSpecial(java.lang.Object, java.lang.Object, int, java.lang.Object, java.lang.Object)'> (0x00000000c3e1d0f0) 
thrown [s\open\src\hotspot\share\interpreter\linkResolver.cpp, line 773]
Event: 5.491 Thread 0x000001b8f945cbb0 Exception <a 'java/lang/NoSuchMethodError'{0x00000000c3e21090}: 'java.lang.Object java.lang.invoke.DelegatingMethodHandle$Holder.delegate(java.lang.Object, int, java.lang.Object, java.lang.Object)'> (0x00000000c3e21090) 
thrown [s\open\src\hotspot\share\interpreter\linkResolver.cpp, line 773]
Event: 5.493 Thread 0x000001b8f945cbb0 Exception <a 'java/lang/NoSuchMethodError'{0x00000000c3e30c18}: 'int java.lang.invoke.Invokers$Holder.linkToTargetMethod(java.lang.Object, java.lang.Object, java.lang.Object)'> (0x00000000c3e30c18) 
thrown [s\open\src\hotspot\share\interpreter\linkResolver.cpp, line 773]
Event: 5.523 Thread 0x000001b8f945cbb0 Exception <a 'java/lang/NoSuchMethodError'{0x00000000c3ed14c8}: 'void java.lang.invoke.Invokers$Holder.invokeExact_MT(java.lang.Object, java.lang.Object, java.lang.Object)'> (0x00000000c3ed14c8) 
thrown [s\open\src\hotspot\share\interpreter\linkResolver.cpp, line 773]
Event: 5.562 Thread 0x000001b8f945cbb0 Exception <a 'java/lang/NoClassDefFoundError'{0x00000000c3c05f90}: org/flywaydb/core/Flyway> (0x00000000c3c05f90) 
thrown [s\open\src\hotspot\share\classfile\systemDictionary.cpp, line 301]
Event: 5.562 Thread 0x000001b8f945cbb0 Exception <a 'java/lang/NoClassDefFoundError'{0x00000000c3c083a8}: liquibase/integration/spring/SpringLiquibase> (0x00000000c3c083a8) 
thrown [s\open\src\hotspot\share\classfile\systemDictionary.cpp, line 301]
Event: 5.618 Thread 0x000001b8f945cbb0 Exception <a 'java/lang/NoClassDefFoundError'{0x00000000c3ac8758}: org/jooq/DSLContext> (0x00000000c3ac8758) 
thrown [s\open\src\hotspot\share\classfile\systemDictionary.cpp, line 301]
Event: 5.618 Thread 0x000001b8f945cbb0 Exception <a 'java/lang/NoClassDefFoundError'{0x00000000c3acbdc8}: jakarta/persistence/EntityManagerFactory> (0x00000000c3acbdc8) 
thrown [s\open\src\hotspot\share\classfile\systemDictionary.cpp, line 301]
Event: 5.619 Thread 0x000001b8f945cbb0 Exception <a 'java/lang/NoClassDefFoundError'{0x00000000c3ace650}: org/springframework/batch/core/repository/JobRepository> (0x00000000c3ace650) 
thrown [s\open\src\hotspot\share\classfile\systemDictionary.cpp, line 301]
Event: 5.619 Thread 0x000001b8f945cbb0 Exception <a 'java/lang/NoClassDefFoundError'{0x00000000c3ad0758}: org/quartz/Scheduler> (0x00000000c3ad0758) 
thrown [s\open\src\hotspot\share\classfile\systemDictionary.cpp, line 301]
Event: 5.619 Thread 0x000001b8f945cbb0 Exception <a 'java/lang/NoClassDefFoundError'{0x00000000c3ad2dc8}: org/springframework/session/jdbc/JdbcIndexedSessionRepository> (0x00000000c3ad2dc8) 
thrown [s\open\src\hotspot\share\classfile\systemDictionary.cpp, line 301]
Event: 5.738 Thread 0x000001b8f945cbb0 Exception <a 'java/lang/NoSuchMethodError'{0x00000000c3623828}: 'void java.lang.invoke.Invokers$Holder.invokeExact_MT(java.lang.Object, java.lang.Object, java.lang.Object, java.lang.Object)'> (0x00000000c3623828) 
thrown [s\open\src\hotspot\share\interpreter\linkResolver.cpp, line 773]
Event: 5.783 Thread 0x000001b8f945cbb0 Exception <a 'java/lang/NoSuchMethodError'{0x00000000c35e2c68}: 'java.lang.Object java.lang.invoke.DirectMethodHandle$Holder.newInvokeSpecial(java.lang.Object, java.lang.Object, java.lang.Object, java.lang.Object, java.lang.Object, java.lang.Object, java.lang.Object, java.lang.Object, java.lang.Object)'> (0x00000000c35e2c68) 
thrown [s\open\src\hotspot\share\interpreter\linkResolver.cpp, line 773]

ZGC Phase Switch (0 events):
No events

VM Operations (20 events):
Event: 4.029 Executing VM operation: ICBufferFull done
Event: 4.133 Executing VM operation: G1CollectForAllocation (G1 Evacuation Pause)
Event: 4.144 Executing VM operation: G1CollectForAllocation (G1 Evacuation Pause) done
Event: 4.279 Executing VM operation: HandshakeAllThreads (Deoptimize)
Event: 4.279 Executing VM operation: HandshakeAllThreads (Deoptimize) done
Event: 4.603 Executing VM operation: ICBufferFull
Event: 4.603 Executing VM operation: ICBufferFull done
Event: 4.923 Executing VM operation: G1CollectForAllocation (G1 Evacuation Pause)
Event: 4.941 Executing VM operation: G1CollectForAllocation (G1 Evacuation Pause) done
Event: 5.319 Executing VM operation: HandshakeAllThreads (Deoptimize)
Event: 5.320 Executing VM operation: HandshakeAllThreads (Deoptimize) done
Event: 5.321 Executing VM operation: HandshakeAllThreads (Deoptimize)
Event: 5.321 Executing VM operation: HandshakeAllThreads (Deoptimize) done
Event: 5.469 Executing VM operation: HandshakeAllThreads (Deoptimize)
Event: 5.469 Executing VM operation: HandshakeAllThreads (Deoptimize) done
Event: 5.744 Executing VM operation: ICBufferFull
Event: 5.744 Executing VM operation: ICBufferFull done
Event: 5.753 Executing VM operation: HandshakeAllThreads (Deoptimize)
Event: 5.753 Executing VM operation: HandshakeAllThreads (Deoptimize) done
Event: 5.806 Executing VM operation: G1CollectForAllocation (G1 Evacuation Pause)

Events (17 events):
Event: 0.121 Thread 0x000001b8f945cbb0 Thread added: 0x000001b8f945cbb0
Event: 0.160 Thread 0x000001b8ff6937d0 Thread added: 0x000001b8ff6937d0
Event: 0.160 Thread 0x000001b8ff6944e0 Thread added: 0x000001b8ff6944e0
Event: 0.161 Thread 0x000001b8ff696690 Thread added: 0x000001b8ff696690
Event: 0.161 Thread 0x000001b8ff697570 Thread added: 0x000001b8ff697570
Event: 0.161 Thread 0x000001b8ff69a100 Thread added: 0x000001b8ff69a100
Event: 0.161 Thread 0x000001b8ff69f190 Thread added: 0x000001b8ff69f190
Event: 0.161 Thread 0x000001b8ff6ca470 Thread added: 0x000001b8ff6ca470
Event: 0.161 Thread 0x000001b8ff6cb030 Thread added: 0x000001b8ff6cb030
Event: 0.192 Thread 0x000001b89757ff70 Thread added: 0x000001b89757ff70
Event: 0.195 Thread 0x000001b897586a00 Thread added: 0x000001b897586a00
Event: 0.529 Thread 0x000001b8976da350 Thread added: 0x000001b8976da350
Event: 0.541 Thread 0x000001b8dd0c0f60 Thread added: 0x000001b8dd0c0f60
Event: 2.687 Thread 0x000001b8ddb22b20 Thread added: 0x000001b8ddb22b20
Event: 3.314 Thread 0x000001b8de761c90 Thread added: 0x000001b8de761c90
Event: 3.437 Thread 0x000001b8de761c90 Thread exited: 0x000001b8de761c90
Event: 3.522 Thread 0x000001b8ddb22b20 Thread exited: 0x000001b8ddb22b20


Dynamic libraries:
0x00007ff65dd20000 - 0x00007ff65dd30000 	C:\Program Files\Java\jdk-21\bin\java.exe
0x00007ffc03a40000 - 0x00007ffc03c49000 	C:\WINDOWS\SYSTEM32\ntdll.dll
0x00007ffc03850000 - 0x00007ffc0390d000 	C:\WINDOWS\System32\KERNEL32.DLL
0x00007ffc00ed0000 - 0x00007ffc01254000 	C:\WINDOWS\System32\KERNELBASE.dll
0x00007ffc01770000 - 0x00007ffc01881000 	C:\WINDOWS\System32\ucrtbase.dll
0x00007ffbeb540000 - 0x00007ffbeb55b000 	C:\Program Files\Java\jdk-21\bin\VCRUNTIME140.dll
0x00007ffbec2a0000 - 0x00007ffbec2b9000 	C:\Program Files\Java\jdk-21\bin\jli.dll
0x00007ffc02ed0000 - 0x00007ffc02f7e000 	C:\WINDOWS\System32\ADVAPI32.dll
0x00007ffc01c10000 - 0x00007ffc01cb3000 	C:\WINDOWS\System32\msvcrt.dll
0x00007ffc018c0000 - 0x00007ffc0195e000 	C:\WINDOWS\System32\sechost.dll
0x00007ffc01ae0000 - 0x00007ffc01c01000 	C:\WINDOWS\System32\RPCRT4.dll
0x00007ffc03350000 - 0x00007ffc034fd000 	C:\WINDOWS\System32\USER32.dll
0x00007ffc01390000 - 0x00007ffc013b6000 	C:\WINDOWS\System32\win32u.dll
0x00007ffc01a70000 - 0x00007ffc01a9a000 	C:\WINDOWS\System32\GDI32.dll
0x00007ffc014e0000 - 0x00007ffc015fe000 	C:\WINDOWS\System32\gdi32full.dll
0x00007ffc01440000 - 0x00007ffc014dd000 	C:\WINDOWS\System32\msvcp_win.dll
0x00007ffbf9e50000 - 0x00007ffbf9e5a000 	C:\WINDOWS\SYSTEM32\VERSION.dll
0x00007ffbe9320000 - 0x00007ffbe95c5000 	C:\WINDOWS\WinSxS\amd64_microsoft.windows.common-controls_6595b64144ccf1df_6.0.22000.120_none_9d947278b86cc467\COMCTL32.dll
0x00007ffc01aa0000 - 0x00007ffc01ad1000 	C:\WINDOWS\System32\IMM32.DLL
0x00007ffbf2360000 - 0x00007ffbf236c000 	C:\Program Files\Java\jdk-21\bin\vcruntime140_1.dll
0x00007ffbd22f0000 - 0x00007ffbd237e000 	C:\Program Files\Java\jdk-21\bin\msvcp140.dll
0x00007ffb85710000 - 0x00007ffb86428000 	C:\Program Files\Java\jdk-21\bin\server\jvm.dll
0x00007ffc02e60000 - 0x00007ffc02ecf000 	C:\WINDOWS\System32\WS2_32.dll
0x00007ffc00da0000 - 0x00007ffc00ded000 	C:\WINDOWS\SYSTEM32\POWRPROF.dll
0x00007ffbf9df0000 - 0x00007ffbf9e23000 	C:\WINDOWS\SYSTEM32\WINMM.dll
0x00007ffc00d80000 - 0x00007ffc00d93000 	C:\WINDOWS\SYSTEM32\UMPDC.dll
0x00007ffbfff40000 - 0x00007ffbfff58000 	C:\WINDOWS\SYSTEM32\kernel.appcore.dll
0x00007ffbec440000 - 0x00007ffbec44a000 	C:\Program Files\Java\jdk-21\bin\jimage.dll
0x00007ffbeb620000 - 0x00007ffbeb841000 	C:\WINDOWS\SYSTEM32\DBGHELP.DLL
0x00007ffbeb560000 - 0x00007ffbeb591000 	C:\WINDOWS\SYSTEM32\dbgcore.DLL
0x00007ffc013c0000 - 0x00007ffc0143f000 	C:\WINDOWS\System32\bcryptPrimitives.dll
0x00007ffbe75c0000 - 0x00007ffbe75df000 	C:\Program Files\Java\jdk-21\bin\java.dll
0x00007ffc02590000 - 0x00007ffc02d55000 	C:\WINDOWS\System32\SHELL32.dll
0x00007ffbfefa0000 - 0x00007ffbff802000 	C:\WINDOWS\SYSTEM32\windows.storage.dll
0x00007ffc01d90000 - 0x00007ffc02106000 	C:\WINDOWS\System32\combase.dll
0x00007ffbfee30000 - 0x00007ffbfef97000 	C:\WINDOWS\SYSTEM32\wintypes.dll
0x00007ffc02d60000 - 0x00007ffc02e4a000 	C:\WINDOWS\System32\SHCORE.dll
0x00007ffc03210000 - 0x00007ffc0326d000 	C:\WINDOWS\System32\shlwapi.dll
0x00007ffc00e00000 - 0x00007ffc00e25000 	C:\WINDOWS\SYSTEM32\profapi.dll
0x00007ffbb8a70000 - 0x00007ffbb8b47000 	C:\Program Files\Java\jdk-21\bin\jsvml.dll
0x00007ffbec400000 - 0x00007ffbec410000 	C:\Program Files\Java\jdk-21\bin\net.dll
0x00007ffbfad50000 - 0x00007ffbfae64000 	C:\WINDOWS\SYSTEM32\WINHTTP.dll
0x00007ffc003f0000 - 0x00007ffc00457000 	C:\WINDOWS\system32\mswsock.dll
0x00007ffbe68c0000 - 0x00007ffbe68d6000 	C:\Program Files\Java\jdk-21\bin\nio.dll
0x00007ffbe66f0000 - 0x00007ffbe6708000 	C:\Program Files\Java\jdk-21\bin\zip.dll
0x00007ffbebc60000 - 0x00007ffbebc6a000 	C:\Program Files\Java\jdk-21\bin\management.dll
0x00007ffbebb20000 - 0x00007ffbebb2b000 	C:\Program Files\Java\jdk-21\bin\management_ext.dll
0x00007ffc01d80000 - 0x00007ffc01d88000 	C:\WINDOWS\System32\PSAPI.DLL
0x00007ffbe9b10000 - 0x00007ffbe9b1e000 	C:\Program Files\Java\jdk-21\bin\sunmscapi.dll
0x00007ffc01600000 - 0x00007ffc01762000 	C:\WINDOWS\System32\CRYPT32.dll
0x00007ffc00780000 - 0x00007ffc007a8000 	C:\WINDOWS\SYSTEM32\ncrypt.dll
0x00007ffc00740000 - 0x00007ffc00777000 	C:\WINDOWS\SYSTEM32\NTASN1.dll

dbghelp: loaded successfully - version: 4.0.5 - missing functions: none
symbol engine: initialized successfully - sym options: 0x614 - pdb path: .;C:\Program Files\Java\jdk-21\bin;C:\WINDOWS\SYSTEM32;C:\WINDOWS\WinSxS\amd64_microsoft.windows.common-controls_6595b64144ccf1df_6.0.22000.120_none_9d947278b86cc467;C:\Program Files\Java\jdk-21\bin\server

VM Arguments:
java_command: C:\Users\user\AppData\Local\Temp\surefire1034357123999694485\surefirebooter-20250224151618656_3.jar C:\Users\user\AppData\Local\Temp\surefire1034357123999694485 2025-02-24T15-16-17_615-jvmRun1 surefire-20250224151618656_1tmp surefire_0-20250224151618656_2tmp
java_class_path (initial): C:\Users\user\AppData\Local\Temp\surefire1034357123999694485\surefirebooter-20250224151618656_3.jar
Launcher Type: SUN_STANDARD

[Global flags]
     intx CICompilerCount                          = 4                                         {product} {ergonomic}
     uint ConcGCThreads                            = 2                                         {product} {ergonomic}
     uint G1ConcRefinementThreads                  = 8                                         {product} {ergonomic}
   size_t G1HeapRegionSize                         = 1048576                                   {product} {ergonomic}
    uintx GCDrainStackTargetSize                   = 64                                        {product} {ergonomic}
   size_t InitialHeapSize                          = 67108864                                  {product} {ergonomic}
   size_t MarkStackSize                            = 4194304                                   {product} {ergonomic}
   size_t MaxHeapSize                              = 1046478848                                {product} {ergonomic}
   size_t MaxNewSize                               = 627048448                                 {product} {ergonomic}
   size_t MinHeapDeltaBytes                        = 1048576                                   {product} {ergonomic}
   size_t MinHeapSize                              = 8388608                                   {product} {ergonomic}
    uintx NonNMethodCodeHeapSize                   = 5839372                                {pd product} {ergonomic}
    uintx NonProfiledCodeHeapSize                  = 122909434                              {pd product} {ergonomic}
    uintx ProfiledCodeHeapSize                     = 122909434                              {pd product} {ergonomic}
    uintx ReservedCodeCacheSize                    = 251658240                              {pd product} {ergonomic}
     bool SegmentedCodeCache                       = true                                      {product} {ergonomic}
   size_t SoftMaxHeapSize                          = 1046478848                             {manageable} {ergonomic}
     bool UseCompressedOops                        = true                           {product lp64_product} {ergonomic}
     bool UseG1GC                                  = true                                      {product} {ergonomic}
     bool UseLargePagesIndividualAllocation        = false                                  {pd product} {ergonomic}

Logging:
Log output configuration:
 #0: stdout all=warning uptime,level,tags foldmultilines=false
 #1: stderr all=off uptime,level,tags foldmultilines=false

Environment Variables:
JAVA_HOME=C:\Program Files\Java\jdk-21
PATH=C:\Users\user\AppData\Local\Microsoft\WindowsApps;C:\Users\user\OneDrive\πŸ≈¡ »≠∏È\PyCharm Community Edition 2023.1\bin;;C:\Users\user\AppData\Local\Programs\Microsoft VS Code\bin;C:\Users\user\.dotnet\tools;C:\Users\user\AppData\Roaming\npm;C:\Program Files\Apache\Maven\apache-maven-3.9.9-bin\apache-maven-3.9.9\bin;C:\Program Files\Java\jdk-21\bin;
USERNAME=user
TMPDIR=C:\Users\Public\Documents\ESTsoft\CreatorTemp
OS=Windows_NT
PROCESSOR_IDENTIFIER=Intel64 Family 6 Model 142 Stepping 12, GenuineIntel
TMP=C:\Users\user\AppData\Local\Temp
TEMP=C:\Users\user\AppData\Local\Temp




Periodic native trim disabled

---------------  S Y S T E M  ---------------

OS:
 Windows 11 , 64 bit Build 22000 (10.0.22000.2538)
OS uptime: 115 days 21:36 hours

CPU: total 8 (initial active 8) (4 cores per cpu, 2 threads per core) family 6 model 142 stepping 12 microcode 0xde, cx8, cmov, fxsr, ht, mmx, 3dnowpref, sse, sse2, sse3, ssse3, sse4.1, sse4.2, popcnt, lzcnt, tsc, tscinvbit, avx, avx2, aes, erms, clmul, bmi1, bmi2, adx, fma, vzeroupper, clflush, clflushopt, rdtscp, f16c
Processor Information for all 8 processors :
  Max Mhz: 1800, Current Mhz: 1600, Mhz Limit: 1584

Memory: 4k page, system-wide physical 3987M (124M free)
TotalPageFile size 16275M (AvailPageFile size 14M)
current process WorkingSet (physical memory assigned to process): 166M, peak: 166M
current process commit charge ("private bytes"): 203M, peak: 213M

vm_info: Java HotSpot(TM) 64-Bit Server VM (21.0.5+9-LTS-239) for windows-amd64 JRE (21.0.5+9-LTS-239), built on 2024-09-30T05:17:38Z by "mach5one" with MS VC++ 17.6 (VS2022)

END.
