#
# There is insufficient memory for the Java Runtime Environment to continue.
# Native memory allocation (malloc) failed to allocate 1648432 bytes. Error detail: Chunk::new
# Possible reasons:
#   The system is out of physical RAM or swap space
#   This process is running with CompressedOops enabled, and the Java Heap may be blocking the growth of the native heap
# Possible solutions:
#   Reduce memory load on the system
#   Increase physical memory or swap space
#   Check if swap backing store is full
#   Decrease Java heap size (-Xmx/-Xms)
#   Decrease number of Java threads
#   Decrease Java thread stack sizes (-Xss)
#   Set larger code cache with -XX:ReservedCodeCacheSize=
#   JVM is running with Unscaled Compressed Oops mode in which the Java heap is
#     placed in the first 4GB address space. The Java Heap base address is the
#     maximum limit for the native heap growth. Please use -XX:HeapBaseMinAddress
#     to set the Java Heap base and to place the Java Heap above 4GB virtual address.
# This output file may be truncated or incomplete.
#
#  Out of Memory Error (arena.cpp:168), pid=9520, tid=19556
#
# JRE version: OpenJDK Runtime Environment Temurin-21.0.6+7 (21.0.6+7) (build 21.0.6+7-LTS)
# Java VM: OpenJDK 64-Bit Server VM Temurin-21.0.6+7 (21.0.6+7-LTS, mixed mode, sharing, tiered, compressed oops, compressed class ptrs, parallel gc, windows-amd64)
# No core dump will be written. Minidumps are not enabled by default on client versions of Windows
#

---------------  S U M M A R Y ------------

Command Line: --add-modules=ALL-SYSTEM --add-opens=java.base/java.util=ALL-UNNAMED --add-opens=java.base/java.lang=ALL-UNNAMED --add-opens=java.base/sun.nio.fs=ALL-UNNAMED -Declipse.application=org.eclipse.jdt.ls.core.id1 -Dosgi.bundles.defaultStartLevel=4 -Declipse.product=org.eclipse.jdt.ls.core.product -Djava.import.generatesMetadataFilesAtProjectRoot=false -DDetectVMInstallationsJob.disabled=true -Dfile.encoding=utf8 -XX:+UseParallelGC -XX:GCTimeRatio=4 -XX:AdaptiveSizePolicyWeight=90 -Dsun.zip.disableMemoryMapping=true -Xmx1G -Xms100m -Xlog:disable -javaagent:c:\Users\user\.vscode\extensions\redhat.java-1.41.1-win32-x64\lombok\lombok-1.18.36.jar -XX:+HeapDumpOnOutOfMemoryError -XX:HeapDumpPath=c:\Users\user\AppData\Roaming\Code\User\workspaceStorage\ffe298c737c89d61c8d6891e51d41bf3\redhat.java -Daether.dependencyCollector.impl=bf c:\Users\user\.vscode\extensions\redhat.java-1.41.1-win32-x64\server\plugins\org.eclipse.equinox.launcher_1.7.0.v20250331-1702.jar -configuration c:\Users\user\AppData\Roaming\Code\User\globalStorage\redhat.java\1.41.1\config_win -data c:\Users\user\AppData\Roaming\Code\User\workspaceStorage\ffe298c737c89d61c8d6891e51d41bf3\redhat.java\jdt_ws --pipe=\\.\pipe\lsp-b27e67b763a2c523616366eb9763d97b-sock

Host: Intel(R) Core(TM) i5-8265U CPU @ 1.60GHz, 8 cores, 3G,  Windows 11 , 64 bit Build 22000 (10.0.22000.2538)
Time: Thu May  8 17:32:19 2025  Windows 11 , 64 bit Build 22000 (10.0.22000.2538) elapsed time: 24.334555 seconds (0d 0h 0m 24s)

---------------  T H R E A D  ---------------

Current thread (0x00000211942eddd0):  JavaThread "C2 CompilerThread0" daemon [_thread_in_native, id=19556, stack(0x0000003a21a00000,0x0000003a21b00000) (1024K)]


Current CompileTask:
C2:24335 7625 %     4       org.eclipse.jdt.internal.core.search.indexing.BinaryIndexer::extractReferenceFromConstantPool @ 155 (358 bytes)

Stack: [0x0000003a21a00000,0x0000003a21b00000]
Native frames: (J=compiled Java code, j=interpreted, Vv=VM code, C=native code)
V  [jvm.dll+0x6cdee9]
V  [jvm.dll+0x8a83d1]
V  [jvm.dll+0x8aa8fe]
V  [jvm.dll+0x8aafe3]
V  [jvm.dll+0x27f706]
V  [jvm.dll+0xc500d]
V  [jvm.dll+0xc5543]
V  [jvm.dll+0x3b678c]
V  [jvm.dll+0x1e0009]
V  [jvm.dll+0x247b42]
V  [jvm.dll+0x246fcf]
V  [jvm.dll+0x1c75ee]
V  [jvm.dll+0x25685a]
V  [jvm.dll+0x254dfa]
V  [jvm.dll+0x3f0256]
V  [jvm.dll+0x851f8b]
V  [jvm.dll+0x6cc5ed]
C  [ucrtbase.dll+0x26c0c]
C  [KERNEL32.DLL+0x153e0]
C  [ntdll.dll+0x485b]


---------------  P R O C E S S  ---------------

Threads class SMR info:
_java_thread_list=0x00000211dc27ed10, length=52, elements={
0x00000211ff6ae350, 0x00000211942dde00, 0x00000211942df560, 0x00000211942e24f0,
0x00000211942e65a0, 0x00000211942e87c0, 0x00000211942e8e50, 0x00000211942eddd0,
0x00000211942f2810, 0x00000211942e94e0, 0x00000211942ea200, 0x00000211942e9b70,
0x00000211942ea890, 0x00000211942eaf20, 0x00000211942e7aa0, 0x00000211942e8130,
0x00000211db7a5ee0, 0x00000211db7a1020, 0x00000211db7a3780, 0x00000211db7a0990,
0x00000211db7a7920, 0x00000211db7a23d0, 0x00000211db7a3e10, 0x00000211db7a30f0,
0x00000211db7a44a0, 0x00000211db7a51c0, 0x00000211db7a5850, 0x00000211db7a6570,
0x00000211db7a6c00, 0x00000211db7a1d40, 0x00000211db7a2a60, 0x00000211db7a7290,
0x00000211db7a7fb0, 0x00000211db7a16b0, 0x00000211dc9f0d50, 0x00000211dc9eaae0,
0x00000211dc9ed240, 0x00000211dc9f2100, 0x00000211dc9ef9a0, 0x00000211dc9ecbb0,
0x00000211dc9ed8d0, 0x00000211dc9edf60, 0x00000211dc9ee5f0, 0x00000211dc9f13e0,
0x00000211dc9f0030, 0x00000211dc9eec80, 0x00000211dc9f06c0, 0x00000211dc9ef310,
0x00000211db7a4b30, 0x00000211de859fb0, 0x00000211de858570, 0x00000211de855e10
}

Java Threads: ( => current thread )
  0x00000211ff6ae350 JavaThread "main"                              [_thread_blocked, id=12756, stack(0x0000003a21000000,0x0000003a21100000) (1024K)]
  0x00000211942dde00 JavaThread "Reference Handler"          daemon [_thread_blocked, id=7980, stack(0x0000003a21400000,0x0000003a21500000) (1024K)]
  0x00000211942df560 JavaThread "Finalizer"                  daemon [_thread_blocked, id=22968, stack(0x0000003a21500000,0x0000003a21600000) (1024K)]
  0x00000211942e24f0 JavaThread "Signal Dispatcher"          daemon [_thread_blocked, id=23392, stack(0x0000003a21600000,0x0000003a21700000) (1024K)]
  0x00000211942e65a0 JavaThread "Attach Listener"            daemon [_thread_blocked, id=26040, stack(0x0000003a21700000,0x0000003a21800000) (1024K)]
  0x00000211942e87c0 JavaThread "Service Thread"             daemon [_thread_blocked, id=20988, stack(0x0000003a21800000,0x0000003a21900000) (1024K)]
  0x00000211942e8e50 JavaThread "Monitor Deflation Thread"   daemon [_thread_blocked, id=16152, stack(0x0000003a21900000,0x0000003a21a00000) (1024K)]
=>0x00000211942eddd0 JavaThread "C2 CompilerThread0"         daemon [_thread_in_native, id=19556, stack(0x0000003a21a00000,0x0000003a21b00000) (1024K)]
  0x00000211942f2810 JavaThread "C1 CompilerThread0"         daemon [_thread_blocked, id=6864, stack(0x0000003a21b00000,0x0000003a21c00000) (1024K)]
  0x00000211942e94e0 JavaThread "Common-Cleaner"             daemon [_thread_blocked, id=27456, stack(0x0000003a21c00000,0x0000003a21d00000) (1024K)]
  0x00000211942ea200 JavaThread "Notification Thread"        daemon [_thread_blocked, id=19768, stack(0x0000003a21d00000,0x0000003a21e00000) (1024K)]
  0x00000211942e9b70 JavaThread "Active Thread: Equinox Container: c5e9e75c-6738-4052-ae78-28809a9b5365"        [_thread_blocked, id=17388, stack(0x0000003a22400000,0x0000003a22500000) (1024K)]
  0x00000211942ea890 JavaThread "Refresh Thread: Equinox Container: c5e9e75c-6738-4052-ae78-28809a9b5365" daemon [_thread_blocked, id=12620, stack(0x0000003a22500000,0x0000003a22600000) (1024K)]
  0x00000211942eaf20 JavaThread "Framework Event Dispatcher: Equinox Container: c5e9e75c-6738-4052-ae78-28809a9b5365" daemon [_thread_blocked, id=21452, stack(0x0000003a22700000,0x0000003a22800000) (1024K)]
  0x00000211942e7aa0 JavaThread "Start Level: Equinox Container: c5e9e75c-6738-4052-ae78-28809a9b5365" daemon [_thread_blocked, id=1492, stack(0x0000003a22800000,0x0000003a22900000) (1024K)]
  0x00000211942e8130 JavaThread "Bundle File Closer"         daemon [_thread_blocked, id=22976, stack(0x0000003a22900000,0x0000003a22a00000) (1024K)]
  0x00000211db7a5ee0 JavaThread "SCR Component Actor"        daemon [_thread_blocked, id=9400, stack(0x0000003a22a00000,0x0000003a22b00000) (1024K)]
  0x00000211db7a1020 JavaThread "Worker-JM"                         [_thread_blocked, id=26720, stack(0x0000003a22c00000,0x0000003a22d00000) (1024K)]
  0x00000211db7a3780 JavaThread "JNA Cleaner"                daemon [_thread_blocked, id=28440, stack(0x0000003a22d00000,0x0000003a22e00000) (1024K)]
  0x00000211db7a0990 JavaThread "Worker-0"                          [_thread_blocked, id=20044, stack(0x0000003a22e00000,0x0000003a22f00000) (1024K)]
  0x00000211db7a7920 JavaThread "Worker-1: Building"                [_thread_in_native, id=3404, stack(0x0000003a22f00000,0x0000003a23000000) (1024K)]
  0x00000211db7a23d0 JavaThread "Worker-2: Java indexing... "        [_thread_blocked, id=30188, stack(0x0000003a23000000,0x0000003a23100000) (1024K)]
  0x00000211db7a3e10 JavaThread "Java indexing"              daemon [_thread_in_Java, id=19396, stack(0x0000003a23100000,0x0000003a23200000) (1024K)]
  0x00000211db7a30f0 JavaThread "Worker-3"                          [_thread_blocked, id=12204, stack(0x0000003a23200000,0x0000003a23300000) (1024K)]
  0x00000211db7a44a0 JavaThread "Worker-4"                          [_thread_blocked, id=19488, stack(0x0000003a23300000,0x0000003a23400000) (1024K)]
  0x00000211db7a51c0 JavaThread "Thread-2"                   daemon [_thread_in_native, id=18768, stack(0x0000003a23400000,0x0000003a23500000) (1024K)]
  0x00000211db7a5850 JavaThread "Thread-3"                   daemon [_thread_in_native, id=19868, stack(0x0000003a23500000,0x0000003a23600000) (1024K)]
  0x00000211db7a6570 JavaThread "Thread-4"                   daemon [_thread_in_native, id=18804, stack(0x0000003a23600000,0x0000003a23700000) (1024K)]
  0x00000211db7a6c00 JavaThread "Thread-5"                   daemon [_thread_in_native, id=29936, stack(0x0000003a23700000,0x0000003a23800000) (1024K)]
  0x00000211db7a1d40 JavaThread "Thread-6"                   daemon [_thread_in_native, id=12132, stack(0x0000003a23800000,0x0000003a23900000) (1024K)]
  0x00000211db7a2a60 JavaThread "Thread-7"                   daemon [_thread_in_native, id=27232, stack(0x0000003a23900000,0x0000003a23a00000) (1024K)]
  0x00000211db7a7290 JavaThread "Thread-8"                   daemon [_thread_in_native, id=29808, stack(0x0000003a23a00000,0x0000003a23b00000) (1024K)]
  0x00000211db7a7fb0 JavaThread "Thread-9"                   daemon [_thread_in_native, id=26028, stack(0x0000003a23b00000,0x0000003a23c00000) (1024K)]
  0x00000211db7a16b0 JavaThread "Thread-10"                  daemon [_thread_in_native, id=1500, stack(0x0000003a23c00000,0x0000003a23d00000) (1024K)]
  0x00000211dc9f0d50 JavaThread "pool-2-thread-1"                   [_thread_blocked, id=29068, stack(0x0000003a23d00000,0x0000003a23e00000) (1024K)]
  0x00000211dc9eaae0 JavaThread "WorkspaceEventsHandler"            [_thread_blocked, id=29740, stack(0x0000003a23e00000,0x0000003a23f00000) (1024K)]
  0x00000211dc9ed240 JavaThread "pool-1-thread-1"                   [_thread_blocked, id=6544, stack(0x0000003a23f00000,0x0000003a24000000) (1024K)]
  0x00000211dc9f2100 JavaThread "Worker-5"                          [_thread_blocked, id=17652, stack(0x0000003a24000000,0x0000003a24100000) (1024K)]
  0x00000211dc9ef9a0 JavaThread "LocalFile Deleter"          daemon [_thread_blocked, id=6148, stack(0x0000003a22b00000,0x0000003a22c00000) (1024K)]
  0x00000211dc9ecbb0 JavaThread "LocalFile Deleter"          daemon [_thread_blocked, id=26864, stack(0x0000003a24100000,0x0000003a24200000) (1024K)]
  0x00000211dc9ed8d0 JavaThread "LocalFile Deleter"          daemon [_thread_blocked, id=28820, stack(0x0000003a24200000,0x0000003a24300000) (1024K)]
  0x00000211dc9edf60 JavaThread "LocalFile Deleter"          daemon [_thread_blocked, id=27536, stack(0x0000003a24300000,0x0000003a24400000) (1024K)]
  0x00000211dc9ee5f0 JavaThread "LocalFile Deleter"          daemon [_thread_blocked, id=19020, stack(0x0000003a24400000,0x0000003a24500000) (1024K)]
  0x00000211dc9f13e0 JavaThread "LocalFile Deleter"          daemon [_thread_blocked, id=21180, stack(0x0000003a24500000,0x0000003a24600000) (1024K)]
  0x00000211dc9f0030 JavaThread "LocalFile Deleter"          daemon [_thread_blocked, id=14648, stack(0x0000003a24600000,0x0000003a24700000) (1024K)]
  0x00000211dc9eec80 JavaThread "LocalFile Deleter"          daemon [_thread_blocked, id=26376, stack(0x0000003a24700000,0x0000003a24800000) (1024K)]
  0x00000211dc9f06c0 JavaThread "Compiler Source File Reader" daemon [_thread_blocked, id=18728, stack(0x0000003a24800000,0x0000003a24900000) (1024K)]
  0x00000211dc9ef310 JavaThread "Compiler Source File Reader" daemon [_thread_blocked, id=19264, stack(0x0000003a24900000,0x0000003a24a00000) (1024K)]
  0x00000211db7a4b30 JavaThread "Compiler Source File Reader" daemon [_thread_blocked, id=30196, stack(0x0000003a24a00000,0x0000003a24b00000) (1024K)]
  0x00000211de859fb0 JavaThread "Compiler Source File Reader" daemon [_thread_blocked, id=27916, stack(0x0000003a24b00000,0x0000003a24c00000) (1024K)]
  0x00000211de858570 JavaThread "Compiler Source File Reader" daemon [_thread_blocked, id=28572, stack(0x0000003a24c00000,0x0000003a24d00000) (1024K)]
  0x00000211de855e10 JavaThread "Compiler Source File Reader" daemon [_thread_blocked, id=30052, stack(0x0000003a24d00000,0x0000003a24e00000) (1024K)]
Total: 52

Other Threads:
  0x00000211942bf850 VMThread "VM Thread"                           [id=14796, stack(0x0000003a21300000,0x0000003a21400000) (1024K)]
  0x00000211941b19e0 WatcherThread "VM Periodic Task Thread"        [id=15556, stack(0x0000003a21200000,0x0000003a21300000) (1024K)]
  0x00000211ff6cc580 WorkerThread "GC Thread#0"                     [id=16660, stack(0x0000003a21100000,0x0000003a21200000) (1024K)]
  0x00000211db41e160 WorkerThread "GC Thread#1"                     [id=27756, stack(0x0000003a21e00000,0x0000003a21f00000) (1024K)]
  0x00000211db41e500 WorkerThread "GC Thread#2"                     [id=8672, stack(0x0000003a21f00000,0x0000003a22000000) (1024K)]
  0x00000211db41e8a0 WorkerThread "GC Thread#3"                     [id=21268, stack(0x0000003a22000000,0x0000003a22100000) (1024K)]
  0x00000211db41ec40 WorkerThread "GC Thread#4"                     [id=7544, stack(0x0000003a22100000,0x0000003a22200000) (1024K)]
  0x00000211db41efe0 WorkerThread "GC Thread#5"                     [id=29800, stack(0x0000003a22200000,0x0000003a22300000) (1024K)]
  0x00000211db44ffe0 WorkerThread "GC Thread#6"                     [id=27708, stack(0x0000003a22300000,0x0000003a22400000) (1024K)]
  0x00000211dba9f370 WorkerThread "GC Thread#7"                     [id=3676, stack(0x0000003a22600000,0x0000003a22700000) (1024K)]
Total: 10

Threads with active compile tasks:
C2 CompilerThread0  24477 7625 %     4       org.eclipse.jdt.internal.core.search.indexing.BinaryIndexer::extractReferenceFromConstantPool @ 155 (358 bytes)
Total: 1

VM state: not at safepoint (normal execution)

VM Mutex/Monitor currently owned by a thread: None

Heap address: 0x00000000c0000000, size: 1024 MB, Compressed Oops mode: 32-bit

CDS archive(s) mapped at: [0x0000021195000000-0x0000021195ba0000-0x0000021195ba0000), size 12189696, SharedBaseAddress: 0x0000021195000000, ArchiveRelocationMode: 1.
Compressed class space mapped at: 0x0000021196000000-0x00000211d6000000, reserved size: 1073741824
Narrow klass base: 0x0000021195000000, Narrow klass shift: 0, Narrow klass range: 0x100000000

GC Precious Log:
 CardTable entry size: 512
 CPUs: 8 total, 8 available
 Memory: 3987M
 Large Page Support: Disabled
 NUMA Support: Disabled
 Compressed Oops: Enabled (32-bit)
 Alignments: Space 512K, Generation 512K, Heap 2M
 Heap Min Capacity: 100M
 Heap Initial Capacity: 100M
 Heap Max Capacity: 1G
 Pre-touch: Disabled
 Parallel Workers: 8

Heap:
 PSYoungGen      total 17408K, used 7425K [0x00000000eab00000, 0x00000000ec000000, 0x0000000100000000)
  eden space 14848K, 33% used [0x00000000eab00000,0x00000000eafd6d48,0x00000000eb980000)
  from space 2560K, 96% used [0x00000000ebd80000,0x00000000ebfe9710,0x00000000ec000000)
  to   space 3072K, 0% used [0x00000000eba00000,0x00000000eba00000,0x00000000ebd00000)
 ParOldGen       total 70144K, used 69774K [0x00000000c0000000, 0x00000000c4480000, 0x00000000eab00000)
  object space 70144K, 99% used [0x00000000c0000000,0x00000000c4423910,0x00000000c4480000)
 Metaspace       used 51014K, committed 52224K, reserved 1114112K
  class space    used 5404K, committed 5952K, reserved 1048576K

Card table byte_map: [0x00000211ff060000,0x00000211ff270000] _byte_map_base: 0x00000211fea60000

Marking Bits: (ParMarkBitMap*) 0x00007ff999313260
 Begin Bits: [0x0000021192130000, 0x0000021193130000)
 End Bits:   [0x0000021193130000, 0x0000021194130000)

Polling page: 0x00000211fd660000

Metaspace:

Usage:
  Non-class:     44.55 MB used.
      Class:      5.28 MB used.
       Both:     49.83 MB used.

Virtual space:
  Non-class space:       64.00 MB reserved,      45.19 MB ( 71%) committed,  1 nodes.
      Class space:        1.00 GB reserved,       5.81 MB ( <1%) committed,  1 nodes.
             Both:        1.06 GB reserved,      51.00 MB (  5%) committed. 

Chunk freelists:
   Non-Class:  2.34 MB
       Class:  10.19 MB
        Both:  12.53 MB

MaxMetaspaceSize: unlimited
CompressedClassSpaceSize: 1.00 GB
Initial GC threshold: 21.00 MB
Current GC threshold: 58.38 MB
CDS: on
 - commit_granule_bytes: 65536.
 - commit_granule_words: 8192.
 - virtual_space_node_default_size: 8388608.
 - enlarge_chunks_in_place: 1.
 - use_allocation_guard: 0.


Internal statistics:

num_allocs_failed_limit: 6.
num_arena_births: 1006.
num_arena_deaths: 14.
num_vsnodes_births: 2.
num_vsnodes_deaths: 0.
num_space_committed: 816.
num_space_uncommitted: 0.
num_chunks_returned_to_freelist: 20.
num_chunks_taken_from_freelist: 3351.
num_chunk_merges: 7.
num_chunk_splits: 2064.
num_chunks_enlarged: 1140.
num_inconsistent_stats: 0.

CodeHeap 'non-profiled nmethods': size=120000Kb used=2748Kb max_used=2748Kb free=117251Kb
 bounds [0x000002118ac00000, 0x000002118aeb0000, 0x0000021192130000]
CodeHeap 'profiled nmethods': size=120000Kb used=14573Kb max_used=14573Kb free=105426Kb
 bounds [0x0000021183130000, 0x0000021183f70000, 0x000002118a660000]
CodeHeap 'non-nmethods': size=5760Kb used=1396Kb max_used=1483Kb free=4363Kb
 bounds [0x000002118a660000, 0x000002118a8d0000, 0x000002118ac00000]
 total_blobs=7736 nmethods=7034 adapters=608
 compilation: enabled
              stopped_count=0, restarted_count=0
 full_count=0

Compilation events (20 events):
Event: 23.889 Thread 0x00000211942f2810 7658       2       sun.reflect.generics.reflectiveObjects.ParameterizedTypeImpl::make (11 bytes)
Event: 23.890 Thread 0x00000211942f2810 nmethod 7658 0x0000021183f63590 code [0x0000021183f63740, 0x0000021183f63938]
Event: 23.988 Thread 0x00000211942f2810 7659   !   2       jdk.internal.loader.URLClassPath::check (123 bytes)
Event: 23.989 Thread 0x00000211942f2810 nmethod 7659 0x0000021183f63a90 code [0x0000021183f63c20, 0x0000021183f63d08]
Event: 23.992 Thread 0x00000211942f2810 7660   !   2       org.eclipse.osgi.internal.loader.classpath.ClasspathManager::findLocalResource (183 bytes)
Event: 23.994 Thread 0x00000211942f2810 nmethod 7660 0x0000021183f63d90 code [0x0000021183f64000, 0x0000021183f64668]
Event: 23.995 Thread 0x00000211942f2810 7661       2       org.eclipse.osgi.internal.loader.classpath.ClasspathManager::findLocalResourceImpl (81 bytes)
Event: 23.995 Thread 0x00000211942f2810 nmethod 7661 0x0000021183f64a90 code [0x0000021183f64c60, 0x0000021183f64f50]
Event: 24.158 Thread 0x00000211942f2810 7664       2       sun.net.www.MessageHeader::grow (92 bytes)
Event: 24.158 Thread 0x00000211942f2810 nmethod 7664 0x0000021183f65190 code [0x0000021183f65360, 0x0000021183f65778]
Event: 24.191 Thread 0x00000211942f2810 7666       2       sun.net.www.URLConnection::<init> (22 bytes)
Event: 24.192 Thread 0x00000211942f2810 nmethod 7666 0x0000021183f65890 code [0x0000021183f65a40, 0x0000021183f65c28]
Event: 24.192 Thread 0x00000211942f2810 7667       2       sun.net.www.MessageHeader::<init> (6 bytes)
Event: 24.193 Thread 0x00000211942f2810 nmethod 7667 0x0000021183f65d10 code [0x0000021183f65ec0, 0x0000021183f65fe8]
Event: 24.193 Thread 0x00000211942f2810 7668       2       sun.net.www.MessageHeader::<init> (14 bytes)
Event: 24.194 Thread 0x00000211942f2810 nmethod 7668 0x0000021183f66090 code [0x0000021183f66240, 0x0000021183f66368]
Event: 24.204 Thread 0x00000211942f2810 7669       2       sun.net.www.protocol.jar.URLJarFile::getEntry (69 bytes)
Event: 24.205 Thread 0x00000211942f2810 nmethod 7669 0x0000021183f66410 code [0x0000021183f666a0, 0x0000021183f66e38]
Event: 24.222 Thread 0x00000211942f2810 7670       2       sun.net.www.protocol.jar.Handler::newURL (9 bytes)
Event: 24.223 Thread 0x00000211942f2810 nmethod 7670 0x0000021183f67210 code [0x0000021183f673c0, 0x0000021183f67558]

GC Heap History (20 events):
Event: 20.810 GC heap before
{Heap before GC invocations=26 (full 2):
 PSYoungGen      total 24576K, used 24539K [0x00000000eab00000, 0x00000000ec580000, 0x0000000100000000)
  eden space 22016K, 100% used [0x00000000eab00000,0x00000000ec080000,0x00000000ec080000)
  from space 2560K, 98% used [0x00000000ec080000,0x00000000ec2f6c18,0x00000000ec300000)
  to   space 2560K, 0% used [0x00000000ec300000,0x00000000ec300000,0x00000000ec580000)
 ParOldGen       total 68608K, used 34565K [0x00000000c0000000, 0x00000000c4300000, 0x00000000eab00000)
  object space 68608K, 50% used [0x00000000c0000000,0x00000000c21c1710,0x00000000c4300000)
 Metaspace       used 46800K, committed 48064K, reserved 1114112K
  class space    used 4943K, committed 5568K, reserved 1048576K
}
Event: 20.817 GC heap after
{Heap after GC invocations=26 (full 2):
 PSYoungGen      total 24576K, used 2136K [0x00000000eab00000, 0x00000000ec580000, 0x0000000100000000)
  eden space 22016K, 0% used [0x00000000eab00000,0x00000000eab00000,0x00000000ec080000)
  from space 2560K, 83% used [0x00000000ec300000,0x00000000ec516200,0x00000000ec580000)
  to   space 2560K, 0% used [0x00000000ec080000,0x00000000ec080000,0x00000000ec300000)
 ParOldGen       total 68608K, used 37013K [0x00000000c0000000, 0x00000000c4300000, 0x00000000eab00000)
  object space 68608K, 53% used [0x00000000c0000000,0x00000000c24255b8,0x00000000c4300000)
 Metaspace       used 46800K, committed 48064K, reserved 1114112K
  class space    used 4943K, committed 5568K, reserved 1048576K
}
Event: 21.206 GC heap before
{Heap before GC invocations=27 (full 2):
 PSYoungGen      total 24576K, used 24152K [0x00000000eab00000, 0x00000000ec580000, 0x0000000100000000)
  eden space 22016K, 99% used [0x00000000eab00000,0x00000000ec07fff0,0x00000000ec080000)
  from space 2560K, 83% used [0x00000000ec300000,0x00000000ec516200,0x00000000ec580000)
  to   space 2560K, 0% used [0x00000000ec080000,0x00000000ec080000,0x00000000ec300000)
 ParOldGen       total 68608K, used 37013K [0x00000000c0000000, 0x00000000c4300000, 0x00000000eab00000)
  object space 68608K, 53% used [0x00000000c0000000,0x00000000c24255b8,0x00000000c4300000)
 Metaspace       used 47678K, committed 48896K, reserved 1114112K
  class space    used 5028K, committed 5632K, reserved 1048576K
}
Event: 21.213 GC heap after
{Heap after GC invocations=27 (full 2):
 PSYoungGen      total 24576K, used 2556K [0x00000000eab00000, 0x00000000ecd80000, 0x0000000100000000)
  eden space 22016K, 0% used [0x00000000eab00000,0x00000000eab00000,0x00000000ec080000)
  from space 2560K, 99% used [0x00000000ec080000,0x00000000ec2ff178,0x00000000ec300000)
  to   space 6656K, 0% used [0x00000000ec700000,0x00000000ec700000,0x00000000ecd80000)
 ParOldGen       total 68608K, used 40199K [0x00000000c0000000, 0x00000000c4300000, 0x00000000eab00000)
  object space 68608K, 58% used [0x00000000c0000000,0x00000000c2741e18,0x00000000c4300000)
 Metaspace       used 47678K, committed 48896K, reserved 1114112K
  class space    used 5028K, committed 5632K, reserved 1048576K
}
Event: 21.530 GC heap before
{Heap before GC invocations=28 (full 2):
 PSYoungGen      total 24576K, used 24572K [0x00000000eab00000, 0x00000000ecd80000, 0x0000000100000000)
  eden space 22016K, 100% used [0x00000000eab00000,0x00000000ec080000,0x00000000ec080000)
  from space 2560K, 99% used [0x00000000ec080000,0x00000000ec2ff178,0x00000000ec300000)
  to   space 6656K, 0% used [0x00000000ec700000,0x00000000ec700000,0x00000000ecd80000)
 ParOldGen       total 68608K, used 40199K [0x00000000c0000000, 0x00000000c4300000, 0x00000000eab00000)
  object space 68608K, 58% used [0x00000000c0000000,0x00000000c2741e18,0x00000000c4300000)
 Metaspace       used 48198K, committed 49408K, reserved 1114112K
  class space    used 5090K, committed 5696K, reserved 1048576K
}
Event: 21.536 GC heap after
{Heap after GC invocations=28 (full 2):
 PSYoungGen      total 26112K, used 4025K [0x00000000eab00000, 0x00000000ecb00000, 0x0000000100000000)
  eden space 22016K, 0% used [0x00000000eab00000,0x00000000eab00000,0x00000000ec080000)
  from space 4096K, 98% used [0x00000000ec700000,0x00000000ecaee630,0x00000000ecb00000)
  to   space 5120K, 0% used [0x00000000ec100000,0x00000000ec100000,0x00000000ec600000)
 ParOldGen       total 68608K, used 42600K [0x00000000c0000000, 0x00000000c4300000, 0x00000000eab00000)
  object space 68608K, 62% used [0x00000000c0000000,0x00000000c299a340,0x00000000c4300000)
 Metaspace       used 48198K, committed 49408K, reserved 1114112K
  class space    used 5090K, committed 5696K, reserved 1048576K
}
Event: 21.772 GC heap before
{Heap before GC invocations=29 (full 2):
 PSYoungGen      total 26112K, used 26041K [0x00000000eab00000, 0x00000000ecb00000, 0x0000000100000000)
  eden space 22016K, 100% used [0x00000000eab00000,0x00000000ec080000,0x00000000ec080000)
  from space 4096K, 98% used [0x00000000ec700000,0x00000000ecaee630,0x00000000ecb00000)
  to   space 5120K, 0% used [0x00000000ec100000,0x00000000ec100000,0x00000000ec600000)
 ParOldGen       total 68608K, used 42600K [0x00000000c0000000, 0x00000000c4300000, 0x00000000eab00000)
  object space 68608K, 62% used [0x00000000c0000000,0x00000000c299a340,0x00000000c4300000)
 Metaspace       used 48219K, committed 49472K, reserved 1114112K
  class space    used 5091K, committed 5696K, reserved 1048576K
}
Event: 21.778 GC heap after
{Heap after GC invocations=29 (full 2):
 PSYoungGen      total 26624K, used 4404K [0x00000000eab00000, 0x00000000ec980000, 0x0000000100000000)
  eden space 22016K, 0% used [0x00000000eab00000,0x00000000eab00000,0x00000000ec080000)
  from space 4608K, 95% used [0x00000000ec100000,0x00000000ec54d3c8,0x00000000ec580000)
  to   space 4096K, 0% used [0x00000000ec580000,0x00000000ec580000,0x00000000ec980000)
 ParOldGen       total 68608K, used 46372K [0x00000000c0000000, 0x00000000c4300000, 0x00000000eab00000)
  object space 68608K, 67% used [0x00000000c0000000,0x00000000c2d49168,0x00000000c4300000)
 Metaspace       used 48219K, committed 49472K, reserved 1114112K
  class space    used 5091K, committed 5696K, reserved 1048576K
}
Event: 21.989 GC heap before
{Heap before GC invocations=30 (full 2):
 PSYoungGen      total 26624K, used 26420K [0x00000000eab00000, 0x00000000ec980000, 0x0000000100000000)
  eden space 22016K, 100% used [0x00000000eab00000,0x00000000ec080000,0x00000000ec080000)
  from space 4608K, 95% used [0x00000000ec100000,0x00000000ec54d3c8,0x00000000ec580000)
  to   space 4096K, 0% used [0x00000000ec580000,0x00000000ec580000,0x00000000ec980000)
 ParOldGen       total 68608K, used 46372K [0x00000000c0000000, 0x00000000c4300000, 0x00000000eab00000)
  object space 68608K, 67% used [0x00000000c0000000,0x00000000c2d49168,0x00000000c4300000)
 Metaspace       used 48676K, committed 49920K, reserved 1114112K
  class space    used 5139K, committed 5696K, reserved 1048576K
}
Event: 21.996 GC heap after
{Heap after GC invocations=30 (full 2):
 PSYoungGen      total 21504K, used 4094K [0x00000000eab00000, 0x00000000ed380000, 0x0000000100000000)
  eden space 17408K, 0% used [0x00000000eab00000,0x00000000eab00000,0x00000000ebc00000)
  from space 4096K, 99% used [0x00000000ec580000,0x00000000ec97fa10,0x00000000ec980000)
  to   space 9728K, 0% used [0x00000000ebc00000,0x00000000ebc00000,0x00000000ec580000)
 ParOldGen       total 68608K, used 51083K [0x00000000c0000000, 0x00000000c4300000, 0x00000000eab00000)
  object space 68608K, 74% used [0x00000000c0000000,0x00000000c31e2e28,0x00000000c4300000)
 Metaspace       used 48676K, committed 49920K, reserved 1114112K
  class space    used 5139K, committed 5696K, reserved 1048576K
}
Event: 22.176 GC heap before
{Heap before GC invocations=31 (full 2):
 PSYoungGen      total 21504K, used 21502K [0x00000000eab00000, 0x00000000ed380000, 0x0000000100000000)
  eden space 17408K, 100% used [0x00000000eab00000,0x00000000ebc00000,0x00000000ebc00000)
  from space 4096K, 99% used [0x00000000ec580000,0x00000000ec97fa10,0x00000000ec980000)
  to   space 9728K, 0% used [0x00000000ebc00000,0x00000000ebc00000,0x00000000ec580000)
 ParOldGen       total 68608K, used 51083K [0x00000000c0000000, 0x00000000c4300000, 0x00000000eab00000)
  object space 68608K, 74% used [0x00000000c0000000,0x00000000c31e2e28,0x00000000c4300000)
 Metaspace       used 49700K, committed 50944K, reserved 1114112K
  class space    used 5240K, committed 5824K, reserved 1048576K
}
Event: 22.182 GC heap after
{Heap after GC invocations=31 (full 2):
 PSYoungGen      total 20480K, used 3060K [0x00000000eab00000, 0x00000000ec700000, 0x0000000100000000)
  eden space 17408K, 0% used [0x00000000eab00000,0x00000000eab00000,0x00000000ebc00000)
  from space 3072K, 99% used [0x00000000ebc00000,0x00000000ebefd0c8,0x00000000ebf00000)
  to   space 5632K, 0% used [0x00000000ec180000,0x00000000ec180000,0x00000000ec700000)
 ParOldGen       total 68608K, used 54948K [0x00000000c0000000, 0x00000000c4300000, 0x00000000eab00000)
  object space 68608K, 80% used [0x00000000c0000000,0x00000000c35a9138,0x00000000c4300000)
 Metaspace       used 49700K, committed 50944K, reserved 1114112K
  class space    used 5240K, committed 5824K, reserved 1048576K
}
Event: 22.398 GC heap before
{Heap before GC invocations=32 (full 2):
 PSYoungGen      total 20480K, used 20468K [0x00000000eab00000, 0x00000000ec700000, 0x0000000100000000)
  eden space 17408K, 100% used [0x00000000eab00000,0x00000000ebc00000,0x00000000ebc00000)
  from space 3072K, 99% used [0x00000000ebc00000,0x00000000ebefd0c8,0x00000000ebf00000)
  to   space 5632K, 0% used [0x00000000ec180000,0x00000000ec180000,0x00000000ec700000)
 ParOldGen       total 68608K, used 54948K [0x00000000c0000000, 0x00000000c4300000, 0x00000000eab00000)
  object space 68608K, 80% used [0x00000000c0000000,0x00000000c35a9138,0x00000000c4300000)
 Metaspace       used 50024K, committed 51264K, reserved 1114112K
  class space    used 5268K, committed 5824K, reserved 1048576K
}
Event: 22.404 GC heap after
{Heap after GC invocations=32 (full 2):
 PSYoungGen      total 21504K, used 3639K [0x00000000eab00000, 0x00000000ec580000, 0x0000000100000000)
  eden space 17408K, 0% used [0x00000000eab00000,0x00000000eab00000,0x00000000ebc00000)
  from space 4096K, 88% used [0x00000000ec180000,0x00000000ec50de98,0x00000000ec580000)
  to   space 4096K, 0% used [0x00000000ebd80000,0x00000000ebd80000,0x00000000ec180000)
 ParOldGen       total 68608K, used 57795K [0x00000000c0000000, 0x00000000c4300000, 0x00000000eab00000)
  object space 68608K, 84% used [0x00000000c0000000,0x00000000c3870ea8,0x00000000c4300000)
 Metaspace       used 50024K, committed 51264K, reserved 1114112K
  class space    used 5268K, committed 5824K, reserved 1048576K
}
Event: 22.677 GC heap before
{Heap before GC invocations=33 (full 2):
 PSYoungGen      total 21504K, used 21047K [0x00000000eab00000, 0x00000000ec580000, 0x0000000100000000)
  eden space 17408K, 100% used [0x00000000eab00000,0x00000000ebc00000,0x00000000ebc00000)
  from space 4096K, 88% used [0x00000000ec180000,0x00000000ec50de98,0x00000000ec580000)
  to   space 4096K, 0% used [0x00000000ebd80000,0x00000000ebd80000,0x00000000ec180000)
 ParOldGen       total 68608K, used 57795K [0x00000000c0000000, 0x00000000c4300000, 0x00000000eab00000)
  object space 68608K, 84% used [0x00000000c0000000,0x00000000c3870ea8,0x00000000c4300000)
 Metaspace       used 50441K, committed 51648K, reserved 1114112K
  class space    used 5312K, committed 5888K, reserved 1048576K
}
Event: 22.683 GC heap after
{Heap after GC invocations=33 (full 2):
 PSYoungGen      total 20992K, used 3454K [0x00000000eab00000, 0x00000000ec300000, 0x0000000100000000)
  eden space 17408K, 0% used [0x00000000eab00000,0x00000000eab00000,0x00000000ebc00000)
  from space 3584K, 96% used [0x00000000ebd80000,0x00000000ec0dfbf8,0x00000000ec100000)
  to   space 2048K, 0% used [0x00000000ec100000,0x00000000ec100000,0x00000000ec300000)
 ParOldGen       total 68608K, used 61096K [0x00000000c0000000, 0x00000000c4300000, 0x00000000eab00000)
  object space 68608K, 89% used [0x00000000c0000000,0x00000000c3baa110,0x00000000c4300000)
 Metaspace       used 50441K, committed 51648K, reserved 1114112K
  class space    used 5312K, committed 5888K, reserved 1048576K
}
Event: 23.103 GC heap before
{Heap before GC invocations=34 (full 2):
 PSYoungGen      total 20992K, used 20862K [0x00000000eab00000, 0x00000000ec300000, 0x0000000100000000)
  eden space 17408K, 100% used [0x00000000eab00000,0x00000000ebc00000,0x00000000ebc00000)
  from space 3584K, 96% used [0x00000000ebd80000,0x00000000ec0dfbf8,0x00000000ec100000)
  to   space 2048K, 0% used [0x00000000ec100000,0x00000000ec100000,0x00000000ec300000)
 ParOldGen       total 68608K, used 61096K [0x00000000c0000000, 0x00000000c4300000, 0x00000000eab00000)
  object space 68608K, 89% used [0x00000000c0000000,0x00000000c3baa110,0x00000000c4300000)
 Metaspace       used 50678K, committed 51904K, reserved 1114112K
  class space    used 5344K, committed 5888K, reserved 1048576K
}
Event: 23.111 GC heap after
{Heap after GC invocations=34 (full 2):
 PSYoungGen      total 16896K, used 2032K [0x00000000eab00000, 0x00000000ecb00000, 0x0000000100000000)
  eden space 14848K, 0% used [0x00000000eab00000,0x00000000eab00000,0x00000000eb980000)
  from space 2048K, 99% used [0x00000000ec100000,0x00000000ec2fc138,0x00000000ec300000)
  to   space 7680K, 0% used [0x00000000eb980000,0x00000000eb980000,0x00000000ec100000)
 ParOldGen       total 68608K, used 65721K [0x00000000c0000000, 0x00000000c4300000, 0x00000000eab00000)
  object space 68608K, 95% used [0x00000000c0000000,0x00000000c402e628,0x00000000c4300000)
 Metaspace       used 50678K, committed 51904K, reserved 1114112K
  class space    used 5344K, committed 5888K, reserved 1048576K
}
Event: 23.636 GC heap before
{Heap before GC invocations=35 (full 2):
 PSYoungGen      total 16896K, used 16826K [0x00000000eab00000, 0x00000000ecb00000, 0x0000000100000000)
  eden space 14848K, 99% used [0x00000000eab00000,0x00000000eb9728a8,0x00000000eb980000)
  from space 2048K, 99% used [0x00000000ec100000,0x00000000ec2fc138,0x00000000ec300000)
  to   space 7680K, 0% used [0x00000000eb980000,0x00000000eb980000,0x00000000ec100000)
 ParOldGen       total 68608K, used 65721K [0x00000000c0000000, 0x00000000c4300000, 0x00000000eab00000)
  object space 68608K, 95% used [0x00000000c0000000,0x00000000c402e628,0x00000000c4300000)
 Metaspace       used 50752K, committed 51968K, reserved 1114112K
  class space    used 5374K, committed 5952K, reserved 1048576K
}
Event: 23.643 GC heap after
{Heap after GC invocations=35 (full 2):
 PSYoungGen      total 17408K, used 2304K [0x00000000eab00000, 0x00000000ec180000, 0x0000000100000000)
  eden space 14848K, 0% used [0x00000000eab00000,0x00000000eab00000,0x00000000eb980000)
  from space 2560K, 90% used [0x00000000eb980000,0x00000000ebbc0138,0x00000000ebc00000)
  to   space 4096K, 0% used [0x00000000ebd80000,0x00000000ebd80000,0x00000000ec180000)
 ParOldGen       total 68608K, used 67636K [0x00000000c0000000, 0x00000000c4300000, 0x00000000eab00000)
  object space 68608K, 98% used [0x00000000c0000000,0x00000000c420d330,0x00000000c4300000)
 Metaspace       used 50752K, committed 51968K, reserved 1114112K
  class space    used 5374K, committed 5952K, reserved 1048576K
}

Dll operation events (10 events):
Event: 0.180 Loaded shared library c:\Users\user\.vscode\extensions\redhat.java-1.41.1-win32-x64\jre\21.0.6-win32-x86_64\bin\java.dll
Event: 0.271 Loaded shared library c:\Users\user\.vscode\extensions\redhat.java-1.41.1-win32-x64\jre\21.0.6-win32-x86_64\bin\zip.dll
Event: 0.491 Loaded shared library C:\Users\user\.vscode\extensions\redhat.java-1.41.1-win32-x64\jre\21.0.6-win32-x86_64\bin\instrument.dll
Event: 0.504 Loaded shared library C:\Users\user\.vscode\extensions\redhat.java-1.41.1-win32-x64\jre\21.0.6-win32-x86_64\bin\net.dll
Event: 0.515 Loaded shared library C:\Users\user\.vscode\extensions\redhat.java-1.41.1-win32-x64\jre\21.0.6-win32-x86_64\bin\nio.dll
Event: 0.528 Loaded shared library C:\Users\user\.vscode\extensions\redhat.java-1.41.1-win32-x64\jre\21.0.6-win32-x86_64\bin\zip.dll
Event: 0.573 Loaded shared library C:\Users\user\.vscode\extensions\redhat.java-1.41.1-win32-x64\jre\21.0.6-win32-x86_64\bin\jimage.dll
Event: 0.841 Loaded shared library c:\Users\user\.vscode\extensions\redhat.java-1.41.1-win32-x64\jre\21.0.6-win32-x86_64\bin\verify.dll
Event: 4.699 Loaded shared library C:\Users\user\AppData\Roaming\Code\User\globalStorage\redhat.java\1.41.1\config_win\org.eclipse.equinox.launcher\org.eclipse.equinox.launcher.win32.win32.x86_64_1.2.1300.v20250331-1702\eclipse_11911.dll
Event: 11.342 Loaded shared library C:\Users\user\AppData\Local\Temp\jna-3599307\jna2941623390621060200.dll

Deoptimization events (20 events):
Event: 23.388 Thread 0x00000211db7a3e10 DEOPT PACKING pc=0x0000021183db1853 sp=0x0000003a231fe320
Event: 23.389 Thread 0x00000211db7a3e10 DEOPT UNPACKING pc=0x000002118a6b4242 sp=0x0000003a231fd888 mode 0
Event: 23.562 Thread 0x00000211db7a3e10 DEOPT PACKING pc=0x0000021183db1853 sp=0x0000003a231fe320
Event: 23.562 Thread 0x00000211db7a3e10 DEOPT UNPACKING pc=0x000002118a6b4242 sp=0x0000003a231fd888 mode 0
Event: 23.675 Thread 0x00000211db7a7920 DEOPT PACKING pc=0x0000021183751239 sp=0x0000003a22ff8aa0
Event: 23.675 Thread 0x00000211db7a7920 DEOPT UNPACKING pc=0x000002118a6b4242 sp=0x0000003a22ff7fa0 mode 0
Event: 23.688 Thread 0x00000211db7a3e10 DEOPT PACKING pc=0x0000021183db1853 sp=0x0000003a231fe320
Event: 23.688 Thread 0x00000211db7a3e10 DEOPT UNPACKING pc=0x000002118a6b4242 sp=0x0000003a231fd888 mode 0
Event: 23.811 Thread 0x00000211db7a3e10 DEOPT PACKING pc=0x0000021183db1853 sp=0x0000003a231fe320
Event: 23.812 Thread 0x00000211db7a3e10 DEOPT UNPACKING pc=0x000002118a6b4242 sp=0x0000003a231fd888 mode 0
Event: 23.859 Thread 0x00000211db7a3e10 DEOPT PACKING pc=0x0000021183db1853 sp=0x0000003a231fe320
Event: 23.859 Thread 0x00000211db7a3e10 DEOPT UNPACKING pc=0x000002118a6b4242 sp=0x0000003a231fd888 mode 0
Event: 23.888 Thread 0x00000211db7a3e10 DEOPT PACKING pc=0x0000021183db1853 sp=0x0000003a231fe320
Event: 23.888 Thread 0x00000211db7a3e10 DEOPT UNPACKING pc=0x000002118a6b4242 sp=0x0000003a231fd888 mode 0
Event: 24.047 Thread 0x00000211db7a3e10 DEOPT PACKING pc=0x0000021183db1853 sp=0x0000003a231fe320
Event: 24.047 Thread 0x00000211db7a3e10 DEOPT UNPACKING pc=0x000002118a6b4242 sp=0x0000003a231fd888 mode 0
Event: 24.224 Thread 0x00000211db7a3e10 DEOPT PACKING pc=0x0000021183db1853 sp=0x0000003a231fe320
Event: 24.224 Thread 0x00000211db7a3e10 DEOPT UNPACKING pc=0x000002118a6b4242 sp=0x0000003a231fd888 mode 0
Event: 24.259 Thread 0x00000211db7a3e10 DEOPT PACKING pc=0x0000021183db1853 sp=0x0000003a231fe320
Event: 24.259 Thread 0x00000211db7a3e10 DEOPT UNPACKING pc=0x000002118a6b4242 sp=0x0000003a231fd888 mode 0

Classes loaded (20 events):
Event: 20.289 Loading class java/util/stream/MatchOps$BooleanTerminalSink
Event: 20.289 Loading class java/util/stream/MatchOps$BooleanTerminalSink done
Event: 20.290 Loading class java/util/stream/MatchOps$1MatchSink
Event: 20.290 Loading class java/util/stream/MatchOps$1MatchSink done
Event: 21.023 Loading class java/util/WeakHashMap$KeyIterator
Event: 21.024 Loading class java/util/WeakHashMap$KeyIterator done
Event: 21.396 Loading class java/util/concurrent/CompletableFuture$AltResult
Event: 21.397 Loading class java/util/concurrent/CompletableFuture$AltResult done
Event: 21.397 Loading class java/util/concurrent/CompletableFuture$Completion
Event: 21.397 Loading class java/util/concurrent/CompletableFuture$AsynchronousCompletionTask
Event: 21.397 Loading class java/util/concurrent/CompletableFuture$AsynchronousCompletionTask done
Event: 21.399 Loading class java/util/concurrent/CompletableFuture$Completion done
Event: 21.507 Loading class sun/nio/ch/WindowsAsynchronousFileChannelImpl$WriteTask
Event: 21.507 Loading class sun/nio/ch/WindowsAsynchronousFileChannelImpl$WriteTask done
Event: 21.864 Loading class jdk/internal/math/FormattedFPDecimal
Event: 21.864 Loading class jdk/internal/math/FormattedFPDecimal done
Event: 22.548 Loading class java/util/concurrent/ForkJoinTask$AdaptedCallable
Event: 22.548 Loading class java/util/concurrent/ForkJoinTask$AdaptedCallable done
Event: 24.004 Loading class java/util/Vector$1
Event: 24.005 Loading class java/util/Vector$1 done

Classes unloaded (7 events):
Event: 12.973 Thread 0x00000211942bf850 Unloading class 0x000002119619f800 'java/lang/invoke/LambdaForm$MH+0x000002119619f800'
Event: 12.973 Thread 0x00000211942bf850 Unloading class 0x000002119619f400 'java/lang/invoke/LambdaForm$MH+0x000002119619f400'
Event: 12.973 Thread 0x00000211942bf850 Unloading class 0x000002119619f000 'java/lang/invoke/LambdaForm$MH+0x000002119619f000'
Event: 12.973 Thread 0x00000211942bf850 Unloading class 0x000002119619ec00 'java/lang/invoke/LambdaForm$MH+0x000002119619ec00'
Event: 12.973 Thread 0x00000211942bf850 Unloading class 0x000002119619e800 'java/lang/invoke/LambdaForm$BMH+0x000002119619e800'
Event: 12.973 Thread 0x00000211942bf850 Unloading class 0x000002119619e400 'java/lang/invoke/LambdaForm$DMH+0x000002119619e400'
Event: 12.973 Thread 0x00000211942bf850 Unloading class 0x000002119619d400 'java/lang/invoke/LambdaForm$DMH+0x000002119619d400'

Classes redefined (0 events):
No events

Internal exceptions (20 events):
Event: 21.179 Thread 0x00000211dc9ed240 Exception <a 'java/io/FileNotFoundException'{0x00000000ebed0f98}> (0x00000000ebed0f98) 
thrown [s\src\hotspot\share\prims\jni.cpp, line 520]
Event: 21.293 Thread 0x00000211db7a3e10 Implicit null exception at 0x000002118ae6d560 to 0x000002118ae6d674
Event: 21.742 Thread 0x00000211dc9ed240 Exception <a 'java/lang/IncompatibleClassChangeError'{0x00000000ebe08120}: Found class java.lang.Object, but interface was expected> (0x00000000ebe08120) 
thrown [s\src\hotspot\share\interpreter\linkResolver.cpp, line 840]
Event: 21.831 Thread 0x00000211db7a7920 Exception <a 'sun/nio/fs/WindowsException'{0x00000000eb026230}> (0x00000000eb026230) 
thrown [s\src\hotspot\share\prims\jni.cpp, line 520]
Event: 21.831 Thread 0x00000211db7a7920 Exception <a 'sun/nio/fs/WindowsException'{0x00000000eb026b10}> (0x00000000eb026b10) 
thrown [s\src\hotspot\share\prims\jni.cpp, line 520]
Event: 21.860 Thread 0x00000211db7a7920 Exception <a 'java/lang/NoSuchMethodError'{0x00000000eb302bf0}: 'int java.lang.invoke.DirectMethodHandle$Holder.invokeSpecialIFC(java.lang.Object, java.lang.Object, java.lang.Object, java.lang.Object)'> (0x00000000eb302bf0) 
thrown [s\src\hotspot\share\interpreter\linkResolver.cpp, line 773]
Event: 21.911 Thread 0x00000211db7a7920 Exception <a 'java/io/FileNotFoundException'{0x00000000eb8b1c20}> (0x00000000eb8b1c20) 
thrown [s\src\hotspot\share\prims\jni.cpp, line 520]
Event: 21.912 Thread 0x00000211db7a7920 Exception <a 'java/io/FileNotFoundException'{0x00000000eb8b2e68}> (0x00000000eb8b2e68) 
thrown [s\src\hotspot\share\prims\jni.cpp, line 520]
Event: 21.916 Thread 0x00000211db7a7920 Exception <a 'java/io/FileNotFoundException'{0x00000000eb8b9788}> (0x00000000eb8b9788) 
thrown [s\src\hotspot\share\prims\jni.cpp, line 520]
Event: 21.920 Thread 0x00000211db7a7920 Exception <a 'java/io/FileNotFoundException'{0x00000000eb8baed0}> (0x00000000eb8baed0) 
thrown [s\src\hotspot\share\prims\jni.cpp, line 520]
Event: 21.921 Thread 0x00000211db7a7920 Exception <a 'java/io/FileNotFoundException'{0x00000000eb8bc148}> (0x00000000eb8bc148) 
thrown [s\src\hotspot\share\prims\jni.cpp, line 520]
Event: 22.545 Thread 0x00000211db7a7920 Exception <a 'sun/nio/fs/WindowsException'{0x00000000eb5018a8}> (0x00000000eb5018a8) 
thrown [s\src\hotspot\share\prims\jni.cpp, line 520]
Event: 22.551 Thread 0x00000211dc9ef9a0 Exception <a 'sun/nio/fs/WindowsException'{0x00000000eb5deaf8}> (0x00000000eb5deaf8) 
thrown [s\src\hotspot\share\prims\jni.cpp, line 520]
Event: 22.555 Thread 0x00000211dc9ecbb0 Exception <a 'sun/nio/fs/WindowsException'{0x00000000eb62be18}> (0x00000000eb62be18) 
thrown [s\src\hotspot\share\prims\jni.cpp, line 520]
Event: 22.560 Thread 0x00000211dc9ed8d0 Exception <a 'sun/nio/fs/WindowsException'{0x00000000eb63d870}> (0x00000000eb63d870) 
thrown [s\src\hotspot\share\prims\jni.cpp, line 520]
Event: 22.562 Thread 0x00000211dc9f13e0 Exception <a 'sun/nio/fs/WindowsException'{0x00000000eb6adab8}> (0x00000000eb6adab8) 
thrown [s\src\hotspot\share\prims\jni.cpp, line 520]
Event: 22.562 Thread 0x00000211dc9edf60 Exception <a 'sun/nio/fs/WindowsException'{0x00000000eb64f018}> (0x00000000eb64f018) 
thrown [s\src\hotspot\share\prims\jni.cpp, line 520]
Event: 22.563 Thread 0x00000211dc9f0030 Exception <a 'sun/nio/fs/WindowsException'{0x00000000eb6fab08}> (0x00000000eb6fab08) 
thrown [s\src\hotspot\share\prims\jni.cpp, line 520]
Event: 22.568 Thread 0x00000211dc9ee5f0 Exception <a 'sun/nio/fs/WindowsException'{0x00000000eb69c820}> (0x00000000eb69c820) 
thrown [s\src\hotspot\share\prims\jni.cpp, line 520]
Event: 22.603 Thread 0x00000211db7a7920 Exception <a 'sun/nio/fs/WindowsException'{0x00000000eb8cd958}> (0x00000000eb8cd958) 
thrown [s\src\hotspot\share\prims\jni.cpp, line 520]

ZGC Phase Switch (0 events):
No events

VM Operations (20 events):
Event: 21.772 Executing VM operation: ParallelGCFailedAllocation (Allocation Failure)
Event: 21.778 Executing VM operation: ParallelGCFailedAllocation (Allocation Failure) done
Event: 21.882 Executing VM operation: HandshakeAllThreads (Deoptimize)
Event: 21.882 Executing VM operation: HandshakeAllThreads (Deoptimize) done
Event: 21.989 Executing VM operation: ParallelGCFailedAllocation (Allocation Failure)
Event: 21.996 Executing VM operation: ParallelGCFailedAllocation (Allocation Failure) done
Event: 22.175 Executing VM operation: ParallelGCFailedAllocation (Allocation Failure)
Event: 22.182 Executing VM operation: ParallelGCFailedAllocation (Allocation Failure) done
Event: 22.398 Executing VM operation: ParallelGCFailedAllocation (Allocation Failure)
Event: 22.404 Executing VM operation: ParallelGCFailedAllocation (Allocation Failure) done
Event: 22.428 Executing VM operation: HandshakeAllThreads (Deoptimize)
Event: 22.428 Executing VM operation: HandshakeAllThreads (Deoptimize) done
Event: 22.529 Executing VM operation: HandshakeAllThreads (Deoptimize)
Event: 22.529 Executing VM operation: HandshakeAllThreads (Deoptimize) done
Event: 22.677 Executing VM operation: ParallelGCFailedAllocation (Allocation Failure)
Event: 22.683 Executing VM operation: ParallelGCFailedAllocation (Allocation Failure) done
Event: 23.103 Executing VM operation: ParallelGCFailedAllocation (Allocation Failure)
Event: 23.111 Executing VM operation: ParallelGCFailedAllocation (Allocation Failure) done
Event: 23.636 Executing VM operation: ParallelGCFailedAllocation (Allocation Failure)
Event: 23.643 Executing VM operation: ParallelGCFailedAllocation (Allocation Failure) done

Memory protections (0 events):
No events

Nmethod flushes (20 events):
Event: 15.645 Thread 0x00000211942bf850 flushing  nmethod 0x0000021183798110
Event: 15.645 Thread 0x00000211942bf850 flushing  nmethod 0x000002118379a190
Event: 15.645 Thread 0x00000211942bf850 flushing  nmethod 0x00000211837c4e90
Event: 15.645 Thread 0x00000211942bf850 flushing  nmethod 0x00000211837c6990
Event: 15.645 Thread 0x00000211942bf850 flushing  nmethod 0x00000211837c7290
Event: 15.645 Thread 0x00000211942bf850 flushing  nmethod 0x00000211837c8490
Event: 15.645 Thread 0x00000211942bf850 flushing  nmethod 0x00000211837cda10
Event: 15.645 Thread 0x00000211942bf850 flushing  nmethod 0x00000211837ce690
Event: 15.645 Thread 0x00000211942bf850 flushing  nmethod 0x0000021183819610
Event: 15.645 Thread 0x00000211942bf850 flushing  nmethod 0x000002118382e490
Event: 15.645 Thread 0x00000211942bf850 flushing  nmethod 0x000002118382e990
Event: 15.645 Thread 0x00000211942bf850 flushing  nmethod 0x0000021183861d90
Event: 15.645 Thread 0x00000211942bf850 flushing  nmethod 0x0000021183864e90
Event: 15.645 Thread 0x00000211942bf850 flushing  nmethod 0x0000021183892510
Event: 15.645 Thread 0x00000211942bf850 flushing  nmethod 0x0000021183897b90
Event: 15.645 Thread 0x00000211942bf850 flushing  nmethod 0x00000211838da790
Event: 15.645 Thread 0x00000211942bf850 flushing  nmethod 0x00000211838f3590
Event: 15.645 Thread 0x00000211942bf850 flushing  nmethod 0x00000211838f3a10
Event: 15.645 Thread 0x00000211942bf850 flushing  nmethod 0x00000211838f7c90
Event: 15.645 Thread 0x00000211942bf850 flushing  nmethod 0x0000021183910510

Events (20 events):
Event: 15.760 Thread 0x00000211ff6ae350 Thread added: 0x00000211db7a16b0
Event: 15.955 Thread 0x00000211ff6ae350 Thread added: 0x00000211dc9f0d50
Event: 16.481 Thread 0x00000211ff6ae350 Thread added: 0x00000211dc9eaae0
Event: 16.482 Thread 0x00000211ff6ae350 Thread added: 0x00000211dc9ed240
Event: 17.858 Thread 0x00000211db7a44a0 Thread added: 0x00000211dc9f2100
Event: 18.143 Thread 0x00000211db7a4b30 Thread exited: 0x00000211db7a4b30
Event: 22.549 Thread 0x00000211db7a7920 Thread added: 0x00000211dc9ef9a0
Event: 22.553 Thread 0x00000211dc9ef9a0 Thread added: 0x00000211dc9ecbb0
Event: 22.555 Thread 0x00000211dc9ef9a0 Thread added: 0x00000211dc9ed8d0
Event: 22.558 Thread 0x00000211dc9ecbb0 Thread added: 0x00000211dc9edf60
Event: 22.558 Thread 0x00000211dc9ed8d0 Thread added: 0x00000211dc9ee5f0
Event: 22.559 Thread 0x00000211dc9edf60 Thread added: 0x00000211dc9f13e0
Event: 22.559 Thread 0x00000211dc9ee5f0 Thread added: 0x00000211dc9f0030
Event: 22.561 Thread 0x00000211dc9f13e0 Thread added: 0x00000211dc9eec80
Event: 22.665 Thread 0x00000211db7a7920 Thread added: 0x00000211dc9f06c0
Event: 22.666 Thread 0x00000211db7a7920 Thread added: 0x00000211dc9ef310
Event: 22.666 Thread 0x00000211db7a7920 Thread added: 0x00000211db7a4b30
Event: 22.666 Thread 0x00000211db7a7920 Thread added: 0x00000211de859fb0
Event: 22.666 Thread 0x00000211db7a7920 Thread added: 0x00000211de858570
Event: 22.667 Thread 0x00000211db7a7920 Thread added: 0x00000211de855e10


Dynamic libraries:
0x00007ff7c0c30000 - 0x00007ff7c0c3e000 	c:\Users\user\.vscode\extensions\redhat.java-1.41.1-win32-x64\jre\21.0.6-win32-x86_64\bin\java.exe
0x00007ffa15880000 - 0x00007ffa15a89000 	C:\WINDOWS\SYSTEM32\ntdll.dll
0x00007ffa14e90000 - 0x00007ffa14f4d000 	C:\WINDOWS\System32\KERNEL32.DLL
0x00007ffa130a0000 - 0x00007ffa13424000 	C:\WINDOWS\System32\KERNELBASE.dll
0x00007ffa12dc0000 - 0x00007ffa12ed1000 	C:\WINDOWS\System32\ucrtbase.dll
0x00007ffa03c40000 - 0x00007ffa03c5e000 	c:\Users\user\.vscode\extensions\redhat.java-1.41.1-win32-x64\jre\21.0.6-win32-x86_64\bin\VCRUNTIME140.dll
0x00007ffa03c60000 - 0x00007ffa03c78000 	c:\Users\user\.vscode\extensions\redhat.java-1.41.1-win32-x64\jre\21.0.6-win32-x86_64\bin\jli.dll
0x00007ffa13c20000 - 0x00007ffa13dcd000 	C:\WINDOWS\System32\USER32.dll
0x00007ffa12d10000 - 0x00007ffa12d36000 	C:\WINDOWS\System32\win32u.dll
0x00007ffa13b00000 - 0x00007ffa13b2a000 	C:\WINDOWS\System32\GDI32.dll
0x00007ffa12ee0000 - 0x00007ffa12ffe000 	C:\WINDOWS\System32\gdi32full.dll
0x00007ffa13000000 - 0x00007ffa1309d000 	C:\WINDOWS\System32\msvcp_win.dll
0x00007ff9ff3c0000 - 0x00007ff9ff665000 	C:\WINDOWS\WinSxS\amd64_microsoft.windows.common-controls_6595b64144ccf1df_6.0.22000.120_none_9d947278b86cc467\COMCTL32.dll
0x00007ffa13a10000 - 0x00007ffa13ab3000 	C:\WINDOWS\System32\msvcrt.dll
0x00007ffa13940000 - 0x00007ffa13971000 	C:\WINDOWS\System32\IMM32.DLL
0x00007ffa0fb90000 - 0x00007ffa0fb9c000 	c:\Users\user\.vscode\extensions\redhat.java-1.41.1-win32-x64\jre\21.0.6-win32-x86_64\bin\vcruntime140_1.dll
0x00007ff9e68a0000 - 0x00007ff9e692d000 	c:\Users\user\.vscode\extensions\redhat.java-1.41.1-win32-x64\jre\21.0.6-win32-x86_64\bin\msvcp140.dll
0x00007ff998660000 - 0x00007ff9993f0000 	c:\Users\user\.vscode\extensions\redhat.java-1.41.1-win32-x64\jre\21.0.6-win32-x86_64\bin\server\jvm.dll
0x00007ffa14730000 - 0x00007ffa147de000 	C:\WINDOWS\System32\ADVAPI32.dll
0x00007ffa137c0000 - 0x00007ffa1385e000 	C:\WINDOWS\System32\sechost.dll
0x00007ffa13dd0000 - 0x00007ffa13ef1000 	C:\WINDOWS\System32\RPCRT4.dll
0x00007ffa13ba0000 - 0x00007ffa13c0f000 	C:\WINDOWS\System32\WS2_32.dll
0x00007ffa12be0000 - 0x00007ffa12c2d000 	C:\WINDOWS\SYSTEM32\POWRPROF.dll
0x00007ffa0bad0000 - 0x00007ffa0bb03000 	C:\WINDOWS\SYSTEM32\WINMM.dll
0x00007ffa0baa0000 - 0x00007ffa0baaa000 	C:\WINDOWS\SYSTEM32\VERSION.dll
0x00007ffa12b10000 - 0x00007ffa12b23000 	C:\WINDOWS\SYSTEM32\UMPDC.dll
0x00007ffa11d80000 - 0x00007ffa11d98000 	C:\WINDOWS\SYSTEM32\kernel.appcore.dll
0x00007ffa0ec40000 - 0x00007ffa0ec4a000 	c:\Users\user\.vscode\extensions\redhat.java-1.41.1-win32-x64\jre\21.0.6-win32-x86_64\bin\jimage.dll
0x00007ff9ff840000 - 0x00007ff9ffa61000 	C:\WINDOWS\SYSTEM32\DBGHELP.DLL
0x00007ff9ff800000 - 0x00007ff9ff831000 	C:\WINDOWS\SYSTEM32\dbgcore.DLL
0x00007ffa12d40000 - 0x00007ffa12dbf000 	C:\WINDOWS\System32\bcryptPrimitives.dll
0x00007ffa040a0000 - 0x00007ffa040af000 	c:\Users\user\.vscode\extensions\redhat.java-1.41.1-win32-x64\jre\21.0.6-win32-x86_64\bin\instrument.dll
0x00007ff9ff320000 - 0x00007ff9ff33f000 	c:\Users\user\.vscode\extensions\redhat.java-1.41.1-win32-x64\jre\21.0.6-win32-x86_64\bin\java.dll
0x00007ffa13f60000 - 0x00007ffa14725000 	C:\WINDOWS\System32\SHELL32.dll
0x00007ffa10de0000 - 0x00007ffa11642000 	C:\WINDOWS\SYSTEM32\windows.storage.dll
0x00007ffa14b10000 - 0x00007ffa14e86000 	C:\WINDOWS\System32\combase.dll
0x00007ffa10c70000 - 0x00007ffa10dd7000 	C:\WINDOWS\SYSTEM32\wintypes.dll
0x00007ffa15590000 - 0x00007ffa1567a000 	C:\WINDOWS\System32\SHCORE.dll
0x00007ffa13b40000 - 0x00007ffa13b9d000 	C:\WINDOWS\System32\shlwapi.dll
0x00007ffa12c40000 - 0x00007ffa12c65000 	C:\WINDOWS\SYSTEM32\profapi.dll
0x00007ff9f4110000 - 0x00007ff9f4128000 	c:\Users\user\.vscode\extensions\redhat.java-1.41.1-win32-x64\jre\21.0.6-win32-x86_64\bin\zip.dll
0x00007ffa03c30000 - 0x00007ffa03c40000 	C:\Users\user\.vscode\extensions\redhat.java-1.41.1-win32-x64\jre\21.0.6-win32-x86_64\bin\net.dll
0x00007ffa0cb90000 - 0x00007ffa0cca4000 	C:\WINDOWS\SYSTEM32\WINHTTP.dll
0x00007ffa12230000 - 0x00007ffa12297000 	C:\WINDOWS\system32\mswsock.dll
0x00007ff9f3f60000 - 0x00007ff9f3f76000 	C:\Users\user\.vscode\extensions\redhat.java-1.41.1-win32-x64\jre\21.0.6-win32-x86_64\bin\nio.dll
0x00007ffa03a60000 - 0x00007ffa03a70000 	c:\Users\user\.vscode\extensions\redhat.java-1.41.1-win32-x64\jre\21.0.6-win32-x86_64\bin\verify.dll
0x00007ff9ebac0000 - 0x00007ff9ebb05000 	C:\Users\user\AppData\Roaming\Code\User\globalStorage\redhat.java\1.41.1\config_win\org.eclipse.equinox.launcher\org.eclipse.equinox.launcher.win32.win32.x86_64_1.2.1300.v20250331-1702\eclipse_11911.dll
0x00007ffa147e0000 - 0x00007ffa1497a000 	C:\WINDOWS\System32\ole32.dll
0x00007ffa12470000 - 0x00007ffa12488000 	C:\WINDOWS\SYSTEM32\CRYPTSP.dll
0x00007ffa11ce0000 - 0x00007ffa11d15000 	C:\WINDOWS\system32\rsaenh.dll
0x00007ffa12320000 - 0x00007ffa1234c000 	C:\WINDOWS\SYSTEM32\USERENV.dll
0x00007ffa125f0000 - 0x00007ffa12617000 	C:\WINDOWS\SYSTEM32\bcrypt.dll
0x00007ffa12490000 - 0x00007ffa1249c000 	C:\WINDOWS\SYSTEM32\CRYPTBASE.dll
0x00007ffa118a0000 - 0x00007ffa118cd000 	C:\WINDOWS\SYSTEM32\IPHLPAPI.DLL
0x00007ffa13c10000 - 0x00007ffa13c19000 	C:\WINDOWS\System32\NSI.dll
0x00007ff9e6850000 - 0x00007ff9e6899000 	C:\Users\user\AppData\Local\Temp\jna-3599307\jna2941623390621060200.dll
0x00007ffa15580000 - 0x00007ffa15588000 	C:\WINDOWS\System32\PSAPI.DLL
0x00007ffa0c750000 - 0x00007ffa0c769000 	C:\WINDOWS\SYSTEM32\dhcpcsvc6.DLL
0x00007ffa0d9e0000 - 0x00007ffa0d9fe000 	C:\WINDOWS\SYSTEM32\dhcpcsvc.DLL

dbghelp: loaded successfully - version: 4.0.5 - missing functions: none
symbol engine: initialized successfully - sym options: 0x614 - pdb path: .;c:\Users\user\.vscode\extensions\redhat.java-1.41.1-win32-x64\jre\21.0.6-win32-x86_64\bin;C:\WINDOWS\SYSTEM32;C:\WINDOWS\WinSxS\amd64_microsoft.windows.common-controls_6595b64144ccf1df_6.0.22000.120_none_9d947278b86cc467;c:\Users\user\.vscode\extensions\redhat.java-1.41.1-win32-x64\jre\21.0.6-win32-x86_64\bin\server;C:\Users\user\AppData\Roaming\Code\User\globalStorage\redhat.java\1.41.1\config_win\org.eclipse.equinox.launcher\org.eclipse.equinox.launcher.win32.win32.x86_64_1.2.1300.v20250331-1702;C:\Users\user\AppData\Local\Temp\jna-3599307

VM Arguments:
jvm_args: --add-modules=ALL-SYSTEM --add-opens=java.base/java.util=ALL-UNNAMED --add-opens=java.base/java.lang=ALL-UNNAMED --add-opens=java.base/sun.nio.fs=ALL-UNNAMED -Declipse.application=org.eclipse.jdt.ls.core.id1 -Dosgi.bundles.defaultStartLevel=4 -Declipse.product=org.eclipse.jdt.ls.core.product -Djava.import.generatesMetadataFilesAtProjectRoot=false -DDetectVMInstallationsJob.disabled=true -Dfile.encoding=utf8 -XX:+UseParallelGC -XX:GCTimeRatio=4 -XX:AdaptiveSizePolicyWeight=90 -Dsun.zip.disableMemoryMapping=true -Xmx1G -Xms100m -Xlog:disable -javaagent:c:\Users\user\.vscode\extensions\redhat.java-1.41.1-win32-x64\lombok\lombok-1.18.36.jar -XX:+HeapDumpOnOutOfMemoryError -XX:HeapDumpPath=c:\Users\user\AppData\Roaming\Code\User\workspaceStorage\ffe298c737c89d61c8d6891e51d41bf3\redhat.java -Daether.dependencyCollector.impl=bf 
java_command: c:\Users\user\.vscode\extensions\redhat.java-1.41.1-win32-x64\server\plugins\org.eclipse.equinox.launcher_1.7.0.v20250331-1702.jar -configuration c:\Users\user\AppData\Roaming\Code\User\globalStorage\redhat.java\1.41.1\config_win -data c:\Users\user\AppData\Roaming\Code\User\workspaceStorage\ffe298c737c89d61c8d6891e51d41bf3\redhat.java\jdt_ws --pipe=\\.\pipe\lsp-b27e67b763a2c523616366eb9763d97b-sock
java_class_path (initial): c:\Users\user\.vscode\extensions\redhat.java-1.41.1-win32-x64\server\plugins\org.eclipse.equinox.launcher_1.7.0.v20250331-1702.jar
Launcher Type: SUN_STANDARD

[Global flags]
    uintx AdaptiveSizePolicyWeight                 = 90                                        {product} {command line}
     intx CICompilerCount                          = 4                                         {product} {ergonomic}
    uintx GCTimeRatio                              = 4                                         {product} {command line}
     bool HeapDumpOnOutOfMemoryError               = true                                   {manageable} {command line}
    ccstr HeapDumpPath                             = c:\Users\user\AppData\Roaming\Code\User\workspaceStorage\ffe298c737c89d61c8d6891e51d41bf3\redhat.java         {manageable} {command line}
   size_t InitialHeapSize                          = 104857600                                 {product} {command line}
   size_t MaxHeapSize                              = 1073741824                                {product} {command line}
   size_t MaxNewSize                               = 357564416                                 {product} {ergonomic}
   size_t MinHeapDeltaBytes                        = 524288                                    {product} {ergonomic}
   size_t MinHeapSize                              = 104857600                                 {product} {command line}
   size_t NewSize                                  = 34603008                                  {product} {ergonomic}
    uintx NonNMethodCodeHeapSize                   = 5839372                                {pd product} {ergonomic}
    uintx NonProfiledCodeHeapSize                  = 122909434                              {pd product} {ergonomic}
   size_t OldSize                                  = 70254592                                  {product} {ergonomic}
    uintx ProfiledCodeHeapSize                     = 122909434                              {pd product} {ergonomic}
    uintx ReservedCodeCacheSize                    = 251658240                              {pd product} {ergonomic}
     bool SegmentedCodeCache                       = true                                      {product} {ergonomic}
   size_t SoftMaxHeapSize                          = 1073741824                             {manageable} {ergonomic}
     bool UseCompressedOops                        = true                           {product lp64_product} {ergonomic}
     bool UseLargePagesIndividualAllocation        = false                                  {pd product} {ergonomic}
     bool UseParallelGC                            = true                                      {product} {command line}

Logging:
Log output configuration:
 #0: stdout all=off uptime,level,tags foldmultilines=false
 #1: stderr all=off uptime,level,tags foldmultilines=false

Environment Variables:
JAVA_HOME=C:\Program Files\Java\jdk-21
PATH=C:\Users\user\AppData\Local\Microsoft\WindowsApps;C:\Users\user\OneDrive\ \PyCharm Community Edition 2023.1\bin;C:;Users\user\AppData\Local\Programs\Microsoft VS Code\bin;C:\Users\user\.dotnet\tools;C:\Users\user\AppData\Roaming\npm;C:\Program Files\Apache\Maven\apache-maven-3.9.9-bin\apache-maven-3.9.9\bin;C:\Program Files\Java\jdk-21\bin;C:\Program Files\Git\cmd;C:\Users\user\AppData\Local\nvm;C:\nvm4w\nodejs;C:\Users\user\AppData\Roaming\nvm;C:\Users\user\AppData\Roaming\nvm\nodejs;C:\Users\user\AppData\Local\Microsoft\WindowsApps;C:\Users\user\OneDrive\ \PyCharm Community Edition 2023.1\bin;;C:\Users\user\AppData\Local\Programs\Microsoft VS Code\bin;C:\Users\user\.dotnet\tools;C:\Program Files\Apache\Maven\apache-maven-3.9.9-bin\apache-maven-3.9.9\bin;C:\Program Files\Java\jdk-21\bin;C:\Program Files\nodejs\;C:\Users\user\AppData\Local\nvm;C:\nvm4w\nodejs;C:\Program Files (x86)\ESTsoft\ALSee\x64
USERNAME=user
TMPDIR=C:\Users\Public\Documents\ESTsoft\CreatorTemp
OS=Windows_NT
PROCESSOR_IDENTIFIER=Intel64 Family 6 Model 142 Stepping 12, GenuineIntel
TMP=C:\Users\user\AppData\Local\Temp
TEMP=C:\Users\user\AppData\Local\Temp




Periodic native trim disabled

---------------  S Y S T E M  ---------------

OS:
 Windows 11 , 64 bit Build 22000 (10.0.22000.2538)
OS uptime: 10 days 22:43 hours

CPU: total 8 (initial active 8) (4 cores per cpu, 2 threads per core) family 6 model 142 stepping 12 microcode 0xde, cx8, cmov, fxsr, ht, mmx, 3dnowpref, sse, sse2, sse3, ssse3, sse4.1, sse4.2, popcnt, lzcnt, tsc, tscinvbit, avx, avx2, aes, erms, clmul, bmi1, bmi2, adx, fma, vzeroupper, clflush, clflushopt, rdtscp, f16c
Processor Information for the first 8 processors :
  Max Mhz: 1800, Current Mhz: 1600, Mhz Limit: 1584

Memory: 4k page, system-wide physical 3987M (51M free)
TotalPageFile size 16275M (AvailPageFile size 1M)
current process WorkingSet (physical memory assigned to process): 242M, peak: 258M
current process commit charge ("private bytes"): 304M, peak: 309M

vm_info: OpenJDK 64-Bit Server VM (21.0.6+7-LTS) for windows-amd64 JRE (21.0.6+7-LTS), built on 2025-01-21T00:00:00Z by "admin" with MS VC++ 17.7 (VS2022)

END.
