#
# There is insufficient memory for the Java Runtime Environment to continue.
# Native memory allocation (malloc) failed to allocate 1598976 bytes. Error detail: Chunk::new
# Possible reasons:
#   The system is out of physical RAM or swap space
#   This process is running with CompressedOops enabled, and the Java Heap may be blocking the growth of the native heap
# Possible solutions:
#   Reduce memory load on the system
#   Increase physical memory or swap space
#   Check if swap backing store is full
#   Decrease Java heap size (-Xmx/-Xms)
#   Decrease number of Java threads
#   Decrease Java thread stack sizes (-Xss)
#   Set larger code cache with -XX:ReservedCodeCacheSize=
#   JVM is running with Unscaled Compressed Oops mode in which the Java heap is
#     placed in the first 4GB address space. The Java Heap base address is the
#     maximum limit for the native heap growth. Please use -XX:HeapBaseMinAddress
#     to set the Java Heap base and to place the Java Heap above 4GB virtual address.
# This output file may be truncated or incomplete.
#
#  Out of Memory Error (arena.cpp:168), pid=15204, tid=28816
#
# JRE version: OpenJDK Runtime Environment Temurin-21.0.6+7 (21.0.6+7) (build 21.0.6+7-LTS)
# Java VM: OpenJDK 64-Bit Server VM Temurin-21.0.6+7 (21.0.6+7-LTS, mixed mode, sharing, tiered, compressed oops, compressed class ptrs, parallel gc, windows-amd64)
# No core dump will be written. Minidumps are not enabled by default on client versions of Windows
#

---------------  S U M M A R Y ------------

Command Line: --add-modules=ALL-SYSTEM --add-opens=java.base/java.util=ALL-UNNAMED --add-opens=java.base/java.lang=ALL-UNNAMED --add-opens=java.base/sun.nio.fs=ALL-UNNAMED -Declipse.application=org.eclipse.jdt.ls.core.id1 -Dosgi.bundles.defaultStartLevel=4 -Declipse.product=org.eclipse.jdt.ls.core.product -Djava.import.generatesMetadataFilesAtProjectRoot=false -DDetectVMInstallationsJob.disabled=true -Dfile.encoding=utf8 -XX:+UseParallelGC -XX:GCTimeRatio=4 -XX:AdaptiveSizePolicyWeight=90 -Dsun.zip.disableMemoryMapping=true -Xmx1G -Xms100m -Xlog:disable -javaagent:c:\Users\user\.vscode\extensions\redhat.java-1.41.1-win32-x64\lombok\lombok-1.18.36.jar -XX:+HeapDumpOnOutOfMemoryError -XX:HeapDumpPath=c:\Users\user\AppData\Roaming\Code\User\workspaceStorage\ffe298c737c89d61c8d6891e51d41bf3\redhat.java -Daether.dependencyCollector.impl=bf c:\Users\user\.vscode\extensions\redhat.java-1.41.1-win32-x64\server\plugins\org.eclipse.equinox.launcher_1.7.0.v20250331-1702.jar -configuration c:\Users\user\AppData\Roaming\Code\User\globalStorage\redhat.java\1.41.1\config_win -data c:\Users\user\AppData\Roaming\Code\User\workspaceStorage\ffe298c737c89d61c8d6891e51d41bf3\redhat.java\jdt_ws --pipe=\\.\pipe\lsp-b7a310bdea4d1726abb044fbff20af8b-sock

Host: Intel(R) Core(TM) i5-8265U CPU @ 1.60GHz, 8 cores, 3G,  Windows 11 , 64 bit Build 22000 (10.0.22000.2538)
Time: Thu May  8 17:33:02 2025  Windows 11 , 64 bit Build 22000 (10.0.22000.2538) elapsed time: 42.278448 seconds (0d 0h 0m 42s)

---------------  T H R E A D  ---------------

Current thread (0x000002854e88dd10):  JavaThread "C2 CompilerThread0" daemon [_thread_in_native, id=28816, stack(0x0000009578900000,0x0000009578a00000) (1024K)]


Current CompileTask:
C2:42279 11745       4       org.eclipse.jdt.internal.core.search.indexing.BinaryIndexer::extractReferenceFromConstantPool (358 bytes)

Stack: [0x0000009578900000,0x0000009578a00000]
Native frames: (J=compiled Java code, j=interpreted, Vv=VM code, C=native code)
V  [jvm.dll+0x6cdee9]
V  [jvm.dll+0x8a83d1]
V  [jvm.dll+0x8aa8fe]
V  [jvm.dll+0x8aafe3]
V  [jvm.dll+0x27f706]
V  [jvm.dll+0xc500d]
V  [jvm.dll+0xc5543]
V  [jvm.dll+0x2f2acd]
V  [jvm.dll+0x5f6a2a]
V  [jvm.dll+0x250bb2]
V  [jvm.dll+0x250f6f]
V  [jvm.dll+0x249834]
V  [jvm.dll+0x246ec4]
V  [jvm.dll+0x1c75ee]
V  [jvm.dll+0x25685a]
V  [jvm.dll+0x254dfa]
V  [jvm.dll+0x3f0256]
V  [jvm.dll+0x851f8b]
V  [jvm.dll+0x6cc5ed]
C  [ucrtbase.dll+0x26c0c]
C  [KERNEL32.DLL+0x153e0]
C  [ntdll.dll+0x485b]


---------------  P R O C E S S  ---------------

Threads class SMR info:
_java_thread_list=0x00000285a24c1ad0, length=60, elements={
0x000002853a4ce1b0, 0x000002854e87dc30, 0x000002854e87f1e0, 0x000002854e882240,
0x000002854e885060, 0x000002854e886de0, 0x000002854e88c610, 0x000002854e88dd10,
0x000002854e88f120, 0x00000285913dd160, 0x0000028591718440, 0x0000028591c044c0,
0x0000028591c7b640, 0x000002859614b380, 0x0000028591b372e0, 0x0000028596501410,
0x0000028591e26a30, 0x00000285965f5550, 0x00000285965f41a0, 0x00000285965f5be0,
0x00000285965f4830, 0x00000285965f6900, 0x00000285965f6270, 0x00000285965f4ec0,
0x00000285965f6f90, 0x00000285965f3b10, 0x0000028596df5850, 0x0000028596df23d0,
0x0000028596df1d40, 0x0000028596df5ee0, 0x0000028596df51c0, 0x0000028596df2a60,
0x0000028596df30f0, 0x0000028596df3780, 0x0000028596df3e10, 0x0000028596df6c00,
0x0000028596df44a0, 0x0000028596df4b30, 0x0000028596df6570, 0x0000028596df7920,
0x0000028596df0990, 0x0000028596df1020, 0x0000028596df16b0, 0x00000285990189f0,
0x0000028599019710, 0x0000028599015570, 0x0000028599015c00, 0x0000028599019080,
0x0000028599014ee0, 0x0000028599016290, 0x000002859901b150, 0x0000028599018360,
0x0000028599016fb0, 0x0000028599016920, 0x000002859901b7e0, 0x000002859901be70,
0x000002859901a430, 0x000002859901aac0, 0x0000028599017cd0, 0x00000285982f85f0
}

Java Threads: ( => current thread )
  0x000002853a4ce1b0 JavaThread "main"                              [_thread_blocked, id=23296, stack(0x0000009577f00000,0x0000009578000000) (1024K)]
  0x000002854e87dc30 JavaThread "Reference Handler"          daemon [_thread_blocked, id=28428, stack(0x0000009578300000,0x0000009578400000) (1024K)]
  0x000002854e87f1e0 JavaThread "Finalizer"                  daemon [_thread_blocked, id=26792, stack(0x0000009578400000,0x0000009578500000) (1024K)]
  0x000002854e882240 JavaThread "Signal Dispatcher"          daemon [_thread_blocked, id=28936, stack(0x0000009578500000,0x0000009578600000) (1024K)]
  0x000002854e885060 JavaThread "Attach Listener"            daemon [_thread_blocked, id=10876, stack(0x0000009578600000,0x0000009578700000) (1024K)]
  0x000002854e886de0 JavaThread "Service Thread"             daemon [_thread_blocked, id=29592, stack(0x0000009578700000,0x0000009578800000) (1024K)]
  0x000002854e88c610 JavaThread "Monitor Deflation Thread"   daemon [_thread_blocked, id=21900, stack(0x0000009578800000,0x0000009578900000) (1024K)]
=>0x000002854e88dd10 JavaThread "C2 CompilerThread0"         daemon [_thread_in_native, id=28816, stack(0x0000009578900000,0x0000009578a00000) (1024K)]
  0x000002854e88f120 JavaThread "C1 CompilerThread0"         daemon [_thread_blocked, id=27448, stack(0x0000009578a00000,0x0000009578b00000) (1024K)]
  0x00000285913dd160 JavaThread "Common-Cleaner"             daemon [_thread_blocked, id=24584, stack(0x0000009578b00000,0x0000009578c00000) (1024K)]
  0x0000028591718440 JavaThread "Notification Thread"        daemon [_thread_blocked, id=13144, stack(0x0000009578c00000,0x0000009578d00000) (1024K)]
  0x0000028591c044c0 JavaThread "Active Thread: Equinox Container: fed7ff75-bcef-4954-ad63-0cd1f368f0c0"        [_thread_blocked, id=28024, stack(0x0000009579300000,0x0000009579400000) (1024K)]
  0x0000028591c7b640 JavaThread "Refresh Thread: Equinox Container: fed7ff75-bcef-4954-ad63-0cd1f368f0c0" daemon [_thread_blocked, id=17208, stack(0x0000009579400000,0x0000009579500000) (1024K)]
  0x000002859614b380 JavaThread "Framework Event Dispatcher: Equinox Container: fed7ff75-bcef-4954-ad63-0cd1f368f0c0" daemon [_thread_blocked, id=26828, stack(0x0000009579600000,0x0000009579700000) (1024K)]
  0x0000028591b372e0 JavaThread "Start Level: Equinox Container: fed7ff75-bcef-4954-ad63-0cd1f368f0c0" daemon [_thread_blocked, id=17584, stack(0x0000009579700000,0x0000009579800000) (1024K)]
  0x0000028596501410 JavaThread "Bundle File Closer"         daemon [_thread_blocked, id=22580, stack(0x0000009579800000,0x0000009579900000) (1024K)]
  0x0000028591e26a30 JavaThread "SCR Component Actor"        daemon [_thread_blocked, id=11496, stack(0x0000009579900000,0x0000009579a00000) (1024K)]
  0x00000285965f5550 JavaThread "Worker-JM"                         [_thread_blocked, id=15804, stack(0x0000009579b00000,0x0000009579c00000) (1024K)]
  0x00000285965f41a0 JavaThread "JNA Cleaner"                daemon [_thread_blocked, id=28252, stack(0x0000009579c00000,0x0000009579d00000) (1024K)]
  0x00000285965f5be0 JavaThread "Worker-0"                          [_thread_blocked, id=1308, stack(0x0000009579d00000,0x0000009579e00000) (1024K)]
  0x00000285965f4830 JavaThread "Worker-1"                          [_thread_blocked, id=6820, stack(0x0000009579e00000,0x0000009579f00000) (1024K)]
  0x00000285965f6900 JavaThread "Java indexing"              daemon [_thread_in_Java, id=1976, stack(0x0000009579f00000,0x000000957a000000) (1024K)]
  0x00000285965f6270 JavaThread "Worker-2"                          [_thread_blocked, id=29132, stack(0x000000957a000000,0x000000957a100000) (1024K)]
  0x00000285965f4ec0 JavaThread "Worker-3: Java indexing... "        [_thread_blocked, id=10268, stack(0x000000957a100000,0x000000957a200000) (1024K)]
  0x00000285965f6f90 JavaThread "Worker-4: Initialize workspace"        [_thread_in_Java, id=20360, stack(0x000000957a200000,0x000000957a300000) (1024K)]
  0x00000285965f3b10 JavaThread "Thread-2"                   daemon [_thread_in_native, id=29424, stack(0x000000957a300000,0x000000957a400000) (1024K)]
  0x0000028596df5850 JavaThread "Thread-3"                   daemon [_thread_in_native, id=28020, stack(0x000000957a400000,0x000000957a500000) (1024K)]
  0x0000028596df23d0 JavaThread "Thread-4"                   daemon [_thread_in_native, id=21312, stack(0x000000957a500000,0x000000957a600000) (1024K)]
  0x0000028596df1d40 JavaThread "Thread-5"                   daemon [_thread_in_native, id=23624, stack(0x000000957a600000,0x000000957a700000) (1024K)]
  0x0000028596df5ee0 JavaThread "Thread-6"                   daemon [_thread_in_native, id=30136, stack(0x000000957a700000,0x000000957a800000) (1024K)]
  0x0000028596df51c0 JavaThread "Thread-7"                   daemon [_thread_in_native, id=29024, stack(0x000000957a800000,0x000000957a900000) (1024K)]
  0x0000028596df2a60 JavaThread "Thread-8"                   daemon [_thread_in_native, id=28768, stack(0x000000957a900000,0x000000957aa00000) (1024K)]
  0x0000028596df30f0 JavaThread "Thread-9"                   daemon [_thread_in_native, id=28100, stack(0x000000957aa00000,0x000000957ab00000) (1024K)]
  0x0000028596df3780 JavaThread "Thread-10"                  daemon [_thread_in_native, id=19300, stack(0x000000957ab00000,0x000000957ac00000) (1024K)]
  0x0000028596df3e10 JavaThread "pool-2-thread-1"                   [_thread_blocked, id=27312, stack(0x000000957ac00000,0x000000957ad00000) (1024K)]
  0x0000028596df6c00 JavaThread "WorkspaceEventsHandler"            [_thread_blocked, id=15520, stack(0x000000957ad00000,0x000000957ae00000) (1024K)]
  0x0000028596df44a0 JavaThread "pool-1-thread-1"                   [_thread_blocked, id=23396, stack(0x000000957ae00000,0x000000957af00000) (1024K)]
  0x0000028596df4b30 JavaThread "Worker-5"                          [_thread_blocked, id=29788, stack(0x000000957af00000,0x000000957b000000) (1024K)]
  0x0000028596df6570 JavaThread "LocalFile Deleter"          daemon [_thread_blocked, id=13044, stack(0x0000009579a00000,0x0000009579b00000) (1024K)]
  0x0000028596df7920 JavaThread "LocalFile Deleter"          daemon [_thread_blocked, id=18604, stack(0x000000957b000000,0x000000957b100000) (1024K)]
  0x0000028596df0990 JavaThread "LocalFile Deleter"          daemon [_thread_blocked, id=26672, stack(0x000000957b100000,0x000000957b200000) (1024K)]
  0x0000028596df1020 JavaThread "LocalFile Deleter"          daemon [_thread_blocked, id=30584, stack(0x000000957b200000,0x000000957b300000) (1024K)]
  0x0000028596df16b0 JavaThread "LocalFile Deleter"          daemon [_thread_blocked, id=932, stack(0x000000957b300000,0x000000957b400000) (1024K)]
  0x00000285990189f0 JavaThread "LocalFile Deleter"          daemon [_thread_blocked, id=23688, stack(0x000000957b400000,0x000000957b500000) (1024K)]
  0x0000028599019710 JavaThread "LocalFile Deleter"          daemon [_thread_blocked, id=23632, stack(0x000000957b500000,0x000000957b600000) (1024K)]
  0x0000028599015570 JavaThread "LocalFile Deleter"          daemon [_thread_blocked, id=30124, stack(0x000000957b600000,0x000000957b700000) (1024K)]
  0x0000028599015c00 JavaThread "Compiler Source File Reader" daemon [_thread_blocked, id=2204, stack(0x000000957b700000,0x000000957b800000) (1024K)]
  0x0000028599019080 JavaThread "Compiler Source File Reader" daemon [_thread_blocked, id=22556, stack(0x000000957b800000,0x000000957b900000) (1024K)]
  0x0000028599014ee0 JavaThread "Compiler Source File Reader" daemon [_thread_blocked, id=16288, stack(0x000000957b900000,0x000000957ba00000) (1024K)]
  0x0000028599016290 JavaThread "Compiler Source File Reader" daemon [_thread_blocked, id=7784, stack(0x000000957ba00000,0x000000957bb00000) (1024K)]
  0x000002859901b150 JavaThread "Compiler Source File Reader" daemon [_thread_blocked, id=21228, stack(0x000000957bb00000,0x000000957bc00000) (1024K)]
  0x0000028599018360 JavaThread "Compiler Source File Reader" daemon [_thread_blocked, id=24660, stack(0x000000957bc00000,0x000000957bd00000) (1024K)]
  0x0000028599016fb0 JavaThread "Compiler Processing Task"   daemon [_thread_blocked, id=29044, stack(0x000000957bd00000,0x000000957be00000) (1024K)]
  0x0000028599016920 JavaThread "Compiler Class File Writer" daemon [_thread_blocked, id=20500, stack(0x000000957be00000,0x000000957bf00000) (1024K)]
  0x000002859901b7e0 JavaThread "Compiler Class File Writer" daemon [_thread_blocked, id=22944, stack(0x000000957bf00000,0x000000957c000000) (1024K)]
  0x000002859901be70 JavaThread "Compiler Class File Writer" daemon [_thread_blocked, id=18736, stack(0x000000957c000000,0x000000957c100000) (1024K)]
  0x000002859901a430 JavaThread "Compiler Class File Writer" daemon [_thread_blocked, id=4776, stack(0x000000957c100000,0x000000957c200000) (1024K)]
  0x000002859901aac0 JavaThread "Compiler Class File Writer" daemon [_thread_blocked, id=21224, stack(0x000000957c200000,0x000000957c300000) (1024K)]
  0x0000028599017cd0 JavaThread "Compiler Class File Writer" daemon [_thread_blocked, id=24244, stack(0x000000957c300000,0x000000957c400000) (1024K)]
  0x00000285982f85f0 JavaThread "SCR Component Registry"     daemon [_thread_blocked, id=26908, stack(0x000000957c600000,0x000000957c700000) (1024K)]
Total: 60

Other Threads:
  0x000002854e85e7d0 VMThread "VM Thread"                           [id=28664, stack(0x0000009578200000,0x0000009578300000) (1024K)]
  0x000002854e7519e0 WatcherThread "VM Periodic Task Thread"        [id=2724, stack(0x0000009578100000,0x0000009578200000) (1024K)]
  0x000002853a4ec350 WorkerThread "GC Thread#0"                     [id=24504, stack(0x0000009578000000,0x0000009578100000) (1024K)]
  0x0000028591b9b1d0 WorkerThread "GC Thread#1"                     [id=30496, stack(0x0000009578d00000,0x0000009578e00000) (1024K)]
  0x0000028591ada5b0 WorkerThread "GC Thread#2"                     [id=1416, stack(0x0000009578e00000,0x0000009578f00000) (1024K)]
  0x00000285917fb9f0 WorkerThread "GC Thread#3"                     [id=26772, stack(0x0000009578f00000,0x0000009579000000) (1024K)]
  0x00000285917fbd90 WorkerThread "GC Thread#4"                     [id=16908, stack(0x0000009579000000,0x0000009579100000) (1024K)]
  0x00000285917fc130 WorkerThread "GC Thread#5"                     [id=26400, stack(0x0000009579100000,0x0000009579200000) (1024K)]
  0x0000028591657990 WorkerThread "GC Thread#6"                     [id=26976, stack(0x0000009579200000,0x0000009579300000) (1024K)]
  0x0000028591c785e0 WorkerThread "GC Thread#7"                     [id=19324, stack(0x0000009579500000,0x0000009579600000) (1024K)]
Total: 10

Threads with active compile tasks:
C2 CompilerThread0  42410 11745       4       org.eclipse.jdt.internal.core.search.indexing.BinaryIndexer::extractReferenceFromConstantPool (358 bytes)
Total: 1

VM state: not at safepoint (normal execution)

VM Mutex/Monitor currently owned by a thread: None

Heap address: 0x00000000c0000000, size: 1024 MB, Compressed Oops mode: 32-bit

CDS archive(s) mapped at: [0x000002854f000000-0x000002854fba0000-0x000002854fba0000), size 12189696, SharedBaseAddress: 0x000002854f000000, ArchiveRelocationMode: 1.
Compressed class space mapped at: 0x0000028550000000-0x0000028590000000, reserved size: 1073741824
Narrow klass base: 0x000002854f000000, Narrow klass shift: 0, Narrow klass range: 0x100000000

GC Precious Log:
 CardTable entry size: 512
 CPUs: 8 total, 8 available
 Memory: 3987M
 Large Page Support: Disabled
 NUMA Support: Disabled
 Compressed Oops: Enabled (32-bit)
 Alignments: Space 512K, Generation 512K, Heap 2M
 Heap Min Capacity: 100M
 Heap Initial Capacity: 100M
 Heap Max Capacity: 1G
 Pre-touch: Disabled
 Parallel Workers: 8

Heap:
 PSYoungGen      total 18944K, used 17723K [0x00000000eab00000, 0x00000000ec500000, 0x0000000100000000)
  eden space 12288K, 94% used [0x00000000eab00000,0x00000000eb663ed8,0x00000000eb700000)
  from space 6656K, 91% used [0x00000000eb700000,0x00000000ebceb098,0x00000000ebd80000)
  to   space 6656K, 0% used [0x00000000ebe80000,0x00000000ebe80000,0x00000000ec500000)
 ParOldGen       total 370176K, used 367126K [0x00000000c0000000, 0x00000000d6980000, 0x00000000eab00000)
  object space 370176K, 99% used [0x00000000c0000000,0x00000000d6685b98,0x00000000d6980000)
 Metaspace       used 61867K, committed 63296K, reserved 1114112K
  class space    used 6345K, committed 6976K, reserved 1048576K

Card table byte_map: [0x0000028539e80000,0x000002853a090000] _byte_map_base: 0x0000028539880000

Marking Bits: (ParMarkBitMap*) 0x00007ff999313260
 Begin Bits: [0x000002854c6d0000, 0x000002854d6d0000)
 End Bits:   [0x000002854d6d0000, 0x000002854e6d0000)

Polling page: 0x0000028538410000

Metaspace:

Usage:
  Non-class:     54.22 MB used.
      Class:      6.20 MB used.
       Both:     60.42 MB used.

Virtual space:
  Non-class space:       64.00 MB reserved,      55.00 MB ( 86%) committed,  1 nodes.
      Class space:        1.00 GB reserved,       6.81 MB ( <1%) committed,  1 nodes.
             Both:        1.06 GB reserved,      61.81 MB (  6%) committed. 

Chunk freelists:
   Non-Class:  8.09 MB
       Class:  9.22 MB
        Both:  17.31 MB

MaxMetaspaceSize: unlimited
CompressedClassSpaceSize: 1.00 GB
Initial GC threshold: 21.00 MB
Current GC threshold: 101.19 MB
CDS: on
 - commit_granule_bytes: 65536.
 - commit_granule_words: 8192.
 - virtual_space_node_default_size: 8388608.
 - enlarge_chunks_in_place: 1.
 - use_allocation_guard: 0.


Internal statistics:

num_allocs_failed_limit: 13.
num_arena_births: 1156.
num_arena_deaths: 16.
num_vsnodes_births: 2.
num_vsnodes_deaths: 0.
num_space_committed: 989.
num_space_uncommitted: 0.
num_chunks_returned_to_freelist: 29.
num_chunks_taken_from_freelist: 4078.
num_chunk_merges: 14.
num_chunk_splits: 2490.
num_chunks_enlarged: 1403.
num_inconsistent_stats: 0.

CodeHeap 'non-profiled nmethods': size=120000Kb used=4904Kb max_used=4904Kb free=115096Kb
 bounds [0x00000285451a0000, 0x0000028545670000, 0x000002854c6d0000]
CodeHeap 'profiled nmethods': size=120000Kb used=18073Kb max_used=21356Kb free=101927Kb
 bounds [0x000002853d6d0000, 0x000002853ebd0000, 0x0000028544c00000]
CodeHeap 'non-nmethods': size=5760Kb used=1427Kb max_used=1514Kb free=4333Kb
 bounds [0x0000028544c00000, 0x0000028544e70000, 0x00000285451a0000]
 total_blobs=10162 nmethods=9420 adapters=648
 compilation: enabled
              stopped_count=0, restarted_count=0
 full_count=0

Compilation events (20 events):
Event: 41.526 Thread 0x000002854e88f120 11750       2       java.util.TimSort::mergeLo (659 bytes)
Event: 41.529 Thread 0x000002854e88f120 nmethod 11750 0x000002853d78cc10 code [0x000002853d78cf00, 0x000002853d78e6e0]
Event: 41.529 Thread 0x000002854e88f120 11751   !   2       org.eclipse.jdt.internal.core.JavaProjectElementInfo::initializePackageNames (130 bytes)
Event: 41.531 Thread 0x000002854e88f120 nmethod 11751 0x000002853d800290 code [0x000002853d800500, 0x000002853d800c88]
Event: 41.532 Thread 0x000002854e88f120 11752   !   2       java.net.URI::create (23 bytes)
Event: 41.533 Thread 0x000002854e88f120 nmethod 11752 0x000002853e96f990 code [0x000002853e96fb60, 0x000002853e96feb8]
Event: 41.549 Thread 0x000002854e88f120 11753       3       org.eclipse.core.internal.dtree.DeltaDataTree::lookup (158 bytes)
Event: 41.551 Thread 0x000002854e88f120 nmethod 11753 0x000002853e266c90 code [0x000002853e266f20, 0x000002853e267b78]
Event: 41.614 Thread 0x000002854e88f120 11756       3       java.util.ImmutableCollections$ListN::toArray (48 bytes)
Event: 41.614 Thread 0x000002854e88f120 nmethod 11756 0x000002853e8c4490 code [0x000002853e8c4680, 0x000002853e8c4b98]
Event: 41.912 Thread 0x000002854e88f120 11760       2       org.eclipse.jdt.internal.core.JarPackageFragmentRoot::createChildren (97 bytes)
Event: 41.915 Thread 0x000002854e88f120 nmethod 11760 0x000002853deedf10 code [0x000002853deee1a0, 0x000002853deee918]
Event: 41.915 Thread 0x000002854e88f120 11761       2       java.util.AbstractMap$1::size (8 bytes)
Event: 41.916 Thread 0x000002854e88f120 nmethod 11761 0x000002853e53ef90 code [0x000002853e53f140, 0x000002853e53f278]
Event: 41.939 Thread 0x000002854e88f120 11763       2       java.util.concurrent.locks.AbstractQueuedSynchronizer::acquire (20 bytes)
Event: 41.940 Thread 0x000002854e88f120 nmethod 11763 0x000002853dd3b290 code [0x000002853dd3b440, 0x000002853dd3b5e0]
Event: 41.959 Thread 0x000002854e88f120 11765       2       java.util.ImmutableCollections$ListN::toArray (13 bytes)
Event: 41.959 Thread 0x000002854e88f120 nmethod 11765 0x000002853dd46910 code [0x000002853dd46ac0, 0x000002853dd46c08]
Event: 41.959 Thread 0x000002854e88f120 11766       3       org.eclipse.jdt.internal.core.JarPackageFragmentRootInfo$PackageContent::<init> (19 bytes)
Event: 41.960 Thread 0x000002854e88f120 nmethod 11766 0x000002853daad310 code [0x000002853daad520, 0x000002853daadb68]

GC Heap History (20 events):
Event: 41.056 GC heap before
{Heap before GC invocations=676 (full 5):
 PSYoungGen      total 13824K, used 13726K [0x00000000eab00000, 0x00000000ebc80000, 0x0000000100000000)
  eden space 10240K, 100% used [0x00000000eab00000,0x00000000eb500000,0x00000000eb500000)
  from space 3584K, 97% used [0x00000000eb880000,0x00000000ebbe7848,0x00000000ebc00000)
  to   space 3584K, 0% used [0x00000000eb500000,0x00000000eb500000,0x00000000eb880000)
 ParOldGen       total 370176K, used 361848K [0x00000000c0000000, 0x00000000d6980000, 0x00000000eab00000)
  object space 370176K, 97% used [0x00000000c0000000,0x00000000d615e3f0,0x00000000d6980000)
 Metaspace       used 61839K, committed 63296K, reserved 1114112K
  class space    used 6345K, committed 6976K, reserved 1048576K
}
Event: 41.064 GC heap after
{Heap after GC invocations=676 (full 5):
 PSYoungGen      total 13824K, used 3571K [0x00000000eab00000, 0x00000000ebe80000, 0x0000000100000000)
  eden space 10240K, 0% used [0x00000000eab00000,0x00000000eab00000,0x00000000eb500000)
  from space 3584K, 99% used [0x00000000eb500000,0x00000000eb87ce90,0x00000000eb880000)
  to   space 4608K, 0% used [0x00000000eba00000,0x00000000eba00000,0x00000000ebe80000)
 ParOldGen       total 370176K, used 362272K [0x00000000c0000000, 0x00000000d6980000, 0x00000000eab00000)
  object space 370176K, 97% used [0x00000000c0000000,0x00000000d61c83f0,0x00000000d6980000)
 Metaspace       used 61839K, committed 63296K, reserved 1114112K
  class space    used 6345K, committed 6976K, reserved 1048576K
}
Event: 41.160 GC heap before
{Heap before GC invocations=677 (full 5):
 PSYoungGen      total 13824K, used 13811K [0x00000000eab00000, 0x00000000ebe80000, 0x0000000100000000)
  eden space 10240K, 100% used [0x00000000eab00000,0x00000000eb500000,0x00000000eb500000)
  from space 3584K, 99% used [0x00000000eb500000,0x00000000eb87ce90,0x00000000eb880000)
  to   space 4608K, 0% used [0x00000000eba00000,0x00000000eba00000,0x00000000ebe80000)
 ParOldGen       total 370176K, used 362272K [0x00000000c0000000, 0x00000000d6980000, 0x00000000eab00000)
  object space 370176K, 97% used [0x00000000c0000000,0x00000000d61c83f0,0x00000000d6980000)
 Metaspace       used 61847K, committed 63296K, reserved 1114112K
  class space    used 6345K, committed 6976K, reserved 1048576K
}
Event: 41.167 GC heap after
{Heap after GC invocations=677 (full 5):
 PSYoungGen      total 14848K, used 3894K [0x00000000eab00000, 0x00000000ebe00000, 0x0000000100000000)
  eden space 10752K, 0% used [0x00000000eab00000,0x00000000eab00000,0x00000000eb580000)
  from space 4096K, 95% used [0x00000000eba00000,0x00000000ebdcd810,0x00000000ebe00000)
  to   space 4096K, 0% used [0x00000000eb600000,0x00000000eb600000,0x00000000eba00000)
 ParOldGen       total 370176K, used 362384K [0x00000000c0000000, 0x00000000d6980000, 0x00000000eab00000)
  object space 370176K, 97% used [0x00000000c0000000,0x00000000d61e43f0,0x00000000d6980000)
 Metaspace       used 61847K, committed 63296K, reserved 1114112K
  class space    used 6345K, committed 6976K, reserved 1048576K
}
Event: 41.350 GC heap before
{Heap before GC invocations=678 (full 5):
 PSYoungGen      total 14848K, used 14646K [0x00000000eab00000, 0x00000000ebe00000, 0x0000000100000000)
  eden space 10752K, 100% used [0x00000000eab00000,0x00000000eb580000,0x00000000eb580000)
  from space 4096K, 95% used [0x00000000eba00000,0x00000000ebdcd810,0x00000000ebe00000)
  to   space 4096K, 0% used [0x00000000eb600000,0x00000000eb600000,0x00000000eba00000)
 ParOldGen       total 370176K, used 362384K [0x00000000c0000000, 0x00000000d6980000, 0x00000000eab00000)
  object space 370176K, 97% used [0x00000000c0000000,0x00000000d61e43f0,0x00000000d6980000)
 Metaspace       used 61847K, committed 63296K, reserved 1114112K
  class space    used 6345K, committed 6976K, reserved 1048576K
}
Event: 41.356 GC heap after
{Heap after GC invocations=678 (full 5):
 PSYoungGen      total 15360K, used 4087K [0x00000000eab00000, 0x00000000ec000000, 0x0000000100000000)
  eden space 11264K, 0% used [0x00000000eab00000,0x00000000eab00000,0x00000000eb600000)
  from space 4096K, 99% used [0x00000000eb600000,0x00000000eb9fdc30,0x00000000eba00000)
  to   space 5120K, 0% used [0x00000000ebb00000,0x00000000ebb00000,0x00000000ec000000)
 ParOldGen       total 370176K, used 362872K [0x00000000c0000000, 0x00000000d6980000, 0x00000000eab00000)
  object space 370176K, 98% used [0x00000000c0000000,0x00000000d625e3f0,0x00000000d6980000)
 Metaspace       used 61847K, committed 63296K, reserved 1114112K
  class space    used 6345K, committed 6976K, reserved 1048576K
}
Event: 41.457 GC heap before
{Heap before GC invocations=679 (full 5):
 PSYoungGen      total 15360K, used 15351K [0x00000000eab00000, 0x00000000ec000000, 0x0000000100000000)
  eden space 11264K, 100% used [0x00000000eab00000,0x00000000eb600000,0x00000000eb600000)
  from space 4096K, 99% used [0x00000000eb600000,0x00000000eb9fdc30,0x00000000eba00000)
  to   space 5120K, 0% used [0x00000000ebb00000,0x00000000ebb00000,0x00000000ec000000)
 ParOldGen       total 370176K, used 362872K [0x00000000c0000000, 0x00000000d6980000, 0x00000000eab00000)
  object space 370176K, 98% used [0x00000000c0000000,0x00000000d625e3f0,0x00000000d6980000)
 Metaspace       used 61847K, committed 63296K, reserved 1114112K
  class space    used 6345K, committed 6976K, reserved 1048576K
}
Event: 41.466 GC heap after
{Heap after GC invocations=679 (full 5):
 PSYoungGen      total 16384K, used 4722K [0x00000000eab00000, 0x00000000ec080000, 0x0000000100000000)
  eden space 11264K, 0% used [0x00000000eab00000,0x00000000eab00000,0x00000000eb600000)
  from space 5120K, 92% used [0x00000000ebb00000,0x00000000ebf9c9c0,0x00000000ec000000)
  to   space 5120K, 0% used [0x00000000eb600000,0x00000000eb600000,0x00000000ebb00000)
 ParOldGen       total 370176K, used 363008K [0x00000000c0000000, 0x00000000d6980000, 0x00000000eab00000)
  object space 370176K, 98% used [0x00000000c0000000,0x00000000d62803f0,0x00000000d6980000)
 Metaspace       used 61847K, committed 63296K, reserved 1114112K
  class space    used 6345K, committed 6976K, reserved 1048576K
}
Event: 41.514 GC heap before
{Heap before GC invocations=680 (full 5):
 PSYoungGen      total 16384K, used 15986K [0x00000000eab00000, 0x00000000ec080000, 0x0000000100000000)
  eden space 11264K, 100% used [0x00000000eab00000,0x00000000eb600000,0x00000000eb600000)
  from space 5120K, 92% used [0x00000000ebb00000,0x00000000ebf9c9c0,0x00000000ec000000)
  to   space 5120K, 0% used [0x00000000eb600000,0x00000000eb600000,0x00000000ebb00000)
 ParOldGen       total 370176K, used 363008K [0x00000000c0000000, 0x00000000d6980000, 0x00000000eab00000)
  object space 370176K, 98% used [0x00000000c0000000,0x00000000d62803f0,0x00000000d6980000)
 Metaspace       used 61847K, committed 63296K, reserved 1114112K
  class space    used 6345K, committed 6976K, reserved 1048576K
}
Event: 41.520 GC heap after
{Heap after GC invocations=680 (full 5):
 PSYoungGen      total 16384K, used 5088K [0x00000000eab00000, 0x00000000ec200000, 0x0000000100000000)
  eden space 11264K, 0% used [0x00000000eab00000,0x00000000eab00000,0x00000000eb600000)
  from space 5120K, 99% used [0x00000000eb600000,0x00000000ebaf82b8,0x00000000ebb00000)
  to   space 5632K, 0% used [0x00000000ebc80000,0x00000000ebc80000,0x00000000ec200000)
 ParOldGen       total 370176K, used 363200K [0x00000000c0000000, 0x00000000d6980000, 0x00000000eab00000)
  object space 370176K, 98% used [0x00000000c0000000,0x00000000d62b03f0,0x00000000d6980000)
 Metaspace       used 61847K, committed 63296K, reserved 1114112K
  class space    used 6345K, committed 6976K, reserved 1048576K
}
Event: 41.588 GC heap before
{Heap before GC invocations=681 (full 5):
 PSYoungGen      total 16384K, used 16352K [0x00000000eab00000, 0x00000000ec200000, 0x0000000100000000)
  eden space 11264K, 100% used [0x00000000eab00000,0x00000000eb600000,0x00000000eb600000)
  from space 5120K, 99% used [0x00000000eb600000,0x00000000ebaf82b8,0x00000000ebb00000)
  to   space 5632K, 0% used [0x00000000ebc80000,0x00000000ebc80000,0x00000000ec200000)
 ParOldGen       total 370176K, used 363200K [0x00000000c0000000, 0x00000000d6980000, 0x00000000eab00000)
  object space 370176K, 98% used [0x00000000c0000000,0x00000000d62b03f0,0x00000000d6980000)
 Metaspace       used 61852K, committed 63296K, reserved 1114112K
  class space    used 6345K, committed 6976K, reserved 1048576K
}
Event: 41.597 GC heap after
{Heap after GC invocations=681 (full 5):
 PSYoungGen      total 17408K, used 5621K [0x00000000eab00000, 0x00000000ec300000, 0x0000000100000000)
  eden space 11776K, 0% used [0x00000000eab00000,0x00000000eab00000,0x00000000eb680000)
  from space 5632K, 99% used [0x00000000ebc80000,0x00000000ec1fd6f0,0x00000000ec200000)
  to   space 6144K, 0% used [0x00000000eb680000,0x00000000eb680000,0x00000000ebc80000)
 ParOldGen       total 370176K, used 363384K [0x00000000c0000000, 0x00000000d6980000, 0x00000000eab00000)
  object space 370176K, 98% used [0x00000000c0000000,0x00000000d62de3f0,0x00000000d6980000)
 Metaspace       used 61852K, committed 63296K, reserved 1114112K
  class space    used 6345K, committed 6976K, reserved 1048576K
}
Event: 41.650 GC heap before
{Heap before GC invocations=682 (full 5):
 PSYoungGen      total 17408K, used 17397K [0x00000000eab00000, 0x00000000ec300000, 0x0000000100000000)
  eden space 11776K, 100% used [0x00000000eab00000,0x00000000eb680000,0x00000000eb680000)
  from space 5632K, 99% used [0x00000000ebc80000,0x00000000ec1fd6f0,0x00000000ec200000)
  to   space 6144K, 0% used [0x00000000eb680000,0x00000000eb680000,0x00000000ebc80000)
 ParOldGen       total 370176K, used 363384K [0x00000000c0000000, 0x00000000d6980000, 0x00000000eab00000)
  object space 370176K, 98% used [0x00000000c0000000,0x00000000d62de3f0,0x00000000d6980000)
 Metaspace       used 61852K, committed 63296K, reserved 1114112K
  class space    used 6345K, committed 6976K, reserved 1048576K
}
Event: 41.657 GC heap after
{Heap after GC invocations=682 (full 5):
 PSYoungGen      total 17920K, used 5757K [0x00000000eab00000, 0x00000000ec380000, 0x0000000100000000)
  eden space 11776K, 0% used [0x00000000eab00000,0x00000000eab00000,0x00000000eb680000)
  from space 6144K, 93% used [0x00000000eb680000,0x00000000ebc1f468,0x00000000ebc80000)
  to   space 6144K, 0% used [0x00000000ebd80000,0x00000000ebd80000,0x00000000ec380000)
 ParOldGen       total 370176K, used 363805K [0x00000000c0000000, 0x00000000d6980000, 0x00000000eab00000)
  object space 370176K, 98% used [0x00000000c0000000,0x00000000d6347408,0x00000000d6980000)
 Metaspace       used 61852K, committed 63296K, reserved 1114112K
  class space    used 6345K, committed 6976K, reserved 1048576K
}
Event: 41.705 GC heap before
{Heap before GC invocations=683 (full 5):
 PSYoungGen      total 17920K, used 17533K [0x00000000eab00000, 0x00000000ec380000, 0x0000000100000000)
  eden space 11776K, 100% used [0x00000000eab00000,0x00000000eb680000,0x00000000eb680000)
  from space 6144K, 93% used [0x00000000eb680000,0x00000000ebc1f468,0x00000000ebc80000)
  to   space 6144K, 0% used [0x00000000ebd80000,0x00000000ebd80000,0x00000000ec380000)
 ParOldGen       total 370176K, used 363805K [0x00000000c0000000, 0x00000000d6980000, 0x00000000eab00000)
  object space 370176K, 98% used [0x00000000c0000000,0x00000000d6347408,0x00000000d6980000)
 Metaspace       used 61852K, committed 63296K, reserved 1114112K
  class space    used 6345K, committed 6976K, reserved 1048576K
}
Event: 41.714 GC heap after
{Heap after GC invocations=683 (full 5):
 PSYoungGen      total 18432K, used 6121K [0x00000000eab00000, 0x00000000ec480000, 0x0000000100000000)
  eden space 12288K, 0% used [0x00000000eab00000,0x00000000eab00000,0x00000000eb700000)
  from space 6144K, 99% used [0x00000000ebd80000,0x00000000ec37a670,0x00000000ec380000)
  to   space 6656K, 0% used [0x00000000eb700000,0x00000000eb700000,0x00000000ebd80000)
 ParOldGen       total 370176K, used 363805K [0x00000000c0000000, 0x00000000d6980000, 0x00000000eab00000)
  object space 370176K, 98% used [0x00000000c0000000,0x00000000d6347408,0x00000000d6980000)
 Metaspace       used 61852K, committed 63296K, reserved 1114112K
  class space    used 6345K, committed 6976K, reserved 1048576K
}
Event: 41.763 GC heap before
{Heap before GC invocations=684 (full 5):
 PSYoungGen      total 18432K, used 18409K [0x00000000eab00000, 0x00000000ec480000, 0x0000000100000000)
  eden space 12288K, 100% used [0x00000000eab00000,0x00000000eb700000,0x00000000eb700000)
  from space 6144K, 99% used [0x00000000ebd80000,0x00000000ec37a670,0x00000000ec380000)
  to   space 6656K, 0% used [0x00000000eb700000,0x00000000eb700000,0x00000000ebd80000)
 ParOldGen       total 370176K, used 363805K [0x00000000c0000000, 0x00000000d6980000, 0x00000000eab00000)
  object space 370176K, 98% used [0x00000000c0000000,0x00000000d6347408,0x00000000d6980000)
 Metaspace       used 61852K, committed 63296K, reserved 1114112K
  class space    used 6345K, committed 6976K, reserved 1048576K
}
Event: 41.771 GC heap after
{Heap after GC invocations=684 (full 5):
 PSYoungGen      total 18944K, used 6565K [0x00000000eab00000, 0x00000000ec600000, 0x0000000100000000)
  eden space 12288K, 0% used [0x00000000eab00000,0x00000000eab00000,0x00000000eb700000)
  from space 6656K, 98% used [0x00000000eb700000,0x00000000ebd69760,0x00000000ebd80000)
  to   space 7168K, 0% used [0x00000000ebf00000,0x00000000ebf00000,0x00000000ec600000)
 ParOldGen       total 370176K, used 363805K [0x00000000c0000000, 0x00000000d6980000, 0x00000000eab00000)
  object space 370176K, 98% used [0x00000000c0000000,0x00000000d6347408,0x00000000d6980000)
 Metaspace       used 61852K, committed 63296K, reserved 1114112K
  class space    used 6345K, committed 6976K, reserved 1048576K
}
Event: 41.932 GC heap before
{Heap before GC invocations=685 (full 5):
 PSYoungGen      total 18944K, used 18853K [0x00000000eab00000, 0x00000000ec600000, 0x0000000100000000)
  eden space 12288K, 100% used [0x00000000eab00000,0x00000000eb700000,0x00000000eb700000)
  from space 6656K, 98% used [0x00000000eb700000,0x00000000ebd69760,0x00000000ebd80000)
  to   space 7168K, 0% used [0x00000000ebf00000,0x00000000ebf00000,0x00000000ec600000)
 ParOldGen       total 370176K, used 363805K [0x00000000c0000000, 0x00000000d6980000, 0x00000000eab00000)
  object space 370176K, 98% used [0x00000000c0000000,0x00000000d6347408,0x00000000d6980000)
 Metaspace       used 61856K, committed 63296K, reserved 1114112K
  class space    used 6345K, committed 6976K, reserved 1048576K
}
Event: 41.939 GC heap after
{Heap after GC invocations=685 (full 5):
 PSYoungGen      total 19456K, used 7146K [0x00000000eab00000, 0x00000000ec600000, 0x0000000100000000)
  eden space 12288K, 0% used [0x00000000eab00000,0x00000000eab00000,0x00000000eb700000)
  from space 7168K, 99% used [0x00000000ebf00000,0x00000000ec5fa948,0x00000000ec600000)
  to   space 6656K, 0% used [0x00000000eb700000,0x00000000eb700000,0x00000000ebd80000)
 ParOldGen       total 370176K, used 364757K [0x00000000c0000000, 0x00000000d6980000, 0x00000000eab00000)
  object space 370176K, 98% used [0x00000000c0000000,0x00000000d6435408,0x00000000d6980000)
 Metaspace       used 61856K, committed 63296K, reserved 1114112K
  class space    used 6345K, committed 6976K, reserved 1048576K
}

Dll operation events (10 events):
Event: 0.032 Loaded shared library c:\Users\user\.vscode\extensions\redhat.java-1.41.1-win32-x64\jre\21.0.6-win32-x86_64\bin\java.dll
Event: 0.089 Loaded shared library c:\Users\user\.vscode\extensions\redhat.java-1.41.1-win32-x64\jre\21.0.6-win32-x86_64\bin\zip.dll
Event: 0.198 Loaded shared library C:\Users\user\.vscode\extensions\redhat.java-1.41.1-win32-x64\jre\21.0.6-win32-x86_64\bin\instrument.dll
Event: 0.205 Loaded shared library C:\Users\user\.vscode\extensions\redhat.java-1.41.1-win32-x64\jre\21.0.6-win32-x86_64\bin\net.dll
Event: 0.212 Loaded shared library C:\Users\user\.vscode\extensions\redhat.java-1.41.1-win32-x64\jre\21.0.6-win32-x86_64\bin\nio.dll
Event: 0.217 Loaded shared library C:\Users\user\.vscode\extensions\redhat.java-1.41.1-win32-x64\jre\21.0.6-win32-x86_64\bin\zip.dll
Event: 0.251 Loaded shared library C:\Users\user\.vscode\extensions\redhat.java-1.41.1-win32-x64\jre\21.0.6-win32-x86_64\bin\jimage.dll
Event: 0.403 Loaded shared library c:\Users\user\.vscode\extensions\redhat.java-1.41.1-win32-x64\jre\21.0.6-win32-x86_64\bin\verify.dll
Event: 2.421 Loaded shared library C:\Users\user\AppData\Roaming\Code\User\globalStorage\redhat.java\1.41.1\config_win\org.eclipse.equinox.launcher\org.eclipse.equinox.launcher.win32.win32.x86_64_1.2.1300.v20250331-1702\eclipse_11911.dll
Event: 5.414 Loaded shared library C:\Users\user\AppData\Local\Temp\jna-3599307\jna7897594702503170349.dll

Deoptimization events (20 events):
Event: 41.630 Thread 0x00000285965f6900 DEOPT PACKING pc=0x000002853e14e23a sp=0x0000009579ffeaa0
Event: 41.630 Thread 0x00000285965f6900 DEOPT UNPACKING pc=0x0000028544c54242 sp=0x0000009579ffdf08 mode 0
Event: 41.660 Thread 0x00000285965f6900 DEOPT PACKING pc=0x000002853e119bef sp=0x0000009579ffeb30
Event: 41.660 Thread 0x00000285965f6900 DEOPT UNPACKING pc=0x0000028544c54242 sp=0x0000009579ffdfb8 mode 0
Event: 41.667 Thread 0x00000285965f6900 DEOPT PACKING pc=0x000002853e14e23a sp=0x0000009579ffea80
Event: 41.667 Thread 0x00000285965f6900 DEOPT UNPACKING pc=0x0000028544c54242 sp=0x0000009579ffdee8 mode 0
Event: 41.683 Thread 0x00000285965f6900 DEOPT PACKING pc=0x000002853e119bef sp=0x0000009579ffe9e0
Event: 41.683 Thread 0x00000285965f6900 DEOPT UNPACKING pc=0x0000028544c54242 sp=0x0000009579ffde68 mode 0
Event: 41.700 Thread 0x00000285965f6900 DEOPT PACKING pc=0x000002853e14e23a sp=0x0000009579ffeaa0
Event: 41.700 Thread 0x00000285965f6900 DEOPT UNPACKING pc=0x0000028544c54242 sp=0x0000009579ffdf08 mode 0
Event: 41.720 Thread 0x00000285965f6900 DEOPT PACKING pc=0x000002853e119bef sp=0x0000009579ffe9e0
Event: 41.720 Thread 0x00000285965f6900 DEOPT UNPACKING pc=0x0000028544c54242 sp=0x0000009579ffde68 mode 0
Event: 41.739 Thread 0x00000285965f6900 DEOPT PACKING pc=0x000002853e14e23a sp=0x0000009579ffeaa0
Event: 41.739 Thread 0x00000285965f6900 DEOPT UNPACKING pc=0x0000028544c54242 sp=0x0000009579ffdf08 mode 0
Event: 41.759 Thread 0x00000285965f6900 DEOPT PACKING pc=0x000002853e119bef sp=0x0000009579ffea20
Event: 41.760 Thread 0x00000285965f6900 DEOPT UNPACKING pc=0x0000028544c54242 sp=0x0000009579ffdea8 mode 0
Event: 41.830 Thread 0x00000285965f6900 DEOPT PACKING pc=0x000002853e14e23a sp=0x0000009579ffeaa0
Event: 41.830 Thread 0x00000285965f6900 DEOPT UNPACKING pc=0x0000028544c54242 sp=0x0000009579ffdf08 mode 0
Event: 41.834 Thread 0x00000285965f6900 DEOPT PACKING pc=0x000002853e119bef sp=0x0000009579ffe8e0
Event: 41.834 Thread 0x00000285965f6900 DEOPT UNPACKING pc=0x0000028544c54242 sp=0x0000009579ffdd68 mode 0

Classes loaded (20 events):
Event: 32.087 Loading class sun/util/resources/cldr/TimeZoneNames_en
Event: 32.118 Loading class sun/util/resources/cldr/TimeZoneNames_en done
Event: 32.119 Loading class sun/util/resources/cldr/TimeZoneNames_en_US
Event: 32.120 Loading class sun/util/resources/cldr/TimeZoneNames_en_US done
Event: 32.139 Loading class sun/util/cldr/CLDRBaseLocaleDataMetaInfo$TZCanonicalIDMapHolder
Event: 32.151 Loading class sun/util/cldr/CLDRBaseLocaleDataMetaInfo$TZCanonicalIDMapHolder done
Event: 32.156 Loading class sun/util/resources/TimeZoneNames
Event: 32.162 Loading class sun/util/resources/TimeZoneNames done
Event: 32.162 Loading class sun/util/resources/TimeZoneNames_en
Event: 32.163 Loading class sun/util/resources/TimeZoneNames_en done
Event: 38.073 Loading class java/util/Collections$SynchronizedRandomAccessList
Event: 38.077 Loading class java/util/Collections$SynchronizedList
Event: 38.079 Loading class java/util/Collections$SynchronizedList done
Event: 38.079 Loading class java/util/Collections$SynchronizedRandomAccessList done
Event: 38.123 Loading class java/util/concurrent/CompletableFuture$Signaller
Event: 38.126 Loading class java/util/concurrent/CompletableFuture$Signaller done
Event: 38.245 Loading class java/util/Hashtable$KeySet
Event: 38.245 Loading class java/util/Hashtable$KeySet done
Event: 39.118 Loading class java/lang/invoke/MethodHandleImpl$CountingWrapper$1
Event: 39.119 Loading class java/lang/invoke/MethodHandleImpl$CountingWrapper$1 done

Classes unloaded (8 events):
Event: 6.167 Thread 0x000002854e85e7d0 Unloading class 0x0000028550198800 'java/lang/invoke/LambdaForm$MH+0x0000028550198800'
Event: 6.167 Thread 0x000002854e85e7d0 Unloading class 0x0000028550198400 'java/lang/invoke/LambdaForm$MH+0x0000028550198400'
Event: 6.167 Thread 0x000002854e85e7d0 Unloading class 0x0000028550198000 'java/lang/invoke/LambdaForm$MH+0x0000028550198000'
Event: 6.167 Thread 0x000002854e85e7d0 Unloading class 0x0000028550197c00 'java/lang/invoke/LambdaForm$MH+0x0000028550197c00'
Event: 6.167 Thread 0x000002854e85e7d0 Unloading class 0x0000028550197800 'java/lang/invoke/LambdaForm$BMH+0x0000028550197800'
Event: 6.167 Thread 0x000002854e85e7d0 Unloading class 0x0000028550197400 'java/lang/invoke/LambdaForm$DMH+0x0000028550197400'
Event: 6.167 Thread 0x000002854e85e7d0 Unloading class 0x0000028550196400 'java/lang/invoke/LambdaForm$DMH+0x0000028550196400'
Event: 24.191 Thread 0x000002854e85e7d0 Unloading class 0x0000028550664000 'java/lang/invoke/LambdaForm$DMH+0x0000028550664000'

Classes redefined (0 events):
No events

Internal exceptions (20 events):
Event: 38.296 Thread 0x00000285965f6f90 Exception <a 'sun/nio/fs/WindowsException'{0x00000000eaca5f48}> (0x00000000eaca5f48) 
thrown [s\src\hotspot\share\prims\jni.cpp, line 520]
Event: 38.296 Thread 0x00000285965f6f90 Exception <a 'sun/nio/fs/WindowsException'{0x00000000eaca6578}> (0x00000000eaca6578) 
thrown [s\src\hotspot\share\prims\jni.cpp, line 520]
Event: 38.304 Thread 0x00000285965f6f90 Exception <a 'java/io/FileNotFoundException'{0x00000000eace8980}> (0x00000000eace8980) 
thrown [s\src\hotspot\share\prims\jni.cpp, line 520]
Event: 38.305 Thread 0x00000285965f6f90 Exception <a 'java/io/FileNotFoundException'{0x00000000eace9960}> (0x00000000eace9960) 
thrown [s\src\hotspot\share\prims\jni.cpp, line 520]
Event: 38.333 Thread 0x00000285965f6f90 Exception <a 'sun/nio/fs/WindowsException'{0x00000000eadfb840}> (0x00000000eadfb840) 
thrown [s\src\hotspot\share\prims\jni.cpp, line 520]
Event: 38.334 Thread 0x00000285965f6f90 Exception <a 'sun/nio/fs/WindowsException'{0x00000000eadfbe70}> (0x00000000eadfbe70) 
thrown [s\src\hotspot\share\prims\jni.cpp, line 520]
Event: 38.335 Thread 0x00000285965f6900 Exception <a 'sun/nio/fs/WindowsException'{0x00000000eae00f48}> (0x00000000eae00f48) 
thrown [s\src\hotspot\share\prims\jni.cpp, line 520]
Event: 38.535 Thread 0x00000285965f6f90 Exception <a 'sun/nio/fs/WindowsException'{0x00000000eab030e8}> (0x00000000eab030e8) 
thrown [s\src\hotspot\share\prims\jni.cpp, line 520]
Event: 38.535 Thread 0x00000285965f6f90 Exception <a 'sun/nio/fs/WindowsException'{0x00000000eab039c8}> (0x00000000eab039c8) 
thrown [s\src\hotspot\share\prims\jni.cpp, line 520]
Event: 38.687 Thread 0x0000028596df44a0 Exception <a 'java/lang/IncompatibleClassChangeError'{0x00000000eadcc618}: Found class java.lang.Object, but interface was expected> (0x00000000eadcc618) 
thrown [s\src\hotspot\share\interpreter\linkResolver.cpp, line 840]
Event: 38.915 Thread 0x00000285965f6900 Exception <a 'sun/nio/fs/WindowsException'{0x00000000eafba6b8}> (0x00000000eafba6b8) 
thrown [s\src\hotspot\share\prims\jni.cpp, line 520]
Event: 38.942 Thread 0x00000285965f6900 Exception <a 'sun/nio/fs/WindowsException'{0x00000000eb103e90}> (0x00000000eb103e90) 
thrown [s\src\hotspot\share\prims\jni.cpp, line 520]
Event: 39.167 Thread 0x00000285965f6900 Exception <a 'sun/nio/fs/WindowsException'{0x00000000eae6c278}> (0x00000000eae6c278) 
thrown [s\src\hotspot\share\prims\jni.cpp, line 520]
Event: 39.187 Thread 0x00000285965f6900 Exception <a 'sun/nio/fs/WindowsException'{0x00000000eaea6618}> (0x00000000eaea6618) 
thrown [s\src\hotspot\share\prims\jni.cpp, line 520]
Event: 39.216 Thread 0x00000285965f6900 Exception <a 'sun/nio/fs/WindowsException'{0x00000000eaf48620}> (0x00000000eaf48620) 
thrown [s\src\hotspot\share\prims\jni.cpp, line 520]
Event: 39.460 Thread 0x00000285965f6900 Exception <a 'sun/nio/fs/WindowsException'{0x00000000eb1760a0}> (0x00000000eb1760a0) 
thrown [s\src\hotspot\share\prims\jni.cpp, line 520]
Event: 40.097 Thread 0x00000285965f6900 Exception <a 'sun/nio/fs/WindowsException'{0x00000000eadef4b0}> (0x00000000eadef4b0) 
thrown [s\src\hotspot\share\prims\jni.cpp, line 520]
Event: 40.205 Thread 0x00000285965f6f90 Implicit null exception at 0x00000285453895a4 to 0x00000285453898d0
Event: 40.682 Thread 0x00000285965f6900 Exception <a 'sun/nio/fs/WindowsException'{0x00000000eb0611d8}> (0x00000000eb0611d8) 
thrown [s\src\hotspot\share\prims\jni.cpp, line 520]
Event: 41.213 Thread 0x00000285965f6f90 Implicit null exception at 0x00000285453e3509 to 0x00000285453e3615

ZGC Phase Switch (0 events):
No events

VM Operations (20 events):
Event: 41.054 Executing VM operation: ParallelGCFailedAllocation (Allocation Failure)
Event: 41.064 Executing VM operation: ParallelGCFailedAllocation (Allocation Failure) done
Event: 41.160 Executing VM operation: ParallelGCFailedAllocation (Allocation Failure)
Event: 41.167 Executing VM operation: ParallelGCFailedAllocation (Allocation Failure) done
Event: 41.350 Executing VM operation: ParallelGCFailedAllocation (Allocation Failure)
Event: 41.356 Executing VM operation: ParallelGCFailedAllocation (Allocation Failure) done
Event: 41.457 Executing VM operation: ParallelGCFailedAllocation (Allocation Failure)
Event: 41.466 Executing VM operation: ParallelGCFailedAllocation (Allocation Failure) done
Event: 41.514 Executing VM operation: ParallelGCFailedAllocation (Allocation Failure)
Event: 41.520 Executing VM operation: ParallelGCFailedAllocation (Allocation Failure) done
Event: 41.588 Executing VM operation: ParallelGCFailedAllocation (Allocation Failure)
Event: 41.597 Executing VM operation: ParallelGCFailedAllocation (Allocation Failure) done
Event: 41.650 Executing VM operation: ParallelGCFailedAllocation (Allocation Failure)
Event: 41.657 Executing VM operation: ParallelGCFailedAllocation (Allocation Failure) done
Event: 41.705 Executing VM operation: ParallelGCFailedAllocation (Allocation Failure)
Event: 41.715 Executing VM operation: ParallelGCFailedAllocation (Allocation Failure) done
Event: 41.763 Executing VM operation: ParallelGCFailedAllocation (Allocation Failure)
Event: 41.771 Executing VM operation: ParallelGCFailedAllocation (Allocation Failure) done
Event: 41.931 Executing VM operation: ParallelGCFailedAllocation (Allocation Failure)
Event: 41.939 Executing VM operation: ParallelGCFailedAllocation (Allocation Failure) done

Memory protections (0 events):
No events

Nmethod flushes (20 events):
Event: 32.303 Thread 0x000002854e85e7d0 flushing  nmethod 0x000002853ea1cd90
Event: 32.303 Thread 0x000002854e85e7d0 flushing  nmethod 0x000002853ea40d10
Event: 32.303 Thread 0x000002854e85e7d0 flushing  nmethod 0x000002853eb0a910
Event: 32.303 Thread 0x000002854e85e7d0 flushing  nmethod 0x000002853eb46990
Event: 32.303 Thread 0x000002854e85e7d0 flushing  nmethod 0x000002853eb55690
Event: 32.303 Thread 0x000002854e85e7d0 flushing  nmethod 0x000002853eb59d90
Event: 32.303 Thread 0x000002854e85e7d0 flushing  nmethod 0x000002853eb5ab90
Event: 32.303 Thread 0x000002854e85e7d0 flushing  nmethod 0x000002853eb5c590
Event: 32.303 Thread 0x000002854e85e7d0 flushing  nmethod 0x000002853eb61490
Event: 32.303 Thread 0x000002854e85e7d0 flushing  nmethod 0x000002853eb61990
Event: 32.303 Thread 0x000002854e85e7d0 flushing  nmethod 0x000002853eb61d90
Event: 32.303 Thread 0x000002854e85e7d0 flushing  nmethod 0x000002853eb62d10
Event: 32.303 Thread 0x000002854e85e7d0 flushing  nmethod 0x000002853eb63590
Event: 32.303 Thread 0x000002854e85e7d0 flushing  nmethod 0x000002853eb64090
Event: 32.303 Thread 0x000002854e85e7d0 flushing  nmethod 0x000002853eb64b90
Event: 32.303 Thread 0x000002854e85e7d0 flushing  nmethod 0x000002853eb65f10
Event: 32.303 Thread 0x000002854e85e7d0 flushing osr nmethod 0x000002853eb6ae90
Event: 32.303 Thread 0x000002854e85e7d0 flushing  nmethod 0x000002853eb74290
Event: 32.303 Thread 0x000002854e85e7d0 flushing  nmethod 0x000002853eb7da10
Event: 32.303 Thread 0x000002854e85e7d0 flushing  nmethod 0x000002853eb91510

Events (20 events):
Event: 20.885 Thread 0x00000285965f5be0 Thread added: 0x00000285982fad50
Event: 20.885 Thread 0x00000285965f5be0 Thread added: 0x00000285982fc100
Event: 20.902 Thread 0x00000285965f5be0 Thread added: 0x00000285982fe860
Event: 20.919 Thread 0x00000285965f5be0 Thread added: 0x00000285982f85f0
Event: 22.657 Thread 0x00000285982fad50 Thread exited: 0x00000285982fad50
Event: 22.665 Thread 0x00000285982fc100 Thread exited: 0x00000285982fc100
Event: 22.665 Thread 0x00000285982f85f0 Thread exited: 0x00000285982f85f0
Event: 22.665 Thread 0x00000285982fe860 Thread exited: 0x00000285982fe860
Event: 22.668 Thread 0x00000285982fb3e0 Thread exited: 0x00000285982fb3e0
Event: 24.997 Thread 0x00000285965f5be0 Thread added: 0x00000285982f85f0
Event: 24.998 Thread 0x00000285965f5be0 Thread added: 0x00000285982fc100
Event: 24.998 Thread 0x00000285965f5be0 Thread added: 0x00000285982fe1d0
Event: 24.999 Thread 0x00000285965f5be0 Thread added: 0x00000285982f9310
Event: 24.999 Thread 0x00000285965f5be0 Thread added: 0x00000285982f99a0
Event: 25.116 Thread 0x00000285982f85f0 Thread exited: 0x00000285982f85f0
Event: 25.116 Thread 0x00000285982fc100 Thread exited: 0x00000285982fc100
Event: 25.116 Thread 0x00000285982f99a0 Thread exited: 0x00000285982f99a0
Event: 25.117 Thread 0x00000285982fe1d0 Thread exited: 0x00000285982fe1d0
Event: 25.117 Thread 0x00000285982f9310 Thread exited: 0x00000285982f9310
Event: 38.368 Thread 0x00000285965f6f90 Thread added: 0x00000285982f85f0


Dynamic libraries:
0x00007ff7c0c30000 - 0x00007ff7c0c3e000 	c:\Users\user\.vscode\extensions\redhat.java-1.41.1-win32-x64\jre\21.0.6-win32-x86_64\bin\java.exe
0x00007ffa15880000 - 0x00007ffa15a89000 	C:\WINDOWS\SYSTEM32\ntdll.dll
0x00007ffa14e90000 - 0x00007ffa14f4d000 	C:\WINDOWS\System32\KERNEL32.DLL
0x00007ffa130a0000 - 0x00007ffa13424000 	C:\WINDOWS\System32\KERNELBASE.dll
0x00007ffa12dc0000 - 0x00007ffa12ed1000 	C:\WINDOWS\System32\ucrtbase.dll
0x00007ffa03c40000 - 0x00007ffa03c5e000 	c:\Users\user\.vscode\extensions\redhat.java-1.41.1-win32-x64\jre\21.0.6-win32-x86_64\bin\VCRUNTIME140.dll
0x00007ffa03c60000 - 0x00007ffa03c78000 	c:\Users\user\.vscode\extensions\redhat.java-1.41.1-win32-x64\jre\21.0.6-win32-x86_64\bin\jli.dll
0x00007ffa13c20000 - 0x00007ffa13dcd000 	C:\WINDOWS\System32\USER32.dll
0x00007ffa12d10000 - 0x00007ffa12d36000 	C:\WINDOWS\System32\win32u.dll
0x00007ffa13b00000 - 0x00007ffa13b2a000 	C:\WINDOWS\System32\GDI32.dll
0x00007ffa12ee0000 - 0x00007ffa12ffe000 	C:\WINDOWS\System32\gdi32full.dll
0x00007ffa13000000 - 0x00007ffa1309d000 	C:\WINDOWS\System32\msvcp_win.dll
0x00007ff9ff3c0000 - 0x00007ff9ff665000 	C:\WINDOWS\WinSxS\amd64_microsoft.windows.common-controls_6595b64144ccf1df_6.0.22000.120_none_9d947278b86cc467\COMCTL32.dll
0x00007ffa13a10000 - 0x00007ffa13ab3000 	C:\WINDOWS\System32\msvcrt.dll
0x00007ffa13940000 - 0x00007ffa13971000 	C:\WINDOWS\System32\IMM32.DLL
0x00007ffa0fb90000 - 0x00007ffa0fb9c000 	c:\Users\user\.vscode\extensions\redhat.java-1.41.1-win32-x64\jre\21.0.6-win32-x86_64\bin\vcruntime140_1.dll
0x00007ff9e68a0000 - 0x00007ff9e692d000 	c:\Users\user\.vscode\extensions\redhat.java-1.41.1-win32-x64\jre\21.0.6-win32-x86_64\bin\msvcp140.dll
0x00007ff998660000 - 0x00007ff9993f0000 	c:\Users\user\.vscode\extensions\redhat.java-1.41.1-win32-x64\jre\21.0.6-win32-x86_64\bin\server\jvm.dll
0x00007ffa14730000 - 0x00007ffa147de000 	C:\WINDOWS\System32\ADVAPI32.dll
0x00007ffa137c0000 - 0x00007ffa1385e000 	C:\WINDOWS\System32\sechost.dll
0x00007ffa13dd0000 - 0x00007ffa13ef1000 	C:\WINDOWS\System32\RPCRT4.dll
0x00007ffa13ba0000 - 0x00007ffa13c0f000 	C:\WINDOWS\System32\WS2_32.dll
0x00007ffa0bad0000 - 0x00007ffa0bb03000 	C:\WINDOWS\SYSTEM32\WINMM.dll
0x00007ffa12be0000 - 0x00007ffa12c2d000 	C:\WINDOWS\SYSTEM32\POWRPROF.dll
0x00007ffa0baa0000 - 0x00007ffa0baaa000 	C:\WINDOWS\SYSTEM32\VERSION.dll
0x00007ffa12b10000 - 0x00007ffa12b23000 	C:\WINDOWS\SYSTEM32\UMPDC.dll
0x00007ffa11d80000 - 0x00007ffa11d98000 	C:\WINDOWS\SYSTEM32\kernel.appcore.dll
0x00007ffa0ec40000 - 0x00007ffa0ec4a000 	c:\Users\user\.vscode\extensions\redhat.java-1.41.1-win32-x64\jre\21.0.6-win32-x86_64\bin\jimage.dll
0x00007ff9ff840000 - 0x00007ff9ffa61000 	C:\WINDOWS\SYSTEM32\DBGHELP.DLL
0x00007ff9ff800000 - 0x00007ff9ff831000 	C:\WINDOWS\SYSTEM32\dbgcore.DLL
0x00007ffa12d40000 - 0x00007ffa12dbf000 	C:\WINDOWS\System32\bcryptPrimitives.dll
0x00007ffa040a0000 - 0x00007ffa040af000 	c:\Users\user\.vscode\extensions\redhat.java-1.41.1-win32-x64\jre\21.0.6-win32-x86_64\bin\instrument.dll
0x00007ff9ff320000 - 0x00007ff9ff33f000 	c:\Users\user\.vscode\extensions\redhat.java-1.41.1-win32-x64\jre\21.0.6-win32-x86_64\bin\java.dll
0x00007ffa13f60000 - 0x00007ffa14725000 	C:\WINDOWS\System32\SHELL32.dll
0x00007ffa10de0000 - 0x00007ffa11642000 	C:\WINDOWS\SYSTEM32\windows.storage.dll
0x00007ffa14b10000 - 0x00007ffa14e86000 	C:\WINDOWS\System32\combase.dll
0x00007ffa10c70000 - 0x00007ffa10dd7000 	C:\WINDOWS\SYSTEM32\wintypes.dll
0x00007ffa15590000 - 0x00007ffa1567a000 	C:\WINDOWS\System32\SHCORE.dll
0x00007ffa13b40000 - 0x00007ffa13b9d000 	C:\WINDOWS\System32\shlwapi.dll
0x00007ffa12c40000 - 0x00007ffa12c65000 	C:\WINDOWS\SYSTEM32\profapi.dll
0x00007ff9f4110000 - 0x00007ff9f4128000 	c:\Users\user\.vscode\extensions\redhat.java-1.41.1-win32-x64\jre\21.0.6-win32-x86_64\bin\zip.dll
0x00007ffa03c30000 - 0x00007ffa03c40000 	C:\Users\user\.vscode\extensions\redhat.java-1.41.1-win32-x64\jre\21.0.6-win32-x86_64\bin\net.dll
0x00007ffa0cb90000 - 0x00007ffa0cca4000 	C:\WINDOWS\SYSTEM32\WINHTTP.dll
0x00007ffa12230000 - 0x00007ffa12297000 	C:\WINDOWS\system32\mswsock.dll
0x00007ff9f3f60000 - 0x00007ff9f3f76000 	C:\Users\user\.vscode\extensions\redhat.java-1.41.1-win32-x64\jre\21.0.6-win32-x86_64\bin\nio.dll
0x00007ffa03a60000 - 0x00007ffa03a70000 	c:\Users\user\.vscode\extensions\redhat.java-1.41.1-win32-x64\jre\21.0.6-win32-x86_64\bin\verify.dll
0x00007ff9ebac0000 - 0x00007ff9ebb05000 	C:\Users\user\AppData\Roaming\Code\User\globalStorage\redhat.java\1.41.1\config_win\org.eclipse.equinox.launcher\org.eclipse.equinox.launcher.win32.win32.x86_64_1.2.1300.v20250331-1702\eclipse_11911.dll
0x00007ffa147e0000 - 0x00007ffa1497a000 	C:\WINDOWS\System32\ole32.dll
0x00007ffa12470000 - 0x00007ffa12488000 	C:\WINDOWS\SYSTEM32\CRYPTSP.dll
0x00007ffa11ce0000 - 0x00007ffa11d15000 	C:\WINDOWS\system32\rsaenh.dll
0x00007ffa12320000 - 0x00007ffa1234c000 	C:\WINDOWS\SYSTEM32\USERENV.dll
0x00007ffa125f0000 - 0x00007ffa12617000 	C:\WINDOWS\SYSTEM32\bcrypt.dll
0x00007ffa12490000 - 0x00007ffa1249c000 	C:\WINDOWS\SYSTEM32\CRYPTBASE.dll
0x00007ffa118a0000 - 0x00007ffa118cd000 	C:\WINDOWS\SYSTEM32\IPHLPAPI.DLL
0x00007ffa13c10000 - 0x00007ffa13c19000 	C:\WINDOWS\System32\NSI.dll
0x00007ff9e6850000 - 0x00007ff9e6899000 	C:\Users\user\AppData\Local\Temp\jna-3599307\jna7897594702503170349.dll
0x00007ffa15580000 - 0x00007ffa15588000 	C:\WINDOWS\System32\PSAPI.DLL
0x00007ffa0c750000 - 0x00007ffa0c769000 	C:\WINDOWS\SYSTEM32\dhcpcsvc6.DLL
0x00007ffa0d9e0000 - 0x00007ffa0d9fe000 	C:\WINDOWS\SYSTEM32\dhcpcsvc.DLL
0x00007ffa11da0000 - 0x00007ffa11dd4000 	C:\WINDOWS\SYSTEM32\ntmarta.dll

dbghelp: loaded successfully - version: 4.0.5 - missing functions: none
symbol engine: initialized successfully - sym options: 0x614 - pdb path: .;c:\Users\user\.vscode\extensions\redhat.java-1.41.1-win32-x64\jre\21.0.6-win32-x86_64\bin;C:\WINDOWS\SYSTEM32;C:\WINDOWS\WinSxS\amd64_microsoft.windows.common-controls_6595b64144ccf1df_6.0.22000.120_none_9d947278b86cc467;c:\Users\user\.vscode\extensions\redhat.java-1.41.1-win32-x64\jre\21.0.6-win32-x86_64\bin\server;C:\Users\user\AppData\Roaming\Code\User\globalStorage\redhat.java\1.41.1\config_win\org.eclipse.equinox.launcher\org.eclipse.equinox.launcher.win32.win32.x86_64_1.2.1300.v20250331-1702;C:\Users\user\AppData\Local\Temp\jna-3599307

VM Arguments:
jvm_args: --add-modules=ALL-SYSTEM --add-opens=java.base/java.util=ALL-UNNAMED --add-opens=java.base/java.lang=ALL-UNNAMED --add-opens=java.base/sun.nio.fs=ALL-UNNAMED -Declipse.application=org.eclipse.jdt.ls.core.id1 -Dosgi.bundles.defaultStartLevel=4 -Declipse.product=org.eclipse.jdt.ls.core.product -Djava.import.generatesMetadataFilesAtProjectRoot=false -DDetectVMInstallationsJob.disabled=true -Dfile.encoding=utf8 -XX:+UseParallelGC -XX:GCTimeRatio=4 -XX:AdaptiveSizePolicyWeight=90 -Dsun.zip.disableMemoryMapping=true -Xmx1G -Xms100m -Xlog:disable -javaagent:c:\Users\user\.vscode\extensions\redhat.java-1.41.1-win32-x64\lombok\lombok-1.18.36.jar -XX:+HeapDumpOnOutOfMemoryError -XX:HeapDumpPath=c:\Users\user\AppData\Roaming\Code\User\workspaceStorage\ffe298c737c89d61c8d6891e51d41bf3\redhat.java -Daether.dependencyCollector.impl=bf 
java_command: c:\Users\user\.vscode\extensions\redhat.java-1.41.1-win32-x64\server\plugins\org.eclipse.equinox.launcher_1.7.0.v20250331-1702.jar -configuration c:\Users\user\AppData\Roaming\Code\User\globalStorage\redhat.java\1.41.1\config_win -data c:\Users\user\AppData\Roaming\Code\User\workspaceStorage\ffe298c737c89d61c8d6891e51d41bf3\redhat.java\jdt_ws --pipe=\\.\pipe\lsp-b7a310bdea4d1726abb044fbff20af8b-sock
java_class_path (initial): c:\Users\user\.vscode\extensions\redhat.java-1.41.1-win32-x64\server\plugins\org.eclipse.equinox.launcher_1.7.0.v20250331-1702.jar
Launcher Type: SUN_STANDARD

[Global flags]
    uintx AdaptiveSizePolicyWeight                 = 90                                        {product} {command line}
     intx CICompilerCount                          = 4                                         {product} {ergonomic}
    uintx GCTimeRatio                              = 4                                         {product} {command line}
     bool HeapDumpOnOutOfMemoryError               = true                                   {manageable} {command line}
    ccstr HeapDumpPath                             = c:\Users\user\AppData\Roaming\Code\User\workspaceStorage\ffe298c737c89d61c8d6891e51d41bf3\redhat.java         {manageable} {command line}
   size_t InitialHeapSize                          = 104857600                                 {product} {command line}
   size_t MaxHeapSize                              = 1073741824                                {product} {command line}
   size_t MaxNewSize                               = 357564416                                 {product} {ergonomic}
   size_t MinHeapDeltaBytes                        = 524288                                    {product} {ergonomic}
   size_t MinHeapSize                              = 104857600                                 {product} {command line}
   size_t NewSize                                  = 34603008                                  {product} {ergonomic}
    uintx NonNMethodCodeHeapSize                   = 5839372                                {pd product} {ergonomic}
    uintx NonProfiledCodeHeapSize                  = 122909434                              {pd product} {ergonomic}
   size_t OldSize                                  = 70254592                                  {product} {ergonomic}
    uintx ProfiledCodeHeapSize                     = 122909434                              {pd product} {ergonomic}
    uintx ReservedCodeCacheSize                    = 251658240                              {pd product} {ergonomic}
     bool SegmentedCodeCache                       = true                                      {product} {ergonomic}
   size_t SoftMaxHeapSize                          = 1073741824                             {manageable} {ergonomic}
     bool UseCompressedOops                        = true                           {product lp64_product} {ergonomic}
     bool UseLargePagesIndividualAllocation        = false                                  {pd product} {ergonomic}
     bool UseParallelGC                            = true                                      {product} {command line}

Logging:
Log output configuration:
 #0: stdout all=off uptime,level,tags foldmultilines=false
 #1: stderr all=off uptime,level,tags foldmultilines=false

Environment Variables:
JAVA_HOME=C:\Program Files\Java\jdk-21
PATH=C:\Users\user\AppData\Local\Microsoft\WindowsApps;C:\Users\user\OneDrive\ \PyCharm Community Edition 2023.1\bin;C:;Users\user\AppData\Local\Programs\Microsoft VS Code\bin;C:\Users\user\.dotnet\tools;C:\Users\user\AppData\Roaming\npm;C:\Program Files\Apache\Maven\apache-maven-3.9.9-bin\apache-maven-3.9.9\bin;C:\Program Files\Java\jdk-21\bin;C:\Program Files\Git\cmd;C:\Users\user\AppData\Local\nvm;C:\nvm4w\nodejs;C:\Users\user\AppData\Roaming\nvm;C:\Users\user\AppData\Roaming\nvm\nodejs;C:\Users\user\AppData\Local\Microsoft\WindowsApps;C:\Users\user\OneDrive\ \PyCharm Community Edition 2023.1\bin;;C:\Users\user\AppData\Local\Programs\Microsoft VS Code\bin;C:\Users\user\.dotnet\tools;C:\Program Files\Apache\Maven\apache-maven-3.9.9-bin\apache-maven-3.9.9\bin;C:\Program Files\Java\jdk-21\bin;C:\Program Files\nodejs\;C:\Users\user\AppData\Local\nvm;C:\nvm4w\nodejs;C:\Program Files (x86)\ESTsoft\ALSee\x64
USERNAME=user
TMPDIR=C:\Users\Public\Documents\ESTsoft\CreatorTemp
OS=Windows_NT
PROCESSOR_IDENTIFIER=Intel64 Family 6 Model 142 Stepping 12, GenuineIntel
TMP=C:\Users\user\AppData\Local\Temp
TEMP=C:\Users\user\AppData\Local\Temp




Periodic native trim disabled

---------------  S Y S T E M  ---------------

OS:
 Windows 11 , 64 bit Build 22000 (10.0.22000.2538)
OS uptime: 10 days 22:44 hours

CPU: total 8 (initial active 8) (4 cores per cpu, 2 threads per core) family 6 model 142 stepping 12 microcode 0xde, cx8, cmov, fxsr, ht, mmx, 3dnowpref, sse, sse2, sse3, ssse3, sse4.1, sse4.2, popcnt, lzcnt, tsc, tscinvbit, avx, avx2, aes, erms, clmul, bmi1, bmi2, adx, fma, vzeroupper, clflush, clflushopt, rdtscp, f16c
Processor Information for the first 8 processors :
  Max Mhz: 1800, Current Mhz: 1600, Mhz Limit: 1584

Memory: 4k page, system-wide physical 3987M (66M free)
TotalPageFile size 16275M (AvailPageFile size 2M)
current process WorkingSet (physical memory assigned to process): 428M, peak: 590M
current process commit charge ("private bytes"): 628M, peak: 930M

vm_info: OpenJDK 64-Bit Server VM (21.0.6+7-LTS) for windows-amd64 JRE (21.0.6+7-LTS), built on 2025-01-21T00:00:00Z by "admin" with MS VC++ 17.7 (VS2022)

END.
