#
# There is insufficient memory for the Java Runtime Environment to continue.
# Native memory allocation (malloc) failed to allocate 1099776 bytes. Error detail: Chunk::new
# Possible reasons:
#   The system is out of physical RAM or swap space
#   This process is running with CompressedOops enabled, and the Java Heap may be blocking the growth of the native heap
# Possible solutions:
#   Reduce memory load on the system
#   Increase physical memory or swap space
#   Check if swap backing store is full
#   Decrease Java heap size (-Xmx/-Xms)
#   Decrease number of Java threads
#   Decrease Java thread stack sizes (-Xss)
#   Set larger code cache with -XX:ReservedCodeCacheSize=
#   JVM is running with Unscaled Compressed Oops mode in which the Java heap is
#     placed in the first 4GB address space. The Java Heap base address is the
#     maximum limit for the native heap growth. Please use -XX:HeapBaseMinAddress
#     to set the Java Heap base and to place the Java Heap above 4GB virtual address.
# This output file may be truncated or incomplete.
#
#  Out of Memory Error (arena.cpp:168), pid=27108, tid=30620
#
# JRE version: OpenJDK Runtime Environment Temurin-21.0.6+7 (21.0.6+7) (build 21.0.6+7-LTS)
# Java VM: OpenJDK 64-Bit Server VM Temurin-21.0.6+7 (21.0.6+7-LTS, mixed mode, sharing, tiered, compressed oops, compressed class ptrs, parallel gc, windows-amd64)
# No core dump will be written. Minidumps are not enabled by default on client versions of Windows
#

---------------  S U M M A R Y ------------

Command Line: --add-modules=ALL-SYSTEM --add-opens=java.base/java.util=ALL-UNNAMED --add-opens=java.base/java.lang=ALL-UNNAMED --add-opens=java.base/sun.nio.fs=ALL-UNNAMED -Declipse.application=org.eclipse.jdt.ls.core.id1 -Dosgi.bundles.defaultStartLevel=4 -Declipse.product=org.eclipse.jdt.ls.core.product -Djava.import.generatesMetadataFilesAtProjectRoot=false -DDetectVMInstallationsJob.disabled=true -Dfile.encoding=utf8 -XX:+UseParallelGC -XX:GCTimeRatio=4 -XX:AdaptiveSizePolicyWeight=90 -Dsun.zip.disableMemoryMapping=true -Xmx1G -Xms100m -Xlog:disable -javaagent:c:\Users\user\.vscode\extensions\redhat.java-1.41.1-win32-x64\lombok\lombok-1.18.36.jar -XX:+HeapDumpOnOutOfMemoryError -XX:HeapDumpPath=c:\Users\user\AppData\Roaming\Code\User\workspaceStorage\ffe298c737c89d61c8d6891e51d41bf3\redhat.java -Daether.dependencyCollector.impl=bf c:\Users\user\.vscode\extensions\redhat.java-1.41.1-win32-x64\server\plugins\org.eclipse.equinox.launcher_1.7.0.v20250331-1702.jar -configuration c:\Users\user\AppData\Roaming\Code\User\globalStorage\redhat.java\1.41.1\config_win -data c:\Users\user\AppData\Roaming\Code\User\workspaceStorage\ffe298c737c89d61c8d6891e51d41bf3\redhat.java\jdt_ws --pipe=\\.\pipe\lsp-d68da4044956ab26dd0574310c494796-sock

Host: Intel(R) Core(TM) i5-8265U CPU @ 1.60GHz, 8 cores, 3G,  Windows 11 , 64 bit Build 22000 (10.0.22000.2538)
Time: Thu May  8 17:31:53 2025  Windows 11 , 64 bit Build 22000 (10.0.22000.2538) elapsed time: 31.581145 seconds (0d 0h 0m 31s)

---------------  T H R E A D  ---------------

Current thread (0x000001b4bc5aa310):  JavaThread "C2 CompilerThread0" daemon [_thread_in_native, id=30620, stack(0x0000007c79e00000,0x0000007c79f00000) (1024K)]


Current CompileTask:
C2:31581 7567 %     4       org.eclipse.jdt.internal.core.search.indexing.BinaryIndexer::extractReferenceFromConstantPool @ 155 (358 bytes)

Stack: [0x0000007c79e00000,0x0000007c79f00000]
Native frames: (J=compiled Java code, j=interpreted, Vv=VM code, C=native code)
V  [jvm.dll+0x6cdee9]
V  [jvm.dll+0x8a83d1]
V  [jvm.dll+0x8aa8fe]
V  [jvm.dll+0x8aafe3]
V  [jvm.dll+0x27f706]
V  [jvm.dll+0xc500d]
V  [jvm.dll+0xc5543]
V  [jvm.dll+0x2f2acd]
V  [jvm.dll+0x5f6a2a]
V  [jvm.dll+0x250bb2]
V  [jvm.dll+0x250f6f]
V  [jvm.dll+0x249834]
V  [jvm.dll+0x246ec4]
V  [jvm.dll+0x1c75ee]
V  [jvm.dll+0x25685a]
V  [jvm.dll+0x254dfa]
V  [jvm.dll+0x3f0256]
V  [jvm.dll+0x851f8b]
V  [jvm.dll+0x6cc5ed]
C  [ucrtbase.dll+0x26c0c]
C  [KERNEL32.DLL+0x153e0]
C  [ntdll.dll+0x485b]


---------------  P R O C E S S  ---------------

Threads class SMR info:
_java_thread_list=0x000001b484a006e0, length=37, elements={
0x000001b4a81f1310, 0x000001b4bc59dec0, 0x000001b4bc59fc30, 0x000001b4bc5a40b0,
0x000001b4bc5a6ed0, 0x000001b4bc5a8a90, 0x000001b4bc5a94e0, 0x000001b4bc5aa310,
0x000001b4bc5d49f0, 0x000001b4ff0c04b0, 0x000001b4ff268440, 0x000001b4ff8e9590,
0x000001b4ff837440, 0x000001b4ffacf2e0, 0x000001b4ff81a540, 0x000001b4840af290,
0x000001b48429b8e0, 0x000001b4ff9b5b10, 0x000001b4ff96b4f0, 0x000001b4ffa79410,
0x000001b4ffa78060, 0x000001b4ffa786f0, 0x000001b4ffa7b4e0, 0x000001b4ffa78d80,
0x000001b4ffa79aa0, 0x000001b4ffa7a130, 0x000001b4ffa7a7c0, 0x000001b4ffa7ae50,
0x000001b485b7ab70, 0x000001b485b79130, 0x000001b485b78aa0, 0x000001b485b797c0,
0x000001b485b79e50, 0x000001b485b7b890, 0x000001b485b7b200, 0x000001b485b7a4e0,
0x000001b485b7d2d0
}

Java Threads: ( => current thread )
  0x000001b4a81f1310 JavaThread "main"                              [_thread_blocked, id=29484, stack(0x0000007c79400000,0x0000007c79500000) (1024K)]
  0x000001b4bc59dec0 JavaThread "Reference Handler"          daemon [_thread_blocked, id=7404, stack(0x0000007c79800000,0x0000007c79900000) (1024K)]
  0x000001b4bc59fc30 JavaThread "Finalizer"                  daemon [_thread_blocked, id=2100, stack(0x0000007c79900000,0x0000007c79a00000) (1024K)]
  0x000001b4bc5a40b0 JavaThread "Signal Dispatcher"          daemon [_thread_blocked, id=19740, stack(0x0000007c79a00000,0x0000007c79b00000) (1024K)]
  0x000001b4bc5a6ed0 JavaThread "Attach Listener"            daemon [_thread_blocked, id=28228, stack(0x0000007c79b00000,0x0000007c79c00000) (1024K)]
  0x000001b4bc5a8a90 JavaThread "Service Thread"             daemon [_thread_blocked, id=12852, stack(0x0000007c79c00000,0x0000007c79d00000) (1024K)]
  0x000001b4bc5a94e0 JavaThread "Monitor Deflation Thread"   daemon [_thread_blocked, id=22336, stack(0x0000007c79d00000,0x0000007c79e00000) (1024K)]
=>0x000001b4bc5aa310 JavaThread "C2 CompilerThread0"         daemon [_thread_in_native, id=30620, stack(0x0000007c79e00000,0x0000007c79f00000) (1024K)]
  0x000001b4bc5d49f0 JavaThread "C1 CompilerThread0"         daemon [_thread_in_vm, id=26060, stack(0x0000007c79f00000,0x0000007c7a000000) (1024K)]
  0x000001b4ff0c04b0 JavaThread "Common-Cleaner"             daemon [_thread_blocked, id=16724, stack(0x0000007c7a000000,0x0000007c7a100000) (1024K)]
  0x000001b4ff268440 JavaThread "Notification Thread"        daemon [_thread_blocked, id=27924, stack(0x0000007c7a100000,0x0000007c7a200000) (1024K)]
  0x000001b4ff8e9590 JavaThread "Active Thread: Equinox Container: 38cbc6f4-7af4-433c-9749-31872dc74673"        [_thread_blocked, id=28092, stack(0x0000007c7a800000,0x0000007c7a900000) (1024K)]
  0x000001b4ff837440 JavaThread "Refresh Thread: Equinox Container: 38cbc6f4-7af4-433c-9749-31872dc74673" daemon [_thread_blocked, id=29568, stack(0x0000007c7a900000,0x0000007c7aa00000) (1024K)]
  0x000001b4ffacf2e0 JavaThread "Framework Event Dispatcher: Equinox Container: 38cbc6f4-7af4-433c-9749-31872dc74673" daemon [_thread_blocked, id=30556, stack(0x0000007c7ab00000,0x0000007c7ac00000) (1024K)]
  0x000001b4ff81a540 JavaThread "Start Level: Equinox Container: 38cbc6f4-7af4-433c-9749-31872dc74673" daemon [_thread_blocked, id=9120, stack(0x0000007c7ac00000,0x0000007c7ad00000) (1024K)]
  0x000001b4840af290 JavaThread "Bundle File Closer"         daemon [_thread_blocked, id=27176, stack(0x0000007c7ad00000,0x0000007c7ae00000) (1024K)]
  0x000001b48429b8e0 JavaThread "SCR Component Actor"        daemon [_thread_blocked, id=20736, stack(0x0000007c7ae00000,0x0000007c7af00000) (1024K)]
  0x000001b4ff9b5b10 JavaThread "Worker-JM"                         [_thread_blocked, id=27932, stack(0x0000007c7b000000,0x0000007c7b100000) (1024K)]
  0x000001b4ff96b4f0 JavaThread "JNA Cleaner"                daemon [_thread_blocked, id=28600, stack(0x0000007c7b100000,0x0000007c7b200000) (1024K)]
  0x000001b4ffa79410 JavaThread "Worker-0"                          [_thread_blocked, id=11624, stack(0x0000007c7b200000,0x0000007c7b300000) (1024K)]
  0x000001b4ffa78060 JavaThread "Worker-1: Building"                [_thread_in_Java, id=12480, stack(0x0000007c7b300000,0x0000007c7b400000) (1024K)]
  0x000001b4ffa786f0 JavaThread "Worker-2: Java indexing... "        [_thread_blocked, id=9932, stack(0x0000007c7b400000,0x0000007c7b500000) (1024K)]
  0x000001b4ffa7b4e0 JavaThread "Java indexing"              daemon [_thread_in_Java, id=27372, stack(0x0000007c7b500000,0x0000007c7b600000) (1024K)]
  0x000001b4ffa78d80 JavaThread "Worker-3"                          [_thread_blocked, id=2552, stack(0x0000007c7b600000,0x0000007c7b700000) (1024K)]
  0x000001b4ffa79aa0 JavaThread "Worker-4"                          [_thread_blocked, id=9128, stack(0x0000007c7b700000,0x0000007c7b800000) (1024K)]
  0x000001b4ffa7a130 JavaThread "Thread-2"                   daemon [_thread_in_native, id=14160, stack(0x0000007c7b800000,0x0000007c7b900000) (1024K)]
  0x000001b4ffa7a7c0 JavaThread "Thread-3"                   daemon [_thread_in_native, id=16736, stack(0x0000007c7b900000,0x0000007c7ba00000) (1024K)]
  0x000001b4ffa7ae50 JavaThread "Thread-4"                   daemon [_thread_in_native, id=14536, stack(0x0000007c7ba00000,0x0000007c7bb00000) (1024K)]
  0x000001b485b7ab70 JavaThread "Thread-5"                   daemon [_thread_in_native, id=28584, stack(0x0000007c7bb00000,0x0000007c7bc00000) (1024K)]
  0x000001b485b79130 JavaThread "Thread-6"                   daemon [_thread_in_native, id=4588, stack(0x0000007c7bc00000,0x0000007c7bd00000) (1024K)]
  0x000001b485b78aa0 JavaThread "Thread-7"                   daemon [_thread_in_native, id=26304, stack(0x0000007c7bd00000,0x0000007c7be00000) (1024K)]
  0x000001b485b797c0 JavaThread "Thread-8"                   daemon [_thread_in_native, id=27320, stack(0x0000007c7be00000,0x0000007c7bf00000) (1024K)]
  0x000001b485b79e50 JavaThread "Thread-9"                   daemon [_thread_in_native, id=7724, stack(0x0000007c7bf00000,0x0000007c7c000000) (1024K)]
  0x000001b485b7b890 JavaThread "Thread-10"                  daemon [_thread_in_native, id=1860, stack(0x0000007c7c000000,0x0000007c7c100000) (1024K)]
  0x000001b485b7b200 JavaThread "pool-2-thread-1"                   [_thread_blocked, id=27592, stack(0x0000007c7c100000,0x0000007c7c200000) (1024K)]
  0x000001b485b7a4e0 JavaThread "WorkspaceEventsHandler"            [_thread_blocked, id=12072, stack(0x0000007c7c200000,0x0000007c7c300000) (1024K)]
  0x000001b485b7d2d0 JavaThread "pool-1-thread-1"                   [_thread_blocked, id=25660, stack(0x0000007c7c300000,0x0000007c7c400000) (1024K)]
Total: 37

Other Threads:
  0x000001b4a82aada0 VMThread "VM Thread"                           [id=25504, stack(0x0000007c79700000,0x0000007c79800000) (1024K)]
  0x000001b4a825b6b0 WatcherThread "VM Periodic Task Thread"        [id=23312, stack(0x0000007c79600000,0x0000007c79700000) (1024K)]
  0x000001b4a820fb50 WorkerThread "GC Thread#0"                     [id=29220, stack(0x0000007c79500000,0x0000007c79600000) (1024K)]
  0x000001b4ff8cefb0 WorkerThread "GC Thread#1"                     [id=30544, stack(0x0000007c7a200000,0x0000007c7a300000) (1024K)]
  0x000001b4ff8cf350 WorkerThread "GC Thread#2"                     [id=21896, stack(0x0000007c7a300000,0x0000007c7a400000) (1024K)]
  0x000001b4ff8cf6f0 WorkerThread "GC Thread#3"                     [id=24748, stack(0x0000007c7a400000,0x0000007c7a500000) (1024K)]
  0x000001b4ff8cfa90 WorkerThread "GC Thread#4"                     [id=25288, stack(0x0000007c7a500000,0x0000007c7a600000) (1024K)]
  0x000001b4ff594730 WorkerThread "GC Thread#5"                     [id=7164, stack(0x0000007c7a600000,0x0000007c7a700000) (1024K)]
  0x000001b4ff594ad0 WorkerThread "GC Thread#6"                     [id=30088, stack(0x0000007c7a700000,0x0000007c7a800000) (1024K)]
  0x000001b4ff569a20 WorkerThread "GC Thread#7"                     [id=6492, stack(0x0000007c7aa00000,0x0000007c7ab00000) (1024K)]
Total: 10

Threads with active compile tasks:
C2 CompilerThread0  31780 7567 %     4       org.eclipse.jdt.internal.core.search.indexing.BinaryIndexer::extractReferenceFromConstantPool @ 155 (358 bytes)
Total: 1

VM state: not at safepoint (normal execution)

VM Mutex/Monitor currently owned by a thread: None

Heap address: 0x00000000c0000000, size: 1024 MB, Compressed Oops mode: 32-bit

CDS archive(s) mapped at: [0x000001b4bd000000-0x000001b4bdba0000-0x000001b4bdba0000), size 12189696, SharedBaseAddress: 0x000001b4bd000000, ArchiveRelocationMode: 1.
Compressed class space mapped at: 0x000001b4be000000-0x000001b4fe000000, reserved size: 1073741824
Narrow klass base: 0x000001b4bd000000, Narrow klass shift: 0, Narrow klass range: 0x100000000

GC Precious Log:
 CardTable entry size: 512
 CPUs: 8 total, 8 available
 Memory: 3987M
 Large Page Support: Disabled
 NUMA Support: Disabled
 Compressed Oops: Enabled (32-bit)
 Alignments: Space 512K, Generation 512K, Heap 2M
 Heap Min Capacity: 100M
 Heap Initial Capacity: 100M
 Heap Max Capacity: 1G
 Pre-touch: Disabled
 Parallel Workers: 8

Heap:
 PSYoungGen      total 14848K, used 2899K [0x00000000eab00000, 0x00000000ebc00000, 0x0000000100000000)
  eden space 12288K, 10% used [0x00000000eab00000,0x00000000eac3acd8,0x00000000eb700000)
  from space 2560K, 64% used [0x00000000eb700000,0x00000000eb89a2b0,0x00000000eb980000)
  to   space 2560K, 0% used [0x00000000eb980000,0x00000000eb980000,0x00000000ebc00000)
 ParOldGen       total 68608K, used 56877K [0x00000000c0000000, 0x00000000c4300000, 0x00000000eab00000)
  object space 68608K, 82% used [0x00000000c0000000,0x00000000c378b4a0,0x00000000c4300000)
 Metaspace       used 50141K, committed 51328K, reserved 1114112K
  class space    used 5267K, committed 5760K, reserved 1048576K

Card table byte_map: [0x000001b4a7bd0000,0x000001b4a7de0000] _byte_map_base: 0x000001b4a75d0000

Marking Bits: (ParMarkBitMap*) 0x00007ff999313260
 Begin Bits: [0x000001b4ba3f0000, 0x000001b4bb3f0000)
 End Bits:   [0x000001b4bb3f0000, 0x000001b4bc3f0000)

Polling page: 0x000001b4a79c0000

Metaspace:

Usage:
  Non-class:     43.82 MB used.
      Class:      5.14 MB used.
       Both:     48.97 MB used.

Virtual space:
  Non-class space:       64.00 MB reserved,      44.50 MB ( 70%) committed,  1 nodes.
      Class space:        1.00 GB reserved,       5.62 MB ( <1%) committed,  1 nodes.
             Both:        1.06 GB reserved,      50.12 MB (  5%) committed. 

Chunk freelists:
   Non-Class:  3.40 MB
       Class:  10.38 MB
        Both:  13.78 MB

MaxMetaspaceSize: unlimited
CompressedClassSpaceSize: 1.00 GB
Initial GC threshold: 21.00 MB
Current GC threshold: 58.38 MB
CDS: on
 - commit_granule_bytes: 65536.
 - commit_granule_words: 8192.
 - virtual_space_node_default_size: 8388608.
 - enlarge_chunks_in_place: 1.
 - use_allocation_guard: 0.


Internal statistics:

num_allocs_failed_limit: 6.
num_arena_births: 996.
num_arena_deaths: 14.
num_vsnodes_births: 2.
num_vsnodes_deaths: 0.
num_space_committed: 802.
num_space_uncommitted: 0.
num_chunks_returned_to_freelist: 20.
num_chunks_taken_from_freelist: 3326.
num_chunk_merges: 10.
num_chunk_splits: 2048.
num_chunks_enlarged: 1100.
num_inconsistent_stats: 0.

CodeHeap 'non-profiled nmethods': size=120000Kb used=3007Kb max_used=3007Kb free=116992Kb
 bounds [0x000001b4b2ec0000, 0x000001b4b31b0000, 0x000001b4ba3f0000]
CodeHeap 'profiled nmethods': size=120000Kb used=14401Kb max_used=14401Kb free=105599Kb
 bounds [0x000001b4ab3f0000, 0x000001b4ac210000, 0x000001b4b2920000]
CodeHeap 'non-nmethods': size=5760Kb used=1392Kb max_used=1469Kb free=4367Kb
 bounds [0x000001b4b2920000, 0x000001b4b2b90000, 0x000001b4b2ec0000]
 total_blobs=7685 nmethods=6987 adapters=604
 compilation: enabled
              stopped_count=0, restarted_count=0
 full_count=0

Compilation events (20 events):
Event: 31.248 Thread 0x000001b4bc5aa310 nmethod 7570 0x000001b4b31af110 code [0x000001b4b31af340, 0x000001b4b31af7b8]
Event: 31.248 Thread 0x000001b4bc5aa310 7567 %     4       org.eclipse.jdt.internal.core.search.indexing.BinaryIndexer::extractReferenceFromConstantPool @ 155 (358 bytes)
Event: 31.289 Thread 0x000001b4bc5d49f0 7581       2       sun.util.ResourceBundleEnumeration::hasMoreElements (117 bytes)
Event: 31.290 Thread 0x000001b4bc5d49f0 nmethod 7581 0x000001b4ac1e9290 code [0x000001b4ac1e9480, 0x000001b4ac1e9878]
Event: 31.290 Thread 0x000001b4bc5d49f0 7582       2       sun.util.ResourceBundleEnumeration::nextElement (5 bytes)
Event: 31.291 Thread 0x000001b4bc5d49f0 nmethod 7582 0x000001b4ac1e9a10 code [0x000001b4ac1e9bc0, 0x000001b4ac1e9de0]
Event: 31.291 Thread 0x000001b4bc5d49f0 7584       2       org.eclipse.jdt.internal.compiler.util.HashtableOfInt::put (95 bytes)
Event: 31.292 Thread 0x000001b4bc5d49f0 nmethod 7584 0x000001b4ac1e9f10 code [0x000001b4ac1ea0e0, 0x000001b4ac1ea498]
Event: 31.292 Thread 0x000001b4bc5d49f0 7583       2       org.eclipse.jdt.internal.compiler.problem.DefaultProblemFactory::keyFromID (4 bytes)
Event: 31.293 Thread 0x000001b4bc5d49f0 nmethod 7583 0x000001b4ac1ea710 code [0x000001b4ac1ea8a0, 0x000001b4ac1ea988]
Event: 31.293 Thread 0x000001b4bc5d49f0 7585       2       sun.util.ResourceBundleEnumeration::nextElement (27 bytes)
Event: 31.294 Thread 0x000001b4bc5d49f0 nmethod 7585 0x000001b4ac1eaa10 code [0x000001b4ac1eabc0, 0x000001b4ac1eade0]
Event: 31.322 Thread 0x000001b4bc5d49f0 7586       3       org.eclipse.jdt.internal.core.search.matching.SuperTypeReferencePattern::createIndexKey (619 bytes)
Event: 31.325 Thread 0x000001b4bc5d49f0 nmethod 7586 0x000001b4ac1eaf10 code [0x000001b4ac1eb2c0, 0x000001b4ac1ed020]
Event: 31.331 Thread 0x000001b4bc5d49f0 7587       2       org.eclipse.jdt.core.Signature::checkArrayDimension (92 bytes)
Event: 31.332 Thread 0x000001b4bc5d49f0 nmethod 7587 0x000001b4ac1ede10 code [0x000001b4ac1edfc0, 0x000001b4ac1ee230]
Event: 31.332 Thread 0x000001b4bc5d49f0 7588       2       org.eclipse.jdt.core.Signature::encodeQualifiedName (207 bytes)
Event: 31.334 Thread 0x000001b4bc5d49f0 nmethod 7588 0x000001b4ac1ee390 code [0x000001b4ac1ee5c0, 0x000001b4ac1eecc8]
Event: 31.456 Thread 0x000001b4bc5d49f0 7589       2       org.eclipse.jdt.internal.compiler.classfmt.AnnotationInfo::decodeDefaultValue (871 bytes)
Event: 31.460 Thread 0x000001b4bc5d49f0 nmethod 7589 0x000001b4ac1ef190 code [0x000001b4ac1ef620, 0x000001b4ac1f0e48]

GC Heap History (20 events):
Event: 28.374 GC heap before
{Heap before GC invocations=25 (full 2):
 PSYoungGen      total 21504K, used 21060K [0x00000000eab00000, 0x00000000ec280000, 0x0000000100000000)
  eden space 18944K, 100% used [0x00000000eab00000,0x00000000ebd80000,0x00000000ebd80000)
  from space 2560K, 82% used [0x00000000ec000000,0x00000000ec2113a8,0x00000000ec280000)
  to   space 2560K, 0% used [0x00000000ebd80000,0x00000000ebd80000,0x00000000ec000000)
 ParOldGen       total 68608K, used 32975K [0x00000000c0000000, 0x00000000c4300000, 0x00000000eab00000)
  object space 68608K, 48% used [0x00000000c0000000,0x00000000c2033e08,0x00000000c4300000)
 Metaspace       used 47010K, committed 48256K, reserved 1114112K
  class space    used 4954K, committed 5504K, reserved 1048576K
}
Event: 28.385 GC heap after
{Heap after GC invocations=25 (full 2):
 PSYoungGen      total 20992K, used 1913K [0x00000000eab00000, 0x00000000ec180000, 0x0000000100000000)
  eden space 18944K, 0% used [0x00000000eab00000,0x00000000eab00000,0x00000000ebd80000)
  from space 2048K, 93% used [0x00000000ebd80000,0x00000000ebf5e610,0x00000000ebf80000)
  to   space 2048K, 0% used [0x00000000ebf80000,0x00000000ebf80000,0x00000000ec180000)
 ParOldGen       total 68608K, used 34925K [0x00000000c0000000, 0x00000000c4300000, 0x00000000eab00000)
  object space 68608K, 50% used [0x00000000c0000000,0x00000000c221b4e8,0x00000000c4300000)
 Metaspace       used 47010K, committed 48256K, reserved 1114112K
  class space    used 4954K, committed 5504K, reserved 1048576K
}
Event: 28.754 GC heap before
{Heap before GC invocations=26 (full 2):
 PSYoungGen      total 20992K, used 20857K [0x00000000eab00000, 0x00000000ec180000, 0x0000000100000000)
  eden space 18944K, 100% used [0x00000000eab00000,0x00000000ebd80000,0x00000000ebd80000)
  from space 2048K, 93% used [0x00000000ebd80000,0x00000000ebf5e610,0x00000000ebf80000)
  to   space 2048K, 0% used [0x00000000ebf80000,0x00000000ebf80000,0x00000000ec180000)
 ParOldGen       total 68608K, used 34925K [0x00000000c0000000, 0x00000000c4300000, 0x00000000eab00000)
  object space 68608K, 50% used [0x00000000c0000000,0x00000000c221b4e8,0x00000000c4300000)
 Metaspace       used 47027K, committed 48320K, reserved 1114112K
  class space    used 4955K, committed 5504K, reserved 1048576K
}
Event: 28.765 GC heap after
{Heap after GC invocations=26 (full 2):
 PSYoungGen      total 18432K, used 2016K [0x00000000eab00000, 0x00000000ec680000, 0x0000000100000000)
  eden space 16384K, 0% used [0x00000000eab00000,0x00000000eab00000,0x00000000ebb00000)
  from space 2048K, 98% used [0x00000000ebf80000,0x00000000ec1781e0,0x00000000ec180000)
  to   space 4608K, 0% used [0x00000000ebb00000,0x00000000ebb00000,0x00000000ebf80000)
 ParOldGen       total 68608K, used 36962K [0x00000000c0000000, 0x00000000c4300000, 0x00000000eab00000)
  object space 68608K, 53% used [0x00000000c0000000,0x00000000c2418ae8,0x00000000c4300000)
 Metaspace       used 47027K, committed 48320K, reserved 1114112K
  class space    used 4955K, committed 5504K, reserved 1048576K
}
Event: 28.966 GC heap before
{Heap before GC invocations=27 (full 2):
 PSYoungGen      total 18432K, used 18400K [0x00000000eab00000, 0x00000000ec680000, 0x0000000100000000)
  eden space 16384K, 100% used [0x00000000eab00000,0x00000000ebb00000,0x00000000ebb00000)
  from space 2048K, 98% used [0x00000000ebf80000,0x00000000ec1781e0,0x00000000ec180000)
  to   space 4608K, 0% used [0x00000000ebb00000,0x00000000ebb00000,0x00000000ebf80000)
 ParOldGen       total 68608K, used 36962K [0x00000000c0000000, 0x00000000c4300000, 0x00000000eab00000)
  object space 68608K, 53% used [0x00000000c0000000,0x00000000c2418ae8,0x00000000c4300000)
 Metaspace       used 47089K, committed 48320K, reserved 1114112K
  class space    used 4958K, committed 5504K, reserved 1048576K
}
Event: 28.974 GC heap after
{Heap after GC invocations=27 (full 2):
 PSYoungGen      total 18432K, used 1815K [0x00000000eab00000, 0x00000000ec100000, 0x0000000100000000)
  eden space 16384K, 0% used [0x00000000eab00000,0x00000000eab00000,0x00000000ebb00000)
  from space 2048K, 88% used [0x00000000ebb00000,0x00000000ebcc5dc8,0x00000000ebd00000)
  to   space 3072K, 0% used [0x00000000ebe00000,0x00000000ebe00000,0x00000000ec100000)
 ParOldGen       total 68608K, used 38972K [0x00000000c0000000, 0x00000000c4300000, 0x00000000eab00000)
  object space 68608K, 56% used [0x00000000c0000000,0x00000000c260f298,0x00000000c4300000)
 Metaspace       used 47089K, committed 48320K, reserved 1114112K
  class space    used 4958K, committed 5504K, reserved 1048576K
}
Event: 29.135 GC heap before
{Heap before GC invocations=28 (full 2):
 PSYoungGen      total 18432K, used 18199K [0x00000000eab00000, 0x00000000ec100000, 0x0000000100000000)
  eden space 16384K, 100% used [0x00000000eab00000,0x00000000ebb00000,0x00000000ebb00000)
  from space 2048K, 88% used [0x00000000ebb00000,0x00000000ebcc5dc8,0x00000000ebd00000)
  to   space 3072K, 0% used [0x00000000ebe00000,0x00000000ebe00000,0x00000000ec100000)
 ParOldGen       total 68608K, used 38972K [0x00000000c0000000, 0x00000000c4300000, 0x00000000eab00000)
  object space 68608K, 56% used [0x00000000c0000000,0x00000000c260f298,0x00000000c4300000)
 Metaspace       used 47108K, committed 48320K, reserved 1114112K
  class space    used 4958K, committed 5504K, reserved 1048576K
}
Event: 29.141 GC heap after
{Heap after GC invocations=28 (full 2):
 PSYoungGen      total 18944K, used 2136K [0x00000000eab00000, 0x00000000ec080000, 0x0000000100000000)
  eden space 16384K, 0% used [0x00000000eab00000,0x00000000eab00000,0x00000000ebb00000)
  from space 2560K, 83% used [0x00000000ebe00000,0x00000000ec0163e8,0x00000000ec080000)
  to   space 2560K, 0% used [0x00000000ebb80000,0x00000000ebb80000,0x00000000ebe00000)
 ParOldGen       total 68608K, used 40649K [0x00000000c0000000, 0x00000000c4300000, 0x00000000eab00000)
  object space 68608K, 59% used [0x00000000c0000000,0x00000000c27b2518,0x00000000c4300000)
 Metaspace       used 47108K, committed 48320K, reserved 1114112K
  class space    used 4958K, committed 5504K, reserved 1048576K
}
Event: 29.370 GC heap before
{Heap before GC invocations=29 (full 2):
 PSYoungGen      total 18944K, used 18520K [0x00000000eab00000, 0x00000000ec080000, 0x0000000100000000)
  eden space 16384K, 100% used [0x00000000eab00000,0x00000000ebb00000,0x00000000ebb00000)
  from space 2560K, 83% used [0x00000000ebe00000,0x00000000ec0163e8,0x00000000ec080000)
  to   space 2560K, 0% used [0x00000000ebb80000,0x00000000ebb80000,0x00000000ebe00000)
 ParOldGen       total 68608K, used 40649K [0x00000000c0000000, 0x00000000c4300000, 0x00000000eab00000)
  object space 68608K, 59% used [0x00000000c0000000,0x00000000c27b2518,0x00000000c4300000)
 Metaspace       used 47257K, committed 48448K, reserved 1114112K
  class space    used 4972K, committed 5504K, reserved 1048576K
}
Event: 29.375 GC heap after
{Heap after GC invocations=29 (full 2):
 PSYoungGen      total 18944K, used 2351K [0x00000000eab00000, 0x00000000ec000000, 0x0000000100000000)
  eden space 16384K, 0% used [0x00000000eab00000,0x00000000eab00000,0x00000000ebb00000)
  from space 2560K, 91% used [0x00000000ebb80000,0x00000000ebdcbdd0,0x00000000ebe00000)
  to   space 2048K, 0% used [0x00000000ebe00000,0x00000000ebe00000,0x00000000ec000000)
 ParOldGen       total 68608K, used 42651K [0x00000000c0000000, 0x00000000c4300000, 0x00000000eab00000)
  object space 68608K, 62% used [0x00000000c0000000,0x00000000c29a6f80,0x00000000c4300000)
 Metaspace       used 47257K, committed 48448K, reserved 1114112K
  class space    used 4972K, committed 5504K, reserved 1048576K
}
Event: 29.637 GC heap before
{Heap before GC invocations=30 (full 2):
 PSYoungGen      total 18944K, used 18735K [0x00000000eab00000, 0x00000000ec000000, 0x0000000100000000)
  eden space 16384K, 100% used [0x00000000eab00000,0x00000000ebb00000,0x00000000ebb00000)
  from space 2560K, 91% used [0x00000000ebb80000,0x00000000ebdcbdd0,0x00000000ebe00000)
  to   space 2048K, 0% used [0x00000000ebe00000,0x00000000ebe00000,0x00000000ec000000)
 ParOldGen       total 68608K, used 42651K [0x00000000c0000000, 0x00000000c4300000, 0x00000000eab00000)
  object space 68608K, 62% used [0x00000000c0000000,0x00000000c29a6f80,0x00000000c4300000)
 Metaspace       used 47698K, committed 48896K, reserved 1114112K
  class space    used 5009K, committed 5568K, reserved 1048576K
}
Event: 29.644 GC heap after
{Heap after GC invocations=30 (full 2):
 PSYoungGen      total 14336K, used 2042K [0x00000000eab00000, 0x00000000ec900000, 0x0000000100000000)
  eden space 12288K, 0% used [0x00000000eab00000,0x00000000eab00000,0x00000000eb700000)
  from space 2048K, 99% used [0x00000000ebe00000,0x00000000ebffebc8,0x00000000ec000000)
  to   space 7168K, 0% used [0x00000000eb700000,0x00000000eb700000,0x00000000ebe00000)
 ParOldGen       total 68608K, used 46675K [0x00000000c0000000, 0x00000000c4300000, 0x00000000eab00000)
  object space 68608K, 68% used [0x00000000c0000000,0x00000000c2d94ea0,0x00000000c4300000)
 Metaspace       used 47698K, committed 48896K, reserved 1114112K
  class space    used 5009K, committed 5568K, reserved 1048576K
}
Event: 29.924 GC heap before
{Heap before GC invocations=31 (full 2):
 PSYoungGen      total 14336K, used 14323K [0x00000000eab00000, 0x00000000ec900000, 0x0000000100000000)
  eden space 12288K, 99% used [0x00000000eab00000,0x00000000eb6fe1a8,0x00000000eb700000)
  from space 2048K, 99% used [0x00000000ebe00000,0x00000000ebffebc8,0x00000000ec000000)
  to   space 7168K, 0% used [0x00000000eb700000,0x00000000eb700000,0x00000000ebe00000)
 ParOldGen       total 68608K, used 46675K [0x00000000c0000000, 0x00000000c4300000, 0x00000000eab00000)
  object space 68608K, 68% used [0x00000000c0000000,0x00000000c2d94ea0,0x00000000c4300000)
 Metaspace       used 47972K, committed 49152K, reserved 1114112K
  class space    used 5047K, committed 5568K, reserved 1048576K
}
Event: 29.929 GC heap after
{Heap after GC invocations=31 (full 2):
 PSYoungGen      total 14848K, used 2049K [0x00000000eab00000, 0x00000000ebe80000, 0x0000000100000000)
  eden space 12288K, 0% used [0x00000000eab00000,0x00000000eab00000,0x00000000eb700000)
  from space 2560K, 80% used [0x00000000eb700000,0x00000000eb900690,0x00000000eb980000)
  to   space 3584K, 0% used [0x00000000ebb00000,0x00000000ebb00000,0x00000000ebe80000)
 ParOldGen       total 68608K, used 48679K [0x00000000c0000000, 0x00000000c4300000, 0x00000000eab00000)
  object space 68608K, 70% used [0x00000000c0000000,0x00000000c2f89d00,0x00000000c4300000)
 Metaspace       used 47972K, committed 49152K, reserved 1114112K
  class space    used 5047K, committed 5568K, reserved 1048576K
}
Event: 30.237 GC heap before
{Heap before GC invocations=32 (full 2):
 PSYoungGen      total 14848K, used 14337K [0x00000000eab00000, 0x00000000ebe80000, 0x0000000100000000)
  eden space 12288K, 100% used [0x00000000eab00000,0x00000000eb700000,0x00000000eb700000)
  from space 2560K, 80% used [0x00000000eb700000,0x00000000eb900690,0x00000000eb980000)
  to   space 3584K, 0% used [0x00000000ebb00000,0x00000000ebb00000,0x00000000ebe80000)
 ParOldGen       total 68608K, used 48679K [0x00000000c0000000, 0x00000000c4300000, 0x00000000eab00000)
  object space 68608K, 70% used [0x00000000c0000000,0x00000000c2f89d00,0x00000000c4300000)
 Metaspace       used 48053K, committed 49344K, reserved 1114112K
  class space    used 5052K, committed 5632K, reserved 1048576K
}
Event: 30.242 GC heap after
{Heap after GC invocations=32 (full 2):
 PSYoungGen      total 14848K, used 2304K [0x00000000eab00000, 0x00000000ebd80000, 0x0000000100000000)
  eden space 12288K, 0% used [0x00000000eab00000,0x00000000eab00000,0x00000000eb700000)
  from space 2560K, 90% used [0x00000000ebb00000,0x00000000ebd400b8,0x00000000ebd80000)
  to   space 2560K, 0% used [0x00000000eb700000,0x00000000eb700000,0x00000000eb980000)
 ParOldGen       total 68608K, used 50508K [0x00000000c0000000, 0x00000000c4300000, 0x00000000eab00000)
  object space 68608K, 73% used [0x00000000c0000000,0x00000000c31531c8,0x00000000c4300000)
 Metaspace       used 48053K, committed 49344K, reserved 1114112K
  class space    used 5052K, committed 5632K, reserved 1048576K
}
Event: 30.719 GC heap before
{Heap before GC invocations=33 (full 2):
 PSYoungGen      total 14848K, used 14592K [0x00000000eab00000, 0x00000000ebd80000, 0x0000000100000000)
  eden space 12288K, 100% used [0x00000000eab00000,0x00000000eb700000,0x00000000eb700000)
  from space 2560K, 90% used [0x00000000ebb00000,0x00000000ebd400b8,0x00000000ebd80000)
  to   space 2560K, 0% used [0x00000000eb700000,0x00000000eb700000,0x00000000eb980000)
 ParOldGen       total 68608K, used 50508K [0x00000000c0000000, 0x00000000c4300000, 0x00000000eab00000)
  object space 68608K, 73% used [0x00000000c0000000,0x00000000c31531c8,0x00000000c4300000)
 Metaspace       used 48407K, committed 49600K, reserved 1114112K
  class space    used 5099K, committed 5632K, reserved 1048576K
}
Event: 30.726 GC heap after
{Heap after GC invocations=33 (full 2):
 PSYoungGen      total 14848K, used 1976K [0x00000000eab00000, 0x00000000ebc00000, 0x0000000100000000)
  eden space 12288K, 0% used [0x00000000eab00000,0x00000000eab00000,0x00000000eb700000)
  from space 2560K, 77% used [0x00000000eb700000,0x00000000eb8ee108,0x00000000eb980000)
  to   space 2560K, 0% used [0x00000000eb980000,0x00000000eb980000,0x00000000ebc00000)
 ParOldGen       total 68608K, used 52616K [0x00000000c0000000, 0x00000000c4300000, 0x00000000eab00000)
  object space 68608K, 76% used [0x00000000c0000000,0x00000000c3362090,0x00000000c4300000)
 Metaspace       used 48407K, committed 49600K, reserved 1114112K
  class space    used 5099K, committed 5632K, reserved 1048576K
}
Event: 31.365 GC heap before
{Heap before GC invocations=34 (full 2):
 PSYoungGen      total 14848K, used 14247K [0x00000000eab00000, 0x00000000ebc00000, 0x0000000100000000)
  eden space 12288K, 99% used [0x00000000eab00000,0x00000000eb6fbd98,0x00000000eb700000)
  from space 2560K, 77% used [0x00000000eb700000,0x00000000eb8ee108,0x00000000eb980000)
  to   space 2560K, 0% used [0x00000000eb980000,0x00000000eb980000,0x00000000ebc00000)
 ParOldGen       total 68608K, used 52616K [0x00000000c0000000, 0x00000000c4300000, 0x00000000eab00000)
  object space 68608K, 76% used [0x00000000c0000000,0x00000000c3362090,0x00000000c4300000)
 Metaspace       used 49143K, committed 50368K, reserved 1114112K
  class space    used 5163K, committed 5696K, reserved 1048576K
}
Event: 31.371 GC heap after
{Heap after GC invocations=34 (full 2):
 PSYoungGen      total 14848K, used 2542K [0x00000000eab00000, 0x00000000ebc00000, 0x0000000100000000)
  eden space 12288K, 0% used [0x00000000eab00000,0x00000000eab00000,0x00000000eb700000)
  from space 2560K, 99% used [0x00000000eb980000,0x00000000ebbfb9b8,0x00000000ebc00000)
  to   space 2560K, 0% used [0x00000000eb700000,0x00000000eb700000,0x00000000eb980000)
 ParOldGen       total 68608K, used 54474K [0x00000000c0000000, 0x00000000c4300000, 0x00000000eab00000)
  object space 68608K, 79% used [0x00000000c0000000,0x00000000c3532950,0x00000000c4300000)
 Metaspace       used 49143K, committed 50368K, reserved 1114112K
  class space    used 5163K, committed 5696K, reserved 1048576K
}

Dll operation events (10 events):
Event: 0.037 Loaded shared library c:\Users\user\.vscode\extensions\redhat.java-1.41.1-win32-x64\jre\21.0.6-win32-x86_64\bin\java.dll
Event: 0.134 Loaded shared library c:\Users\user\.vscode\extensions\redhat.java-1.41.1-win32-x64\jre\21.0.6-win32-x86_64\bin\zip.dll
Event: 0.325 Loaded shared library C:\Users\user\.vscode\extensions\redhat.java-1.41.1-win32-x64\jre\21.0.6-win32-x86_64\bin\instrument.dll
Event: 0.338 Loaded shared library C:\Users\user\.vscode\extensions\redhat.java-1.41.1-win32-x64\jre\21.0.6-win32-x86_64\bin\net.dll
Event: 0.351 Loaded shared library C:\Users\user\.vscode\extensions\redhat.java-1.41.1-win32-x64\jre\21.0.6-win32-x86_64\bin\nio.dll
Event: 0.368 Loaded shared library C:\Users\user\.vscode\extensions\redhat.java-1.41.1-win32-x64\jre\21.0.6-win32-x86_64\bin\zip.dll
Event: 0.425 Loaded shared library C:\Users\user\.vscode\extensions\redhat.java-1.41.1-win32-x64\jre\21.0.6-win32-x86_64\bin\jimage.dll
Event: 0.838 Loaded shared library c:\Users\user\.vscode\extensions\redhat.java-1.41.1-win32-x64\jre\21.0.6-win32-x86_64\bin\verify.dll
Event: 5.889 Loaded shared library C:\Users\user\AppData\Roaming\Code\User\globalStorage\redhat.java\1.41.1\config_win\org.eclipse.equinox.launcher\org.eclipse.equinox.launcher.win32.win32.x86_64_1.2.1300.v20250331-1702\eclipse_11911.dll
Event: 14.229 Loaded shared library C:\Users\user\AppData\Local\Temp\jna-3599307\jna2092279224114419201.dll

Deoptimization events (20 events):
Event: 31.191 Thread 0x000001b4ffa78060 Uncommon trap: trap_request=0xffffff45 fr.pc=0x000001b4b2fa93b4 relative=0x0000000000001134
Event: 31.191 Thread 0x000001b4ffa78060 Uncommon trap: reason=unstable_if action=reinterpret pc=0x000001b4b2fa93b4 method=java.util.Properties$LineReader.readLine()I @ 325 c2
Event: 31.191 Thread 0x000001b4ffa78060 DEOPT PACKING pc=0x000001b4b2fa93b4 sp=0x0000007c7b3fdd40
Event: 31.191 Thread 0x000001b4ffa78060 DEOPT UNPACKING pc=0x000001b4b2973aa2 sp=0x0000007c7b3fdcd0 mode 2
Event: 31.198 Thread 0x000001b4ffa78060 DEOPT PACKING pc=0x000001b4ac1e4926 sp=0x0000007c7b3fdce0
Event: 31.198 Thread 0x000001b4ffa78060 DEOPT UNPACKING pc=0x000001b4b2974242 sp=0x0000007c7b3fd1d0 mode 0
Event: 31.202 Thread 0x000001b4ffa78060 DEOPT PACKING pc=0x000001b4ac1e4926 sp=0x0000007c7b3fdce0
Event: 31.202 Thread 0x000001b4ffa78060 DEOPT UNPACKING pc=0x000001b4b2974242 sp=0x0000007c7b3fd1d0 mode 0
Event: 31.202 Thread 0x000001b4ffa78060 DEOPT PACKING pc=0x000001b4ac1e4926 sp=0x0000007c7b3fdce0
Event: 31.202 Thread 0x000001b4ffa78060 DEOPT UNPACKING pc=0x000001b4b2974242 sp=0x0000007c7b3fd1d0 mode 0
Event: 31.203 Thread 0x000001b4ffa78060 DEOPT PACKING pc=0x000001b4ac1e4926 sp=0x0000007c7b3fdce0
Event: 31.203 Thread 0x000001b4ffa78060 DEOPT UNPACKING pc=0x000001b4b2974242 sp=0x0000007c7b3fd1d0 mode 0
Event: 31.204 Thread 0x000001b4ffa78060 DEOPT PACKING pc=0x000001b4ac1e4926 sp=0x0000007c7b3fdce0
Event: 31.204 Thread 0x000001b4ffa78060 DEOPT UNPACKING pc=0x000001b4b2974242 sp=0x0000007c7b3fd1d0 mode 0
Event: 31.204 Thread 0x000001b4ffa78060 DEOPT PACKING pc=0x000001b4ac1e4926 sp=0x0000007c7b3fdce0
Event: 31.204 Thread 0x000001b4ffa78060 DEOPT UNPACKING pc=0x000001b4b2974242 sp=0x0000007c7b3fd1d0 mode 0
Event: 31.341 Thread 0x000001b4ffa7b4e0 DEOPT PACKING pc=0x000001b4ac047bd3 sp=0x0000007c7b5fe890
Event: 31.341 Thread 0x000001b4ffa7b4e0 DEOPT UNPACKING pc=0x000001b4b2974242 sp=0x0000007c7b5fddf8 mode 0
Event: 31.387 Thread 0x000001b4ffa7b4e0 DEOPT PACKING pc=0x000001b4ac047bd3 sp=0x0000007c7b5fe890
Event: 31.391 Thread 0x000001b4ffa7b4e0 DEOPT UNPACKING pc=0x000001b4b2974242 sp=0x0000007c7b5fddf8 mode 0

Classes loaded (20 events):
Event: 25.314 Loading class java/nio/file/FileVisitResult
Event: 25.315 Loading class java/nio/file/FileVisitResult done
Event: 25.587 Loading class java/nio/channels/Channels$ReadableByteChannelImpl
Event: 25.588 Loading class java/nio/channels/Channels$ReadableByteChannelImpl done
Event: 25.588 Loading class java/nio/channels/NonWritableChannelException
Event: 25.589 Loading class java/nio/channels/NonWritableChannelException done
Event: 27.171 Loading class java/util/AbstractList$ListItr
Event: 27.172 Loading class java/util/AbstractList$ListItr done
Event: 29.403 Loading class java/util/WeakHashMap$KeyIterator
Event: 29.404 Loading class java/util/WeakHashMap$KeyIterator done
Event: 30.339 Loading class java/util/concurrent/CompletableFuture$AltResult
Event: 30.340 Loading class java/util/concurrent/CompletableFuture$AltResult done
Event: 30.345 Loading class java/util/concurrent/CompletableFuture$Completion
Event: 30.346 Loading class java/util/concurrent/CompletableFuture$AsynchronousCompletionTask
Event: 30.346 Loading class java/util/concurrent/CompletableFuture$AsynchronousCompletionTask done
Event: 30.347 Loading class java/util/concurrent/CompletableFuture$Completion done
Event: 30.529 Loading class sun/nio/ch/WindowsAsynchronousFileChannelImpl$WriteTask
Event: 30.529 Loading class sun/nio/ch/WindowsAsynchronousFileChannelImpl$WriteTask done
Event: 30.843 Loading class jdk/internal/math/FormattedFPDecimal
Event: 30.846 Loading class jdk/internal/math/FormattedFPDecimal done

Classes unloaded (7 events):
Event: 17.233 Thread 0x000001b4a82aada0 Unloading class 0x000001b4be1a0000 'java/lang/invoke/LambdaForm$MH+0x000001b4be1a0000'
Event: 17.234 Thread 0x000001b4a82aada0 Unloading class 0x000001b4be19fc00 'java/lang/invoke/LambdaForm$MH+0x000001b4be19fc00'
Event: 17.234 Thread 0x000001b4a82aada0 Unloading class 0x000001b4be19f800 'java/lang/invoke/LambdaForm$MH+0x000001b4be19f800'
Event: 17.234 Thread 0x000001b4a82aada0 Unloading class 0x000001b4be19f400 'java/lang/invoke/LambdaForm$MH+0x000001b4be19f400'
Event: 17.234 Thread 0x000001b4a82aada0 Unloading class 0x000001b4be19f000 'java/lang/invoke/LambdaForm$BMH+0x000001b4be19f000'
Event: 17.234 Thread 0x000001b4a82aada0 Unloading class 0x000001b4be19ec00 'java/lang/invoke/LambdaForm$DMH+0x000001b4be19ec00'
Event: 17.234 Thread 0x000001b4a82aada0 Unloading class 0x000001b4be19dc00 'java/lang/invoke/LambdaForm$DMH+0x000001b4be19dc00'

Classes redefined (0 events):
No events

Internal exceptions (20 events):
Event: 25.670 Thread 0x000001b4ffa7b4e0 Exception <a 'java/lang/NoSuchMethodError'{0x00000000eb29f058}: 'java.lang.Object java.lang.invoke.DirectMethodHandle$Holder.invokeSpecial(java.lang.Object, java.lang.Object, java.lang.Object, java.lang.Object, int)'> (0x00000000eb29f058) 
thrown [s\src\hotspot\share\interpreter\linkResolver.cpp, line 773]
Event: 25.671 Thread 0x000001b4ffa7b4e0 Exception <a 'java/lang/NoSuchMethodError'{0x00000000eb2b3fb8}: 'java.lang.Object java.lang.invoke.Invokers$Holder.linkToTargetMethod(java.lang.Object, java.lang.Object, int, java.lang.Object)'> (0x00000000eb2b3fb8) 
thrown [s\src\hotspot\share\interpreter\linkResolver.cpp, line 773]
Event: 26.390 Thread 0x000001b4ffa79410 Exception <a 'sun/nio/fs/WindowsException'{0x00000000ebd14f40}> (0x00000000ebd14f40) 
thrown [s\src\hotspot\share\prims\jni.cpp, line 520]
Event: 26.390 Thread 0x000001b4ffa79410 Exception <a 'sun/nio/fs/WindowsException'{0x00000000ebd15820}> (0x00000000ebd15820) 
thrown [s\src\hotspot\share\prims\jni.cpp, line 520]
Event: 29.034 Thread 0x000001b4ffa7b4e0 Implicit null exception at 0x000001b4b315a160 to 0x000001b4b315a274
Event: 29.416 Thread 0x000001b4ffa79410 Exception <a 'java/io/FileNotFoundException'{0x00000000eae4a8f8}> (0x00000000eae4a8f8) 
thrown [s\src\hotspot\share\prims\jni.cpp, line 520]
Event: 29.417 Thread 0x000001b4ffa79410 Exception <a 'java/io/FileNotFoundException'{0x00000000eae4bca8}> (0x00000000eae4bca8) 
thrown [s\src\hotspot\share\prims\jni.cpp, line 520]
Event: 29.426 Thread 0x000001b4ffa79410 Exception <a 'java/io/FileNotFoundException'{0x00000000eae4cc60}> (0x00000000eae4cc60) 
thrown [s\src\hotspot\share\prims\jni.cpp, line 520]
Event: 29.650 Thread 0x000001b4ffa78060 Exception <a 'sun/nio/fs/WindowsException'{0x00000000eab08a58}> (0x00000000eab08a58) 
thrown [s\src\hotspot\share\prims\jni.cpp, line 520]
Event: 29.650 Thread 0x000001b4ffa78060 Exception <a 'sun/nio/fs/WindowsException'{0x00000000eab09088}> (0x00000000eab09088) 
thrown [s\src\hotspot\share\prims\jni.cpp, line 520]
Event: 29.769 Thread 0x000001b485b7d2d0 Exception <a 'java/io/FileNotFoundException'{0x00000000eace55e0}> (0x00000000eace55e0) 
thrown [s\src\hotspot\share\prims\jni.cpp, line 520]
Event: 30.552 Thread 0x000001b485b7d2d0 Exception <a 'java/lang/IncompatibleClassChangeError'{0x00000000eb485028}: Found class java.lang.Object, but interface was expected> (0x00000000eb485028) 
thrown [s\src\hotspot\share\interpreter\linkResolver.cpp, line 840]
Event: 30.668 Thread 0x000001b4ffa78060 Exception <a 'sun/nio/fs/WindowsException'{0x00000000eb5fc530}> (0x00000000eb5fc530) 
thrown [s\src\hotspot\share\prims\jni.cpp, line 520]
Event: 30.669 Thread 0x000001b4ffa78060 Exception <a 'sun/nio/fs/WindowsException'{0x00000000eb5fce10}> (0x00000000eb5fce10) 
thrown [s\src\hotspot\share\prims\jni.cpp, line 520]
Event: 30.827 Thread 0x000001b4ffa78060 Exception <a 'java/lang/NoSuchMethodError'{0x00000000eac7f798}: 'int java.lang.invoke.DirectMethodHandle$Holder.invokeSpecialIFC(java.lang.Object, java.lang.Object, java.lang.Object, java.lang.Object)'> (0x00000000eac7f798) 
thrown [s\src\hotspot\share\interpreter\linkResolver.cpp, line 773]
Event: 30.970 Thread 0x000001b4ffa78060 Exception <a 'java/io/FileNotFoundException'{0x00000000eaeaf428}> (0x00000000eaeaf428) 
thrown [s\src\hotspot\share\prims\jni.cpp, line 520]
Event: 30.972 Thread 0x000001b4ffa78060 Exception <a 'java/io/FileNotFoundException'{0x00000000eaeb0670}> (0x00000000eaeb0670) 
thrown [s\src\hotspot\share\prims\jni.cpp, line 520]
Event: 30.990 Thread 0x000001b4ffa78060 Exception <a 'java/io/FileNotFoundException'{0x00000000eaeb6f90}> (0x00000000eaeb6f90) 
thrown [s\src\hotspot\share\prims\jni.cpp, line 520]
Event: 30.992 Thread 0x000001b4ffa78060 Exception <a 'java/io/FileNotFoundException'{0x00000000eaeb86d8}> (0x00000000eaeb86d8) 
thrown [s\src\hotspot\share\prims\jni.cpp, line 520]
Event: 30.993 Thread 0x000001b4ffa78060 Exception <a 'java/io/FileNotFoundException'{0x00000000eaeedef8}> (0x00000000eaeedef8) 
thrown [s\src\hotspot\share\prims\jni.cpp, line 520]

ZGC Phase Switch (0 events):
No events

VM Operations (20 events):
Event: 28.952 Executing VM operation: ParallelGCFailedAllocation (Allocation Failure)
Event: 28.974 Executing VM operation: ParallelGCFailedAllocation (Allocation Failure) done
Event: 29.135 Executing VM operation: ParallelGCFailedAllocation (Allocation Failure)
Event: 29.141 Executing VM operation: ParallelGCFailedAllocation (Allocation Failure) done
Event: 29.370 Executing VM operation: ParallelGCFailedAllocation (Allocation Failure)
Event: 29.375 Executing VM operation: ParallelGCFailedAllocation (Allocation Failure) done
Event: 29.637 Executing VM operation: ParallelGCFailedAllocation (Allocation Failure)
Event: 29.644 Executing VM operation: ParallelGCFailedAllocation (Allocation Failure) done
Event: 29.733 Executing VM operation: HandshakeAllThreads (Deoptimize)
Event: 29.745 Executing VM operation: HandshakeAllThreads (Deoptimize) done
Event: 29.924 Executing VM operation: ParallelGCFailedAllocation (Allocation Failure)
Event: 29.929 Executing VM operation: ParallelGCFailedAllocation (Allocation Failure) done
Event: 30.237 Executing VM operation: ParallelGCFailedAllocation (Allocation Failure)
Event: 30.242 Executing VM operation: ParallelGCFailedAllocation (Allocation Failure) done
Event: 30.719 Executing VM operation: ParallelGCFailedAllocation (Allocation Failure)
Event: 30.726 Executing VM operation: ParallelGCFailedAllocation (Allocation Failure) done
Event: 30.887 Executing VM operation: HandshakeAllThreads (Deoptimize)
Event: 30.887 Executing VM operation: HandshakeAllThreads (Deoptimize) done
Event: 31.365 Executing VM operation: ParallelGCFailedAllocation (Allocation Failure)
Event: 31.371 Executing VM operation: ParallelGCFailedAllocation (Allocation Failure) done

Memory protections (0 events):
No events

Nmethod flushes (20 events):
Event: 20.632 Thread 0x000001b4a82aada0 flushing  nmethod 0x000001b4aba68b90
Event: 20.632 Thread 0x000001b4a82aada0 flushing  nmethod 0x000001b4aba6b090
Event: 20.632 Thread 0x000001b4a82aada0 flushing  nmethod 0x000001b4aba90910
Event: 20.632 Thread 0x000001b4a82aada0 flushing  nmethod 0x000001b4aba90d10
Event: 20.632 Thread 0x000001b4a82aada0 flushing  nmethod 0x000001b4aba91610
Event: 20.632 Thread 0x000001b4a82aada0 flushing  nmethod 0x000001b4aba94b10
Event: 20.632 Thread 0x000001b4a82aada0 flushing  nmethod 0x000001b4aba96810
Event: 20.632 Thread 0x000001b4a82aada0 flushing  nmethod 0x000001b4aba98090
Event: 20.632 Thread 0x000001b4a82aada0 flushing  nmethod 0x000001b4aba98d90
Event: 20.632 Thread 0x000001b4a82aada0 flushing  nmethod 0x000001b4aba99a10
Event: 20.632 Thread 0x000001b4a82aada0 flushing  nmethod 0x000001b4aba9a010
Event: 20.632 Thread 0x000001b4a82aada0 flushing  nmethod 0x000001b4aba9ac90
Event: 20.632 Thread 0x000001b4a82aada0 flushing  nmethod 0x000001b4abaa9d90
Event: 20.632 Thread 0x000001b4a82aada0 flushing  nmethod 0x000001b4abae5f10
Event: 20.632 Thread 0x000001b4a82aada0 flushing  nmethod 0x000001b4abaeac10
Event: 20.632 Thread 0x000001b4a82aada0 flushing  nmethod 0x000001b4abaf2b90
Event: 20.632 Thread 0x000001b4a82aada0 flushing  nmethod 0x000001b4abb36410
Event: 20.632 Thread 0x000001b4a82aada0 flushing  nmethod 0x000001b4abb68910
Event: 20.632 Thread 0x000001b4a82aada0 flushing  nmethod 0x000001b4abb9fe10
Event: 20.632 Thread 0x000001b4a82aada0 flushing  nmethod 0x000001b4abbbf410

Events (20 events):
Event: 14.298 Thread 0x000001b4ff81a540 Thread added: 0x000001b4ff96b4f0
Event: 14.419 Thread 0x000001b4ff81a540 Thread added: 0x000001b4ffa79410
Event: 14.532 Thread 0x000001b4ffa79410 Thread added: 0x000001b4ffa78060
Event: 18.765 Thread 0x000001b4ffa79410 Thread added: 0x000001b4ffa786f0
Event: 19.711 Thread 0x000001b4ff81a540 Thread added: 0x000001b4ffa7b4e0
Event: 20.555 Thread 0x000001b4ffa786f0 Thread added: 0x000001b4ffa78d80
Event: 20.733 Thread 0x000001b4ffa78d80 Thread added: 0x000001b4ffa79aa0
Event: 20.869 Thread 0x000001b4a81f1310 Thread added: 0x000001b4ffa7a130
Event: 20.870 Thread 0x000001b4a81f1310 Thread added: 0x000001b4ffa7a7c0
Event: 20.870 Thread 0x000001b4a81f1310 Thread added: 0x000001b4ffa7ae50
Event: 20.872 Thread 0x000001b4a81f1310 Thread added: 0x000001b485b7ab70
Event: 20.875 Thread 0x000001b4a81f1310 Thread added: 0x000001b485b79130
Event: 20.879 Thread 0x000001b4a81f1310 Thread added: 0x000001b485b78aa0
Event: 20.880 Thread 0x000001b4a81f1310 Thread added: 0x000001b485b797c0
Event: 20.882 Thread 0x000001b4a81f1310 Thread added: 0x000001b485b79e50
Event: 20.882 Thread 0x000001b4a81f1310 Thread added: 0x000001b485b7b890
Event: 20.956 Thread 0x000001b4a81f1310 Thread added: 0x000001b485b7b200
Event: 21.316 Thread 0x000001b4a81f1310 Thread added: 0x000001b485b7a4e0
Event: 21.316 Thread 0x000001b4a81f1310 Thread added: 0x000001b485b7d2d0
Event: 22.614 Thread 0x000001b4844cb5c0 Thread exited: 0x000001b4844cb5c0


Dynamic libraries:
0x00007ff7c0c30000 - 0x00007ff7c0c3e000 	c:\Users\user\.vscode\extensions\redhat.java-1.41.1-win32-x64\jre\21.0.6-win32-x86_64\bin\java.exe
0x00007ffa15880000 - 0x00007ffa15a89000 	C:\WINDOWS\SYSTEM32\ntdll.dll
0x00007ffa14e90000 - 0x00007ffa14f4d000 	C:\WINDOWS\System32\KERNEL32.DLL
0x00007ffa130a0000 - 0x00007ffa13424000 	C:\WINDOWS\System32\KERNELBASE.dll
0x00007ffa12dc0000 - 0x00007ffa12ed1000 	C:\WINDOWS\System32\ucrtbase.dll
0x00007ffa03c60000 - 0x00007ffa03c78000 	c:\Users\user\.vscode\extensions\redhat.java-1.41.1-win32-x64\jre\21.0.6-win32-x86_64\bin\jli.dll
0x00007ffa03c40000 - 0x00007ffa03c5e000 	c:\Users\user\.vscode\extensions\redhat.java-1.41.1-win32-x64\jre\21.0.6-win32-x86_64\bin\VCRUNTIME140.dll
0x00007ffa13c20000 - 0x00007ffa13dcd000 	C:\WINDOWS\System32\USER32.dll
0x00007ffa12d10000 - 0x00007ffa12d36000 	C:\WINDOWS\System32\win32u.dll
0x00007ff9ff3c0000 - 0x00007ff9ff665000 	C:\WINDOWS\WinSxS\amd64_microsoft.windows.common-controls_6595b64144ccf1df_6.0.22000.120_none_9d947278b86cc467\COMCTL32.dll
0x00007ffa13b00000 - 0x00007ffa13b2a000 	C:\WINDOWS\System32\GDI32.dll
0x00007ffa13a10000 - 0x00007ffa13ab3000 	C:\WINDOWS\System32\msvcrt.dll
0x00007ffa12ee0000 - 0x00007ffa12ffe000 	C:\WINDOWS\System32\gdi32full.dll
0x00007ffa13000000 - 0x00007ffa1309d000 	C:\WINDOWS\System32\msvcp_win.dll
0x00007ffa13940000 - 0x00007ffa13971000 	C:\WINDOWS\System32\IMM32.DLL
0x00007ffa0fb90000 - 0x00007ffa0fb9c000 	c:\Users\user\.vscode\extensions\redhat.java-1.41.1-win32-x64\jre\21.0.6-win32-x86_64\bin\vcruntime140_1.dll
0x00007ff9e68a0000 - 0x00007ff9e692d000 	c:\Users\user\.vscode\extensions\redhat.java-1.41.1-win32-x64\jre\21.0.6-win32-x86_64\bin\msvcp140.dll
0x00007ff998660000 - 0x00007ff9993f0000 	c:\Users\user\.vscode\extensions\redhat.java-1.41.1-win32-x64\jre\21.0.6-win32-x86_64\bin\server\jvm.dll
0x00007ffa14730000 - 0x00007ffa147de000 	C:\WINDOWS\System32\ADVAPI32.dll
0x00007ffa137c0000 - 0x00007ffa1385e000 	C:\WINDOWS\System32\sechost.dll
0x00007ffa13dd0000 - 0x00007ffa13ef1000 	C:\WINDOWS\System32\RPCRT4.dll
0x00007ffa13ba0000 - 0x00007ffa13c0f000 	C:\WINDOWS\System32\WS2_32.dll
0x00007ffa0bad0000 - 0x00007ffa0bb03000 	C:\WINDOWS\SYSTEM32\WINMM.dll
0x00007ffa12be0000 - 0x00007ffa12c2d000 	C:\WINDOWS\SYSTEM32\POWRPROF.dll
0x00007ffa0baa0000 - 0x00007ffa0baaa000 	C:\WINDOWS\SYSTEM32\VERSION.dll
0x00007ffa12b10000 - 0x00007ffa12b23000 	C:\WINDOWS\SYSTEM32\UMPDC.dll
0x00007ffa11d80000 - 0x00007ffa11d98000 	C:\WINDOWS\SYSTEM32\kernel.appcore.dll
0x00007ffa0ec40000 - 0x00007ffa0ec4a000 	c:\Users\user\.vscode\extensions\redhat.java-1.41.1-win32-x64\jre\21.0.6-win32-x86_64\bin\jimage.dll
0x00007ff9ff840000 - 0x00007ff9ffa61000 	C:\WINDOWS\SYSTEM32\DBGHELP.DLL
0x00007ff9ff800000 - 0x00007ff9ff831000 	C:\WINDOWS\SYSTEM32\dbgcore.DLL
0x00007ffa12d40000 - 0x00007ffa12dbf000 	C:\WINDOWS\System32\bcryptPrimitives.dll
0x00007ffa040a0000 - 0x00007ffa040af000 	c:\Users\user\.vscode\extensions\redhat.java-1.41.1-win32-x64\jre\21.0.6-win32-x86_64\bin\instrument.dll
0x00007ff9ff320000 - 0x00007ff9ff33f000 	c:\Users\user\.vscode\extensions\redhat.java-1.41.1-win32-x64\jre\21.0.6-win32-x86_64\bin\java.dll
0x00007ffa13f60000 - 0x00007ffa14725000 	C:\WINDOWS\System32\SHELL32.dll
0x00007ffa10de0000 - 0x00007ffa11642000 	C:\WINDOWS\SYSTEM32\windows.storage.dll
0x00007ffa14b10000 - 0x00007ffa14e86000 	C:\WINDOWS\System32\combase.dll
0x00007ffa10c70000 - 0x00007ffa10dd7000 	C:\WINDOWS\SYSTEM32\wintypes.dll
0x00007ffa15590000 - 0x00007ffa1567a000 	C:\WINDOWS\System32\SHCORE.dll
0x00007ffa13b40000 - 0x00007ffa13b9d000 	C:\WINDOWS\System32\shlwapi.dll
0x00007ffa12c40000 - 0x00007ffa12c65000 	C:\WINDOWS\SYSTEM32\profapi.dll
0x00007ff9f4110000 - 0x00007ff9f4128000 	c:\Users\user\.vscode\extensions\redhat.java-1.41.1-win32-x64\jre\21.0.6-win32-x86_64\bin\zip.dll
0x00007ffa03c30000 - 0x00007ffa03c40000 	C:\Users\user\.vscode\extensions\redhat.java-1.41.1-win32-x64\jre\21.0.6-win32-x86_64\bin\net.dll
0x00007ffa0cb90000 - 0x00007ffa0cca4000 	C:\WINDOWS\SYSTEM32\WINHTTP.dll
0x00007ffa12230000 - 0x00007ffa12297000 	C:\WINDOWS\system32\mswsock.dll
0x00007ff9f3f60000 - 0x00007ff9f3f76000 	C:\Users\user\.vscode\extensions\redhat.java-1.41.1-win32-x64\jre\21.0.6-win32-x86_64\bin\nio.dll
0x00007ffa03a60000 - 0x00007ffa03a70000 	c:\Users\user\.vscode\extensions\redhat.java-1.41.1-win32-x64\jre\21.0.6-win32-x86_64\bin\verify.dll
0x00007ff9ebac0000 - 0x00007ff9ebb05000 	C:\Users\user\AppData\Roaming\Code\User\globalStorage\redhat.java\1.41.1\config_win\org.eclipse.equinox.launcher\org.eclipse.equinox.launcher.win32.win32.x86_64_1.2.1300.v20250331-1702\eclipse_11911.dll
0x00007ffa147e0000 - 0x00007ffa1497a000 	C:\WINDOWS\System32\ole32.dll
0x00007ffa12470000 - 0x00007ffa12488000 	C:\WINDOWS\SYSTEM32\CRYPTSP.dll
0x00007ffa11ce0000 - 0x00007ffa11d15000 	C:\WINDOWS\system32\rsaenh.dll
0x00007ffa12320000 - 0x00007ffa1234c000 	C:\WINDOWS\SYSTEM32\USERENV.dll
0x00007ffa125f0000 - 0x00007ffa12617000 	C:\WINDOWS\SYSTEM32\bcrypt.dll
0x00007ffa12490000 - 0x00007ffa1249c000 	C:\WINDOWS\SYSTEM32\CRYPTBASE.dll
0x00007ffa118a0000 - 0x00007ffa118cd000 	C:\WINDOWS\SYSTEM32\IPHLPAPI.DLL
0x00007ffa13c10000 - 0x00007ffa13c19000 	C:\WINDOWS\System32\NSI.dll
0x00007ff9e6850000 - 0x00007ff9e6899000 	C:\Users\user\AppData\Local\Temp\jna-3599307\jna2092279224114419201.dll
0x00007ffa15580000 - 0x00007ffa15588000 	C:\WINDOWS\System32\PSAPI.DLL
0x00007ffa0c750000 - 0x00007ffa0c769000 	C:\WINDOWS\SYSTEM32\dhcpcsvc6.DLL
0x00007ffa0d9e0000 - 0x00007ffa0d9fe000 	C:\WINDOWS\SYSTEM32\dhcpcsvc.DLL

dbghelp: loaded successfully - version: 4.0.5 - missing functions: none
symbol engine: initialized successfully - sym options: 0x614 - pdb path: .;c:\Users\user\.vscode\extensions\redhat.java-1.41.1-win32-x64\jre\21.0.6-win32-x86_64\bin;C:\WINDOWS\SYSTEM32;C:\WINDOWS\WinSxS\amd64_microsoft.windows.common-controls_6595b64144ccf1df_6.0.22000.120_none_9d947278b86cc467;c:\Users\user\.vscode\extensions\redhat.java-1.41.1-win32-x64\jre\21.0.6-win32-x86_64\bin\server;C:\Users\user\AppData\Roaming\Code\User\globalStorage\redhat.java\1.41.1\config_win\org.eclipse.equinox.launcher\org.eclipse.equinox.launcher.win32.win32.x86_64_1.2.1300.v20250331-1702;C:\Users\user\AppData\Local\Temp\jna-3599307

VM Arguments:
jvm_args: --add-modules=ALL-SYSTEM --add-opens=java.base/java.util=ALL-UNNAMED --add-opens=java.base/java.lang=ALL-UNNAMED --add-opens=java.base/sun.nio.fs=ALL-UNNAMED -Declipse.application=org.eclipse.jdt.ls.core.id1 -Dosgi.bundles.defaultStartLevel=4 -Declipse.product=org.eclipse.jdt.ls.core.product -Djava.import.generatesMetadataFilesAtProjectRoot=false -DDetectVMInstallationsJob.disabled=true -Dfile.encoding=utf8 -XX:+UseParallelGC -XX:GCTimeRatio=4 -XX:AdaptiveSizePolicyWeight=90 -Dsun.zip.disableMemoryMapping=true -Xmx1G -Xms100m -Xlog:disable -javaagent:c:\Users\user\.vscode\extensions\redhat.java-1.41.1-win32-x64\lombok\lombok-1.18.36.jar -XX:+HeapDumpOnOutOfMemoryError -XX:HeapDumpPath=c:\Users\user\AppData\Roaming\Code\User\workspaceStorage\ffe298c737c89d61c8d6891e51d41bf3\redhat.java -Daether.dependencyCollector.impl=bf 
java_command: c:\Users\user\.vscode\extensions\redhat.java-1.41.1-win32-x64\server\plugins\org.eclipse.equinox.launcher_1.7.0.v20250331-1702.jar -configuration c:\Users\user\AppData\Roaming\Code\User\globalStorage\redhat.java\1.41.1\config_win -data c:\Users\user\AppData\Roaming\Code\User\workspaceStorage\ffe298c737c89d61c8d6891e51d41bf3\redhat.java\jdt_ws --pipe=\\.\pipe\lsp-d68da4044956ab26dd0574310c494796-sock
java_class_path (initial): c:\Users\user\.vscode\extensions\redhat.java-1.41.1-win32-x64\server\plugins\org.eclipse.equinox.launcher_1.7.0.v20250331-1702.jar
Launcher Type: SUN_STANDARD

[Global flags]
    uintx AdaptiveSizePolicyWeight                 = 90                                        {product} {command line}
     intx CICompilerCount                          = 4                                         {product} {ergonomic}
    uintx GCTimeRatio                              = 4                                         {product} {command line}
     bool HeapDumpOnOutOfMemoryError               = true                                   {manageable} {command line}
    ccstr HeapDumpPath                             = c:\Users\user\AppData\Roaming\Code\User\workspaceStorage\ffe298c737c89d61c8d6891e51d41bf3\redhat.java         {manageable} {command line}
   size_t InitialHeapSize                          = 104857600                                 {product} {command line}
   size_t MaxHeapSize                              = 1073741824                                {product} {command line}
   size_t MaxNewSize                               = 357564416                                 {product} {ergonomic}
   size_t MinHeapDeltaBytes                        = 524288                                    {product} {ergonomic}
   size_t MinHeapSize                              = 104857600                                 {product} {command line}
   size_t NewSize                                  = 34603008                                  {product} {ergonomic}
    uintx NonNMethodCodeHeapSize                   = 5839372                                {pd product} {ergonomic}
    uintx NonProfiledCodeHeapSize                  = 122909434                              {pd product} {ergonomic}
   size_t OldSize                                  = 70254592                                  {product} {ergonomic}
    uintx ProfiledCodeHeapSize                     = 122909434                              {pd product} {ergonomic}
    uintx ReservedCodeCacheSize                    = 251658240                              {pd product} {ergonomic}
     bool SegmentedCodeCache                       = true                                      {product} {ergonomic}
   size_t SoftMaxHeapSize                          = 1073741824                             {manageable} {ergonomic}
     bool UseCompressedOops                        = true                           {product lp64_product} {ergonomic}
     bool UseLargePagesIndividualAllocation        = false                                  {pd product} {ergonomic}
     bool UseParallelGC                            = true                                      {product} {command line}

Logging:
Log output configuration:
 #0: stdout all=off uptime,level,tags foldmultilines=false
 #1: stderr all=off uptime,level,tags foldmultilines=false

Environment Variables:
JAVA_HOME=C:\Program Files\Java\jdk-21
PATH=C:\Users\user\AppData\Local\Microsoft\WindowsApps;C:\Users\user\OneDrive\ \PyCharm Community Edition 2023.1\bin;C:;Users\user\AppData\Local\Programs\Microsoft VS Code\bin;C:\Users\user\.dotnet\tools;C:\Users\user\AppData\Roaming\npm;C:\Program Files\Apache\Maven\apache-maven-3.9.9-bin\apache-maven-3.9.9\bin;C:\Program Files\Java\jdk-21\bin;C:\Program Files\Git\cmd;C:\Users\user\AppData\Local\nvm;C:\nvm4w\nodejs;C:\Users\user\AppData\Roaming\nvm;C:\Users\user\AppData\Roaming\nvm\nodejs;C:\Users\user\AppData\Local\Microsoft\WindowsApps;C:\Users\user\OneDrive\ \PyCharm Community Edition 2023.1\bin;;C:\Users\user\AppData\Local\Programs\Microsoft VS Code\bin;C:\Users\user\.dotnet\tools;C:\Program Files\Apache\Maven\apache-maven-3.9.9-bin\apache-maven-3.9.9\bin;C:\Program Files\Java\jdk-21\bin;C:\Program Files\nodejs\;C:\Users\user\AppData\Local\nvm;C:\nvm4w\nodejs;C:\Program Files (x86)\ESTsoft\ALSee\x64
USERNAME=user
TMPDIR=C:\Users\Public\Documents\ESTsoft\CreatorTemp
OS=Windows_NT
PROCESSOR_IDENTIFIER=Intel64 Family 6 Model 142 Stepping 12, GenuineIntel
TMP=C:\Users\user\AppData\Local\Temp
TEMP=C:\Users\user\AppData\Local\Temp




Periodic native trim disabled

---------------  S Y S T E M  ---------------

OS:
 Windows 11 , 64 bit Build 22000 (10.0.22000.2538)
OS uptime: 10 days 22:43 hours

CPU: total 8 (initial active 8) (4 cores per cpu, 2 threads per core) family 6 model 142 stepping 12 microcode 0xde, cx8, cmov, fxsr, ht, mmx, 3dnowpref, sse, sse2, sse3, ssse3, sse4.1, sse4.2, popcnt, lzcnt, tsc, tscinvbit, avx, avx2, aes, erms, clmul, bmi1, bmi2, adx, fma, vzeroupper, clflush, clflushopt, rdtscp, f16c
Processor Information for the first 8 processors :
  Max Mhz: 1800, Current Mhz: 1600, Mhz Limit: 1584

Memory: 4k page, system-wide physical 3987M (31M free)
TotalPageFile size 16275M (AvailPageFile size 0M)
current process WorkingSet (physical memory assigned to process): 210M, peak: 210M
current process commit charge ("private bytes"): 294M, peak: 304M

vm_info: OpenJDK 64-Bit Server VM (21.0.6+7-LTS) for windows-amd64 JRE (21.0.6+7-LTS), built on 2025-01-21T00:00:00Z by "admin" with MS VC++ 17.7 (VS2022)

END.
